2018-04-05 19:15:55,113 :: INFO :: twitter newscrawl-test (version 0.0.1) initialised.
2018-04-05 19:15:55,114 :: WARNING :: WARNING: pls set parallelRequests!!!!!!!!!!!!!
2018-04-05 19:15:55,382 :: INFO :: Reseting tor services...
2018-04-05 19:15:55,974 :: INFO :: Tor services reseted.
2018-04-05 19:15:55,975 :: INFO :: Initializing tor services...
2018-04-05 19:15:57,009 :: INFO :: Tor services initialized.
2018-04-05 19:15:57,010 :: INFO :: New params:
{
	parallelRequests: 2,
	browserCount: 2,
	proxyInstanciationRate: 
	{
		beta: NormalizedLawBeta.LOG,
		alpha: 0.99
	}
}
2018-04-05 19:15:57,010 :: INFO :: Reseting tor services...
2018-04-05 19:15:57,571 :: INFO :: Tor services reseted.
2018-04-05 19:15:57,571 :: INFO :: Initializing tor services...
2018-04-05 19:15:58,576 :: INFO :: Tor services initialized.
2018-04-05 19:15:58,577 :: INFO :: Proxies instanciation (score (mean duration in seconds), ip, instanciation):
0	198.12.121.216	-
0	198.12.121.233	-
0	107.150.70.6	
0	104.160.13.170	
0	104.144.153.56	
0	104.160.30.179	
0	196.16.11.165	

2018-04-05 19:15:58,584 :: INFO :: This url is already in newscrawl: http://bit.ly/2DVd8jm
2018-04-05 19:15:58,586 :: INFO :: This url is already in newscrawl: http://www.reuters.com/article/us-philippines-politics-robredo-idUSKBN1411NN?feedType=RSS&feedName=worldNews&utm_source=dlvr.it&utm_medium=twitter
2018-04-05 19:15:58,588 :: INFO :: This url is already in newscrawl: http://www.thehindu.com/news/Heavy-rains-likely-over-north-interior-T.N.-south-Karnataka-and-north-Kerala/article16793334.ece
2018-04-05 19:15:58,590 :: INFO :: This url is already in newscrawl: https://www.cbsnews.com/news/2-cops-shot-but-shoot-back-while-serving-drugs-search-warrant-in-georgia/
2018-04-05 19:15:58,592 :: INFO :: This url is already in newscrawl: http://www.reuters.com/article/idUSASC09MY8?type=companyNews&feedType=RSS&feedName=companyNews
2018-04-05 19:15:58,595 :: INFO :: This url is already in newscrawl: http://www.taipeitimes.com/News/biz/print/2008/02/23/2003402550
2018-04-05 19:15:58,597 :: INFO :: This url is already in newscrawl: https://www.washingtonpost.com/world/chinese-paper-calls-trump-as-ignorant-as-a-childafter-taiwan-comment/2016/12/12/d91fbaea-c02c-11e6-b20d-3075b273feeb_story.html
2018-04-05 19:15:58,599 :: INFO :: This url is already in newscrawl: http://www.independent.co.uk/news/uk/home-news/national-action-british-neo-nazi-group-to-be-classed-as-terror-organisation-and-banned-first-time-a7468136.html
2018-04-05 19:15:58,601 :: INFO :: This url is already in newscrawl: https://www.washingtonpost.com/blogs/plum-line/wp/2016/12/12/top-republicans-respond-to-russia-news-with-ludicrous-and-dangerous-spin/?utm_term=.f8366a27fc42
2018-04-05 19:15:58,608 :: INFO :: Failed enough in failsSD: https://www.alternet.org/activism/8-strategies-confronting-hate-dont-involve-safety-pin
2018-04-05 19:15:58,614 :: INFO :: This url is already in newscrawl: https://www.theguardian.com/australia-news/2016/dec/12/dylan-voller-says-he-felt-defenceless-panicked-restraint-chair-don-dale-northern-territory?CMP=share_btn_tw
2018-04-05 19:15:58,619 :: INFO :: This url is already in newscrawl: https://www.theguardian.com/us-news/2016/dec/12/american-muslims-march-white-house-nseers?utm_source=dlvr.it&utm_medium=twitter
2018-04-05 19:15:58,623 :: INFO :: This url is already in newscrawl: https://www.theguardian.com/us-news/2016/dec/12/donald-trump-environment-climate-change-skeptics?CMP=Share_AndroidApp_Tweet
2018-04-05 19:15:58,625 :: INFO :: This url is already in newscrawl: http://www.reuters.com/article/us-eu-congo-sanctions-idUSKBN1411RY?feedType=RSS&feedName=worldNews&utm_source=dlvr.it&utm_medium=twitter
2018-04-05 19:15:58,626 :: INFO :: This url is already in newscrawl: http://www.truth-out.org/opinion/item/38682-socialism-for-the-rich-capitalism-for-the-poor-an-interview-with-noam-chomsky
2018-04-05 19:15:58,628 :: INFO :: This url is already in newscrawl: http://www.corrections.com/articles/45006?utm_source=dlvr.it&utm_medium=twitter
2018-04-05 19:15:58,631 :: INFO :: This url is already in newscrawl: https://www.huffingtonpost.com/entry/natasha-stoynoff-donald-trump-witnesses-people-magazine_us_58067448e4b0b994d4c21138?ncid=engmodushpmg00000004
2018-04-05 19:15:58,636 :: INFO :: This url is already in newscrawl: https://www.theguardian.com/global-development/2017/jan/13/human-rights-abuses-bahrain-cast-shadow-over-2m-uk-aid-support
2018-04-05 19:15:58,638 :: INFO :: This url is already in newscrawl: http://www.breitbart.com/big-government/2017/01/14/tancredo-report-reveals-massive-indoctrination-students-universities-transformative-civic-engagement/
2018-04-05 19:15:58,639 :: INFO :: This url is already in newscrawl: https://www.christiancentury.org/blog-post/how-king%E2%80%99s-political-vision-became-politically-irrelevant
2018-04-05 19:15:58,641 :: INFO :: This url is already in newscrawl: http://guardian.ng/news/borno-bans-sales-of-charcoal-firewood-on-streets/?F
2018-04-05 19:15:58,643 :: INFO :: This url is already in newscrawl: https://www.forbes.com/sites/insertcoin/2017/01/15/how-to-fix-pokemon-gos-annoying-ios-audio-dampening-bug/?utm_source=yahoo&utm_medium=partner&utm_campaign=yahootix&partner=yahootix#7ebfead722d3
2018-04-05 19:15:58,644 :: INFO :: This url is already in newscrawl: http://www.telegraph.co.uk/news/2017/01/15/anis-amri-high-ecstasy-cocaine-berlin-market-attack/
2018-04-05 19:15:58,647 :: INFO :: This url is already in newscrawl: https://www.fastcompany.com/3066849/qualcomm-drones-vr-cars-satellites
2018-04-05 19:15:58,649 :: INFO :: This url is already in newscrawl: http://mashable.com/2017/01/14/niagara-falls-runs-dry/?utm_cid=hp-h-7#g4HW5mbDX5qj
2018-04-05 19:15:58,650 :: INFO :: This url is already in newscrawl: http://www.miamiherald.com/news/nation-world/world/americas/guantanamo/article123591209.html
2018-04-05 19:15:58,652 :: INFO :: This url is already in newscrawl: http://www.presidency.ucsb.edu/ws/index.php?pid=14392&st=&st1=
2018-04-05 19:15:58,653 :: INFO :: This url is already in newscrawl: https://www.huffingtonpost.com/entry/cornell-william-brooks-donald-trump_us_587a8a9ae4b09281d0eb4a51?ncid=engmodushpmg00000004
2018-04-05 19:15:58,654 :: INFO :: This url is already in newscrawl: https://hotair.com/archives/2017/01/15/latest-hot-rumor-trump-to-boot-the-press-corps-from-the-white-house/
2018-04-05 19:15:58,656 :: INFO :: This url is already in newscrawl: http://news.sky.com/story/hunt-to-get-15m-payout-from-hotcourses-sale-amid-nhs-crisis-10730426
2018-04-05 19:15:58,657 :: INFO :: This url is already in newscrawl: https://www.huffingtonpost.com/entry/mike-coffman-pushback-obamacare-repeal_us_587b8ca4e4b09281d0eb5f7c?ncid=engmodushpmg00000004
2018-04-05 19:15:58,659 :: INFO :: This url is already in newscrawl: http://www.express.co.uk/showbiz/tv-radio/754491/Celebrity-Big-Brother-2017-Calum-Best-evicted-next-one-way-ticket-James-Jordan-CBB
2018-04-05 19:15:58,662 :: INFO :: Failed enough in failsSD: http://www.wnd.com/2017/01/social-justice-incompatible-with-end-times-focus/
2018-04-05 19:15:58,663 :: INFO :: This url is already in newscrawl: https://www.policeone.com/patrol-issues/articles/279911006-Ponch-and-Jon-are-back-in-CHiPs-movie-trailer/?utm_source=dlvr.it&utm_medium=twitter
2018-04-05 19:15:58,664 :: INFO :: This url is already in newscrawl: http://www.star-telegram.com/news/state/texas/article126536929.html
2018-04-05 19:15:58,666 :: INFO :: This url is already in newscrawl: http://www.express.co.uk/news/uk/754196/army-housing-soldiers-hotels-taxpayers-accommodation-crisis
2018-04-05 19:15:58,668 :: INFO :: This url is already in newscrawl: https://www.yahoo.com/news/germanys-merkel-warns-trump-against-protectionism-140002428.html
2018-04-05 19:15:58,671 :: INFO :: This url is already in newscrawl: http://www.hindustantimes.com/india-news/singham-redux-mp-town-protests-transfer-of-ips-officer-who-busted-hawala-racket/story-H2r6eRSVirSexihx2eTReI.html
2018-04-05 19:15:58,672 :: INFO :: This url is already in newscrawl: http://www.cbc.ca/1.3935762-
2018-04-05 19:15:58,673 :: INFO :: This url is already in newscrawl: http://insider.foxnews.com/2017/01/14/bikers-trump-wall-meat-inauguration-day-protests-donald-trump
2018-04-05 19:15:58,674 :: INFO :: This url is already in newscrawl: http://www.newsmax.com/MichaelReagan/democrats-russia-ronald-reagan/2016/12/13/id/763730/
2018-04-05 19:15:58,675 :: INFO :: This url is already in newscrawl: https://globalnews.ca/news/3181741/twitter-has-discussed-the-idea-of-banning-donald-trump-report/
2018-04-05 19:15:58,677 :: INFO :: This url is already in newscrawl: http://bleacherreport.com/articles/2687020-australian-open-2017-tv-schedule-day-by-day-listings-for-entire-tournament?utm_source=dlvr.it&utm_medium=twitter
2018-04-05 19:15:58,679 :: INFO :: This url is already in newscrawl: http://observer.com/2017/01/the-clinton-foundation-shuts-down-clinton-global-initiative/#.WHu7nNecaWg.twitter
2018-04-05 19:15:58,681 :: INFO :: This url is already in newscrawl: https://www.theguardian.com/world/2017/jan/15/democrats-inauguration-boycott-john-lewis-trump?CMP=share_btn_tw
2018-04-05 19:15:58,682 :: INFO :: This url is already in newscrawl: https://www.dailykos.com/stories/2017/1/15/1620767/-Watch-a-Republican-Congressman-run-away-from-his-own-meeting-after-huge-turnout-from-constituents
2018-04-05 19:15:58,683 :: INFO :: This url is already in newscrawl: https://www.villagevoice.com/2017/01/11/womens-groups-demand-nypd-reopen-greenpoint-date-rape-cases/
2018-04-05 19:15:58,686 :: INFO :: Failed enough in failsSD: https://blogs.wsj.com/washwire/2017/01/10/unparalleled-resistance-looms-for-trump-after-the-inaugural/
2018-04-05 19:15:58,687 :: INFO :: This url is already in newscrawl: https://www.haaretz.com/israel-news/.premium-1.764782
2018-04-05 19:15:58,689 :: INFO :: This url is already in newscrawl: http://www.sportsnet.ca/hockey/nhl/breaking-jonathan-toewss-career-worst-scoring-output/
2018-04-05 19:15:58,690 :: INFO :: This url is already in newscrawl: https://www.theatlantic.com/international/archive/2017/01/kompromat-trump-dossier/512891/?utm_source=twb
2018-04-05 19:15:58,693 :: INFO :: Failed enough in failsSD: https://www.forbes.com/forbes/welcome/?toURL=https://www.forbes.com/sites/bernardmarr/2016/09/23/how-machine-learning-big-data-and-ai-are-changing-healthcare-forever/&refURL=&referrer=
2018-04-05 19:15:58,694 :: INFO :: This url is already in newscrawl: http://www.independent.co.uk/news/uk/politics/a-c-grayling-general-strike-brexit-coup-parliament-vote-article-50-bristol-interview-remain-eu-a7527831.html
2018-04-05 19:15:58,696 :: INFO :: Failed enough in failsSD: https://naijadailyfeed.wordpress.com/2017/01/15/highlight-manchester-united-1-1-liverpool-premier-league-2017
2018-04-05 19:15:58,698 :: INFO :: Failed enough in failsSD: https://bestofticket.wordpress.com/?p=3650390
2018-04-05 19:15:58,700 :: INFO :: This url is already in newscrawl: https://www.theguardian.com/uk-news/2017/jan/15/hard-brexit-means-retiring-later-britons-warned?CMP=Share_AndroidApp_Tweet
2018-04-05 19:15:58,701 :: INFO :: This url is already in newscrawl: http://www.breitbart.com/sports/2017/01/14/nfl-preview-no-anthem-kneelers-left-save-come-back-nfl-waters/
2018-04-05 19:15:58,704 :: INFO :: This url is already in newscrawl: https://www.theguardian.com/film/2017/jan/14/emily-watson-apple-tree-yard-middle-aged-women-infidelity-sexuality
2018-04-05 19:15:58,705 :: INFO :: This url is already in newscrawl: http://www.telegraph.co.uk/gardening/how-to-grow/pikaplant-maintenance-free-plants-cheer-workplace/
2018-04-05 19:15:58,708 :: INFO :: This url is already in newscrawl: https://www.theguardian.com/global-development-professionals-network/2017/jan/14/aid-in-reverse-how-poor-countries-develop-rich-countries
2018-04-05 19:15:58,710 :: INFO :: This url is already in newscrawl: http://www.ajc.com/news/local/bishop-eddie-long-dies-aggressive-form-cancer-church-says/K7oodHbeXnjyOc3JgVuyVI/
2018-04-05 19:15:58,711 :: INFO :: This url is already in newscrawl: https://www.dailykos.com/stories/2017/01/15/1620784/-Trump-team-warns-ethics-chief-to-be-careful-about-criticizing-Trump
2018-04-05 19:15:58,712 :: INFO :: This url is already in newscrawl: https://mobile.nytimes.com/2017/01/15/arts/donald-trump-saturday-night-live.html?smid=tw-share&referer=
2018-04-05 19:15:58,713 :: INFO :: This url is already in newscrawl: https://mobile.nytimes.com/2017/01/15/us/politics/one-hand-on-light-switch-obama-isnt-flipping-to-off-just-yet.html?referer=
2018-04-05 19:15:58,714 :: INFO :: This url is already in newscrawl: http://comicbook.com/2016/11/03/starship-troopers-reboot-in-development/?utm_campaign=crowdfire&utm_content=crowdfire&utm_medium=social&utm_source=twitter
2018-04-05 19:15:58,715 :: INFO :: This url is already in newscrawl: http://wgntv.com/2017/01/14/ringling-brothers-closing-circus/
2018-04-05 19:15:58,715 :: INFO :: This url is already in newscrawl: http://www.new-magazine.co.uk/celebrity-news/976831/competition-win-a-place-at-a-bridget-jones-themed-boom-cycle-class-and-a-copy-of-the-dvd
2018-04-05 19:17:08,360 :: INFO :: twitter newscrawl-test (version 0.0.1) initialised.
2018-04-05 19:17:08,360 :: WARNING :: WARNING: pls set parallelRequests!!!!!!!!!!!!!
2018-04-05 19:17:08,619 :: INFO :: Reseting tor services...
2018-04-05 19:17:09,177 :: INFO :: Tor services reseted.
2018-04-05 19:17:09,177 :: INFO :: Initializing tor services...
2018-04-05 19:17:10,189 :: INFO :: Tor services initialized.
2018-04-05 19:17:10,191 :: INFO :: New params:
{
	browserCount: 2,
	proxyInstanciationRate: 
	{
		alpha: 0.99,
		beta: NormalizedLawBeta.LOG
	},
	parallelRequests: 2
}
2018-04-05 19:17:10,191 :: INFO :: Reseting tor services...
2018-04-05 19:17:10,751 :: INFO :: Tor services reseted.
2018-04-05 19:17:10,752 :: INFO :: Initializing tor services...
2018-04-05 19:17:11,761 :: INFO :: Tor services initialized.
2018-04-05 19:17:11,762 :: INFO :: Proxies instanciation (score (mean duration in seconds), ip, instanciation):
0	198.12.121.216	-
0	104.160.13.170	-
0	198.12.121.233	
0	104.160.30.179	
0	107.150.70.6	
0	196.16.11.165	
0	104.144.153.56	

2018-04-05 19:17:12,209 :: INFO :: This url is already in newscrawl: http://bit.ly/2DVd8jm
2018-04-05 19:17:12,211 :: INFO :: This url is already in newscrawl: http://www.reuters.com/article/us-philippines-politics-robredo-idUSKBN1411NN?feedType=RSS&feedName=worldNews&utm_source=dlvr.it&utm_medium=twitter
2018-04-05 19:17:12,213 :: INFO :: This url is already in newscrawl: http://www.thehindu.com/news/Heavy-rains-likely-over-north-interior-T.N.-south-Karnataka-and-north-Kerala/article16793334.ece
2018-04-05 19:17:12,214 :: INFO :: This url is already in newscrawl: https://www.cbsnews.com/news/2-cops-shot-but-shoot-back-while-serving-drugs-search-warrant-in-georgia/
2018-04-05 19:17:12,216 :: INFO :: This url is already in newscrawl: http://www.reuters.com/article/idUSASC09MY8?type=companyNews&feedType=RSS&feedName=companyNews
2018-04-05 19:17:12,217 :: INFO :: This url is already in newscrawl: http://www.taipeitimes.com/News/biz/print/2008/02/23/2003402550
2018-04-05 19:17:12,219 :: INFO :: This url is already in newscrawl: https://www.washingtonpost.com/world/chinese-paper-calls-trump-as-ignorant-as-a-childafter-taiwan-comment/2016/12/12/d91fbaea-c02c-11e6-b20d-3075b273feeb_story.html
2018-04-05 19:17:12,220 :: INFO :: This url is already in newscrawl: http://www.independent.co.uk/news/uk/home-news/national-action-british-neo-nazi-group-to-be-classed-as-terror-organisation-and-banned-first-time-a7468136.html
2018-04-05 19:17:12,222 :: INFO :: This url is already in newscrawl: https://www.washingtonpost.com/blogs/plum-line/wp/2016/12/12/top-republicans-respond-to-russia-news-with-ludicrous-and-dangerous-spin/?utm_term=.f8366a27fc42
2018-04-05 19:17:12,227 :: INFO :: Failed enough in failsSD: https://www.alternet.org/activism/8-strategies-confronting-hate-dont-involve-safety-pin
2018-04-05 19:17:12,232 :: INFO :: This url is already in newscrawl: https://www.theguardian.com/australia-news/2016/dec/12/dylan-voller-says-he-felt-defenceless-panicked-restraint-chair-don-dale-northern-territory?CMP=share_btn_tw
2018-04-05 19:17:12,236 :: INFO :: This url is already in newscrawl: https://www.theguardian.com/us-news/2016/dec/12/american-muslims-march-white-house-nseers?utm_source=dlvr.it&utm_medium=twitter
2018-04-05 19:17:12,240 :: INFO :: This url is already in newscrawl: https://www.theguardian.com/us-news/2016/dec/12/donald-trump-environment-climate-change-skeptics?CMP=Share_AndroidApp_Tweet
2018-04-05 19:17:12,242 :: INFO :: This url is already in newscrawl: http://www.reuters.com/article/us-eu-congo-sanctions-idUSKBN1411RY?feedType=RSS&feedName=worldNews&utm_source=dlvr.it&utm_medium=twitter
2018-04-05 19:17:12,243 :: INFO :: This url is already in newscrawl: http://www.truth-out.org/opinion/item/38682-socialism-for-the-rich-capitalism-for-the-poor-an-interview-with-noam-chomsky
2018-04-05 19:17:12,244 :: INFO :: This url is already in newscrawl: http://www.corrections.com/articles/45006?utm_source=dlvr.it&utm_medium=twitter
2018-04-05 19:17:12,245 :: INFO :: This url is already in newscrawl: https://www.huffingtonpost.com/entry/natasha-stoynoff-donald-trump-witnesses-people-magazine_us_58067448e4b0b994d4c21138?ncid=engmodushpmg00000004
2018-04-05 19:17:12,247 :: INFO :: This url is already in newscrawl: https://www.theguardian.com/global-development/2017/jan/13/human-rights-abuses-bahrain-cast-shadow-over-2m-uk-aid-support
2018-04-05 19:17:12,248 :: INFO :: This url is already in newscrawl: http://www.breitbart.com/big-government/2017/01/14/tancredo-report-reveals-massive-indoctrination-students-universities-transformative-civic-engagement/
2018-04-05 19:17:12,249 :: INFO :: This url is already in newscrawl: https://www.christiancentury.org/blog-post/how-king%E2%80%99s-political-vision-became-politically-irrelevant
2018-04-05 19:17:12,249 :: INFO :: This url is already in newscrawl: http://guardian.ng/news/borno-bans-sales-of-charcoal-firewood-on-streets/?F
2018-04-05 19:17:12,250 :: INFO :: This url is already in newscrawl: https://www.forbes.com/sites/insertcoin/2017/01/15/how-to-fix-pokemon-gos-annoying-ios-audio-dampening-bug/?utm_source=yahoo&utm_medium=partner&utm_campaign=yahootix&partner=yahootix#7ebfead722d3
2018-04-05 19:17:12,251 :: INFO :: This url is already in newscrawl: http://www.telegraph.co.uk/news/2017/01/15/anis-amri-high-ecstasy-cocaine-berlin-market-attack/
2018-04-05 19:17:12,252 :: INFO :: This url is already in newscrawl: https://www.fastcompany.com/3066849/qualcomm-drones-vr-cars-satellites
2018-04-05 19:17:12,253 :: INFO :: This url is already in newscrawl: http://mashable.com/2017/01/14/niagara-falls-runs-dry/?utm_cid=hp-h-7#g4HW5mbDX5qj
2018-04-05 19:17:12,254 :: INFO :: This url is already in newscrawl: http://www.miamiherald.com/news/nation-world/world/americas/guantanamo/article123591209.html
2018-04-05 19:17:12,254 :: INFO :: This url is already in newscrawl: http://www.presidency.ucsb.edu/ws/index.php?pid=14392&st=&st1=
2018-04-05 19:17:12,255 :: INFO :: This url is already in newscrawl: https://www.huffingtonpost.com/entry/cornell-william-brooks-donald-trump_us_587a8a9ae4b09281d0eb4a51?ncid=engmodushpmg00000004
2018-04-05 19:17:12,256 :: INFO :: This url is already in newscrawl: https://hotair.com/archives/2017/01/15/latest-hot-rumor-trump-to-boot-the-press-corps-from-the-white-house/
2018-04-05 19:17:12,257 :: INFO :: This url is already in newscrawl: http://news.sky.com/story/hunt-to-get-15m-payout-from-hotcourses-sale-amid-nhs-crisis-10730426
2018-04-05 19:17:12,258 :: INFO :: This url is already in newscrawl: https://www.huffingtonpost.com/entry/mike-coffman-pushback-obamacare-repeal_us_587b8ca4e4b09281d0eb5f7c?ncid=engmodushpmg00000004
2018-04-05 19:17:12,259 :: INFO :: This url is already in newscrawl: http://www.express.co.uk/showbiz/tv-radio/754491/Celebrity-Big-Brother-2017-Calum-Best-evicted-next-one-way-ticket-James-Jordan-CBB
2018-04-05 19:17:12,261 :: INFO :: Failed enough in failsSD: http://www.wnd.com/2017/01/social-justice-incompatible-with-end-times-focus/
2018-04-05 19:17:12,262 :: INFO :: This url is already in newscrawl: https://www.policeone.com/patrol-issues/articles/279911006-Ponch-and-Jon-are-back-in-CHiPs-movie-trailer/?utm_source=dlvr.it&utm_medium=twitter
2018-04-05 19:17:12,263 :: INFO :: This url is already in newscrawl: http://www.star-telegram.com/news/state/texas/article126536929.html
2018-04-05 19:17:12,264 :: INFO :: This url is already in newscrawl: http://www.express.co.uk/news/uk/754196/army-housing-soldiers-hotels-taxpayers-accommodation-crisis
2018-04-05 19:17:12,265 :: INFO :: This url is already in newscrawl: https://www.yahoo.com/news/germanys-merkel-warns-trump-against-protectionism-140002428.html
2018-04-05 19:17:12,266 :: INFO :: This url is already in newscrawl: http://www.hindustantimes.com/india-news/singham-redux-mp-town-protests-transfer-of-ips-officer-who-busted-hawala-racket/story-H2r6eRSVirSexihx2eTReI.html
2018-04-05 19:17:12,266 :: INFO :: This url is already in newscrawl: http://www.cbc.ca/1.3935762-
2018-04-05 19:17:12,267 :: INFO :: This url is already in newscrawl: http://insider.foxnews.com/2017/01/14/bikers-trump-wall-meat-inauguration-day-protests-donald-trump
2018-04-05 19:17:12,267 :: INFO :: This url is already in newscrawl: http://www.newsmax.com/MichaelReagan/democrats-russia-ronald-reagan/2016/12/13/id/763730/
2018-04-05 19:17:12,268 :: INFO :: This url is already in newscrawl: https://globalnews.ca/news/3181741/twitter-has-discussed-the-idea-of-banning-donald-trump-report/
2018-04-05 19:17:12,268 :: INFO :: This url is already in newscrawl: http://bleacherreport.com/articles/2687020-australian-open-2017-tv-schedule-day-by-day-listings-for-entire-tournament?utm_source=dlvr.it&utm_medium=twitter
2018-04-05 19:17:12,269 :: INFO :: This url is already in newscrawl: http://observer.com/2017/01/the-clinton-foundation-shuts-down-clinton-global-initiative/#.WHu7nNecaWg.twitter
2018-04-05 19:17:12,270 :: INFO :: This url is already in newscrawl: https://www.theguardian.com/world/2017/jan/15/democrats-inauguration-boycott-john-lewis-trump?CMP=share_btn_tw
2018-04-05 19:17:12,270 :: INFO :: This url is already in newscrawl: https://www.dailykos.com/stories/2017/1/15/1620767/-Watch-a-Republican-Congressman-run-away-from-his-own-meeting-after-huge-turnout-from-constituents
2018-04-05 19:17:12,271 :: INFO :: This url is already in newscrawl: https://www.villagevoice.com/2017/01/11/womens-groups-demand-nypd-reopen-greenpoint-date-rape-cases/
2018-04-05 19:17:12,273 :: INFO :: Failed enough in failsSD: https://blogs.wsj.com/washwire/2017/01/10/unparalleled-resistance-looms-for-trump-after-the-inaugural/
2018-04-05 19:17:12,274 :: INFO :: This url is already in newscrawl: https://www.haaretz.com/israel-news/.premium-1.764782
2018-04-05 19:17:12,274 :: INFO :: This url is already in newscrawl: http://www.sportsnet.ca/hockey/nhl/breaking-jonathan-toewss-career-worst-scoring-output/
2018-04-05 19:17:12,275 :: INFO :: This url is already in newscrawl: https://www.theatlantic.com/international/archive/2017/01/kompromat-trump-dossier/512891/?utm_source=twb
2018-04-05 19:17:12,277 :: INFO :: Failed enough in failsSD: https://www.forbes.com/forbes/welcome/?toURL=https://www.forbes.com/sites/bernardmarr/2016/09/23/how-machine-learning-big-data-and-ai-are-changing-healthcare-forever/&refURL=&referrer=
2018-04-05 19:17:12,277 :: INFO :: This url is already in newscrawl: http://www.independent.co.uk/news/uk/politics/a-c-grayling-general-strike-brexit-coup-parliament-vote-article-50-bristol-interview-remain-eu-a7527831.html
2018-04-05 19:17:12,279 :: INFO :: Failed enough in failsSD: https://naijadailyfeed.wordpress.com/2017/01/15/highlight-manchester-united-1-1-liverpool-premier-league-2017
2018-04-05 19:17:12,281 :: INFO :: Failed enough in failsSD: https://bestofticket.wordpress.com/?p=3650390
2018-04-05 19:17:12,282 :: INFO :: This url is already in newscrawl: https://www.theguardian.com/uk-news/2017/jan/15/hard-brexit-means-retiring-later-britons-warned?CMP=Share_AndroidApp_Tweet
2018-04-05 19:17:12,283 :: INFO :: This url is already in newscrawl: http://www.breitbart.com/sports/2017/01/14/nfl-preview-no-anthem-kneelers-left-save-come-back-nfl-waters/
2018-04-05 19:17:12,284 :: INFO :: This url is already in newscrawl: https://www.theguardian.com/film/2017/jan/14/emily-watson-apple-tree-yard-middle-aged-women-infidelity-sexuality
2018-04-05 19:17:12,284 :: INFO :: This url is already in newscrawl: http://www.telegraph.co.uk/gardening/how-to-grow/pikaplant-maintenance-free-plants-cheer-workplace/
2018-04-05 19:17:12,285 :: INFO :: This url is already in newscrawl: https://www.theguardian.com/global-development-professionals-network/2017/jan/14/aid-in-reverse-how-poor-countries-develop-rich-countries
2018-04-05 19:17:12,286 :: INFO :: This url is already in newscrawl: http://www.ajc.com/news/local/bishop-eddie-long-dies-aggressive-form-cancer-church-says/K7oodHbeXnjyOc3JgVuyVI/
2018-04-05 19:17:12,286 :: INFO :: This url is already in newscrawl: https://www.dailykos.com/stories/2017/01/15/1620784/-Trump-team-warns-ethics-chief-to-be-careful-about-criticizing-Trump
2018-04-05 19:17:12,287 :: INFO :: This url is already in newscrawl: https://mobile.nytimes.com/2017/01/15/arts/donald-trump-saturday-night-live.html?smid=tw-share&referer=
2018-04-05 19:17:12,287 :: INFO :: This url is already in newscrawl: https://mobile.nytimes.com/2017/01/15/us/politics/one-hand-on-light-switch-obama-isnt-flipping-to-off-just-yet.html?referer=
2018-04-05 19:17:12,288 :: INFO :: This url is already in newscrawl: http://comicbook.com/2016/11/03/starship-troopers-reboot-in-development/?utm_campaign=crowdfire&utm_content=crowdfire&utm_medium=social&utm_source=twitter
2018-04-05 19:17:12,288 :: INFO :: This url is already in newscrawl: http://wgntv.com/2017/01/14/ringling-brothers-closing-circus/
2018-04-05 19:17:12,289 :: INFO :: This url is already in newscrawl: http://www.new-magazine.co.uk/celebrity-news/976831/competition-win-a-place-at-a-bridget-jones-themed-boom-cycle-class-and-a-copy-of-the-dvd
2018-04-05 19:17:17,964 :: ERROR :: Enable to connect to the proxy for https://www.haaretz.com/israel-news/.premium-1.764989 httpsconnectionpool(host='www.haaretz.com', port=443): max retries exceeded with url: /israel-news/.premium-1.764989 (caused by proxyerror('cannot connect to proxy.', oserror('tunnel connection failed: 407 proxy authentication required',)))
2018-04-05 19:17:18,152 :: ERROR :: Enable to connect to the proxy for https://world.einnews.com/article/362102643/K-DcH9_wLwBYdgG9 httpsconnectionpool(host='world.einnews.com', port=443): max retries exceeded with url: /article/362102643/k-dch9_wlwbydgg9 (caused by proxyerror('cannot connect to proxy.', oserror('tunnel connection failed: 407 proxy authentication required',)))
2018-04-05 19:21:18,547 :: INFO :: twitter newscrawl-test (version 0.0.1) initialised.
2018-04-05 19:21:18,548 :: WARNING :: WARNING: pls set parallelRequests!!!!!!!!!!!!!
2018-04-05 19:21:18,808 :: INFO :: Reseting tor services...
2018-04-05 19:21:19,373 :: INFO :: Tor services reseted.
2018-04-05 19:21:19,374 :: INFO :: Initializing tor services...
2018-04-05 19:21:20,432 :: INFO :: Tor services initialized.
2018-04-05 19:21:20,433 :: INFO :: New params:
{
	browserCount: 2,
	proxyInstanciationRate: 
	{
		alpha: 0.99,
		beta: NormalizedLawBeta.LOG
	},
	parallelRequests: 2
}
2018-04-05 19:21:20,433 :: INFO :: Reseting tor services...
2018-04-05 19:21:21,027 :: INFO :: Tor services reseted.
2018-04-05 19:21:21,028 :: INFO :: Initializing tor services...
2018-04-05 19:21:22,038 :: INFO :: Tor services initialized.
2018-04-05 19:21:22,038 :: INFO :: Proxies instanciation (score (mean duration in seconds), ip, instanciation):
0	104.144.153.56	-
0	107.150.70.6	-
0	198.12.121.216	
0	198.12.121.233	
0	104.160.13.170	
0	196.16.11.165	
0	104.160.30.179	

2018-04-05 19:21:27,795 :: INFO :: This url is already in newscrawl: http://bit.ly/2DVd8jm
2018-04-05 19:21:27,797 :: INFO :: This url is already in newscrawl: http://www.reuters.com/article/us-philippines-politics-robredo-idUSKBN1411NN?feedType=RSS&feedName=worldNews&utm_source=dlvr.it&utm_medium=twitter
2018-04-05 19:21:27,799 :: INFO :: This url is already in newscrawl: http://www.thehindu.com/news/Heavy-rains-likely-over-north-interior-T.N.-south-Karnataka-and-north-Kerala/article16793334.ece
2018-04-05 19:21:27,801 :: INFO :: This url is already in newscrawl: https://www.cbsnews.com/news/2-cops-shot-but-shoot-back-while-serving-drugs-search-warrant-in-georgia/
2018-04-05 19:21:27,803 :: INFO :: This url is already in newscrawl: http://www.reuters.com/article/idUSASC09MY8?type=companyNews&feedType=RSS&feedName=companyNews
2018-04-05 19:21:27,804 :: INFO :: This url is already in newscrawl: http://www.taipeitimes.com/News/biz/print/2008/02/23/2003402550
2018-04-05 19:21:27,805 :: INFO :: This url is already in newscrawl: https://www.washingtonpost.com/world/chinese-paper-calls-trump-as-ignorant-as-a-childafter-taiwan-comment/2016/12/12/d91fbaea-c02c-11e6-b20d-3075b273feeb_story.html
2018-04-05 19:21:27,806 :: INFO :: This url is already in newscrawl: http://www.independent.co.uk/news/uk/home-news/national-action-british-neo-nazi-group-to-be-classed-as-terror-organisation-and-banned-first-time-a7468136.html
2018-04-05 19:21:27,806 :: INFO :: This url is already in newscrawl: https://www.washingtonpost.com/blogs/plum-line/wp/2016/12/12/top-republicans-respond-to-russia-news-with-ludicrous-and-dangerous-spin/?utm_term=.f8366a27fc42
2018-04-05 19:21:27,810 :: INFO :: Failed enough in failsSD: https://www.alternet.org/activism/8-strategies-confronting-hate-dont-involve-safety-pin
2018-04-05 19:21:27,811 :: INFO :: This url is already in newscrawl: https://www.theguardian.com/australia-news/2016/dec/12/dylan-voller-says-he-felt-defenceless-panicked-restraint-chair-don-dale-northern-territory?CMP=share_btn_tw
2018-04-05 19:21:27,812 :: INFO :: This url is already in newscrawl: https://www.theguardian.com/us-news/2016/dec/12/american-muslims-march-white-house-nseers?utm_source=dlvr.it&utm_medium=twitter
2018-04-05 19:21:27,814 :: INFO :: This url is already in newscrawl: https://www.theguardian.com/us-news/2016/dec/12/donald-trump-environment-climate-change-skeptics?CMP=Share_AndroidApp_Tweet
2018-04-05 19:21:27,815 :: INFO :: This url is already in newscrawl: http://www.reuters.com/article/us-eu-congo-sanctions-idUSKBN1411RY?feedType=RSS&feedName=worldNews&utm_source=dlvr.it&utm_medium=twitter
2018-04-05 19:21:27,816 :: INFO :: This url is already in newscrawl: http://www.truth-out.org/opinion/item/38682-socialism-for-the-rich-capitalism-for-the-poor-an-interview-with-noam-chomsky
2018-04-05 19:21:27,816 :: INFO :: This url is already in newscrawl: http://www.corrections.com/articles/45006?utm_source=dlvr.it&utm_medium=twitter
2018-04-05 19:21:27,817 :: INFO :: This url is already in newscrawl: https://www.huffingtonpost.com/entry/natasha-stoynoff-donald-trump-witnesses-people-magazine_us_58067448e4b0b994d4c21138?ncid=engmodushpmg00000004
2018-04-05 19:21:27,819 :: INFO :: This url is already in newscrawl: https://www.theguardian.com/global-development/2017/jan/13/human-rights-abuses-bahrain-cast-shadow-over-2m-uk-aid-support
2018-04-05 19:21:27,820 :: INFO :: This url is already in newscrawl: http://www.breitbart.com/big-government/2017/01/14/tancredo-report-reveals-massive-indoctrination-students-universities-transformative-civic-engagement/
2018-04-05 19:21:27,821 :: INFO :: This url is already in newscrawl: https://www.christiancentury.org/blog-post/how-king%E2%80%99s-political-vision-became-politically-irrelevant
2018-04-05 19:21:27,822 :: INFO :: This url is already in newscrawl: http://guardian.ng/news/borno-bans-sales-of-charcoal-firewood-on-streets/?F
2018-04-05 19:21:27,822 :: INFO :: This url is already in newscrawl: https://www.forbes.com/sites/insertcoin/2017/01/15/how-to-fix-pokemon-gos-annoying-ios-audio-dampening-bug/?utm_source=yahoo&utm_medium=partner&utm_campaign=yahootix&partner=yahootix#7ebfead722d3
2018-04-05 19:21:27,823 :: INFO :: This url is already in newscrawl: http://www.telegraph.co.uk/news/2017/01/15/anis-amri-high-ecstasy-cocaine-berlin-market-attack/
2018-04-05 19:21:27,825 :: INFO :: This url is already in newscrawl: https://www.fastcompany.com/3066849/qualcomm-drones-vr-cars-satellites
2018-04-05 19:21:27,825 :: INFO :: This url is already in newscrawl: http://mashable.com/2017/01/14/niagara-falls-runs-dry/?utm_cid=hp-h-7#g4HW5mbDX5qj
2018-04-05 19:21:27,826 :: INFO :: This url is already in newscrawl: http://www.miamiherald.com/news/nation-world/world/americas/guantanamo/article123591209.html
2018-04-05 19:21:27,827 :: INFO :: This url is already in newscrawl: http://www.presidency.ucsb.edu/ws/index.php?pid=14392&st=&st1=
2018-04-05 19:21:27,828 :: INFO :: This url is already in newscrawl: https://www.huffingtonpost.com/entry/cornell-william-brooks-donald-trump_us_587a8a9ae4b09281d0eb4a51?ncid=engmodushpmg00000004
2018-04-05 19:21:27,828 :: INFO :: This url is already in newscrawl: https://hotair.com/archives/2017/01/15/latest-hot-rumor-trump-to-boot-the-press-corps-from-the-white-house/
2018-04-05 19:21:27,829 :: INFO :: This url is already in newscrawl: http://news.sky.com/story/hunt-to-get-15m-payout-from-hotcourses-sale-amid-nhs-crisis-10730426
2018-04-05 19:21:27,830 :: INFO :: This url is already in newscrawl: https://www.huffingtonpost.com/entry/mike-coffman-pushback-obamacare-repeal_us_587b8ca4e4b09281d0eb5f7c?ncid=engmodushpmg00000004
2018-04-05 19:21:27,830 :: INFO :: This url is already in newscrawl: http://www.express.co.uk/showbiz/tv-radio/754491/Celebrity-Big-Brother-2017-Calum-Best-evicted-next-one-way-ticket-James-Jordan-CBB
2018-04-05 19:21:27,833 :: INFO :: Failed enough in failsSD: http://www.wnd.com/2017/01/social-justice-incompatible-with-end-times-focus/
2018-04-05 19:21:27,834 :: INFO :: This url is already in newscrawl: https://www.policeone.com/patrol-issues/articles/279911006-Ponch-and-Jon-are-back-in-CHiPs-movie-trailer/?utm_source=dlvr.it&utm_medium=twitter
2018-04-05 19:21:27,835 :: INFO :: This url is already in newscrawl: http://www.star-telegram.com/news/state/texas/article126536929.html
2018-04-05 19:21:27,835 :: INFO :: This url is already in newscrawl: http://www.express.co.uk/news/uk/754196/army-housing-soldiers-hotels-taxpayers-accommodation-crisis
2018-04-05 19:21:27,836 :: INFO :: This url is already in newscrawl: https://www.yahoo.com/news/germanys-merkel-warns-trump-against-protectionism-140002428.html
2018-04-05 19:21:27,838 :: INFO :: This url is already in newscrawl: http://www.hindustantimes.com/india-news/singham-redux-mp-town-protests-transfer-of-ips-officer-who-busted-hawala-racket/story-H2r6eRSVirSexihx2eTReI.html
2018-04-05 19:21:27,838 :: INFO :: This url is already in newscrawl: http://www.cbc.ca/1.3935762-
2018-04-05 19:21:27,839 :: INFO :: This url is already in newscrawl: http://insider.foxnews.com/2017/01/14/bikers-trump-wall-meat-inauguration-day-protests-donald-trump
2018-04-05 19:21:27,840 :: INFO :: This url is already in newscrawl: http://www.newsmax.com/MichaelReagan/democrats-russia-ronald-reagan/2016/12/13/id/763730/
2018-04-05 19:21:27,840 :: INFO :: This url is already in newscrawl: https://globalnews.ca/news/3181741/twitter-has-discussed-the-idea-of-banning-donald-trump-report/
2018-04-05 19:21:27,841 :: INFO :: This url is already in newscrawl: http://bleacherreport.com/articles/2687020-australian-open-2017-tv-schedule-day-by-day-listings-for-entire-tournament?utm_source=dlvr.it&utm_medium=twitter
2018-04-05 19:21:27,842 :: INFO :: This url is already in newscrawl: http://observer.com/2017/01/the-clinton-foundation-shuts-down-clinton-global-initiative/#.WHu7nNecaWg.twitter
2018-04-05 19:21:27,844 :: INFO :: This url is already in newscrawl: https://www.theguardian.com/world/2017/jan/15/democrats-inauguration-boycott-john-lewis-trump?CMP=share_btn_tw
2018-04-05 19:21:27,845 :: INFO :: This url is already in newscrawl: https://www.dailykos.com/stories/2017/1/15/1620767/-Watch-a-Republican-Congressman-run-away-from-his-own-meeting-after-huge-turnout-from-constituents
2018-04-05 19:21:27,846 :: INFO :: This url is already in newscrawl: https://www.villagevoice.com/2017/01/11/womens-groups-demand-nypd-reopen-greenpoint-date-rape-cases/
2018-04-05 19:21:27,848 :: INFO :: Failed enough in failsSD: https://blogs.wsj.com/washwire/2017/01/10/unparalleled-resistance-looms-for-trump-after-the-inaugural/
2018-04-05 19:21:27,849 :: INFO :: This url is already in newscrawl: https://www.haaretz.com/israel-news/.premium-1.764782
2018-04-05 19:21:27,849 :: INFO :: This url is already in newscrawl: http://www.sportsnet.ca/hockey/nhl/breaking-jonathan-toewss-career-worst-scoring-output/
2018-04-05 19:21:27,850 :: INFO :: This url is already in newscrawl: https://www.theatlantic.com/international/archive/2017/01/kompromat-trump-dossier/512891/?utm_source=twb
2018-04-05 19:21:27,852 :: INFO :: Failed enough in failsSD: https://www.forbes.com/forbes/welcome/?toURL=https://www.forbes.com/sites/bernardmarr/2016/09/23/how-machine-learning-big-data-and-ai-are-changing-healthcare-forever/&refURL=&referrer=
2018-04-05 19:21:27,852 :: INFO :: This url is already in newscrawl: http://www.independent.co.uk/news/uk/politics/a-c-grayling-general-strike-brexit-coup-parliament-vote-article-50-bristol-interview-remain-eu-a7527831.html
2018-04-05 19:21:27,854 :: INFO :: Failed enough in failsSD: https://naijadailyfeed.wordpress.com/2017/01/15/highlight-manchester-united-1-1-liverpool-premier-league-2017
2018-04-05 19:21:27,856 :: INFO :: Failed enough in failsSD: https://bestofticket.wordpress.com/?p=3650390
2018-04-05 19:21:27,858 :: INFO :: This url is already in newscrawl: https://www.theguardian.com/uk-news/2017/jan/15/hard-brexit-means-retiring-later-britons-warned?CMP=Share_AndroidApp_Tweet
2018-04-05 19:21:27,858 :: INFO :: This url is already in newscrawl: http://www.breitbart.com/sports/2017/01/14/nfl-preview-no-anthem-kneelers-left-save-come-back-nfl-waters/
2018-04-05 19:21:27,860 :: INFO :: This url is already in newscrawl: https://www.theguardian.com/film/2017/jan/14/emily-watson-apple-tree-yard-middle-aged-women-infidelity-sexuality
2018-04-05 19:21:27,861 :: INFO :: This url is already in newscrawl: http://www.telegraph.co.uk/gardening/how-to-grow/pikaplant-maintenance-free-plants-cheer-workplace/
2018-04-05 19:21:27,863 :: INFO :: This url is already in newscrawl: https://www.theguardian.com/global-development-professionals-network/2017/jan/14/aid-in-reverse-how-poor-countries-develop-rich-countries
2018-04-05 19:21:27,863 :: INFO :: This url is already in newscrawl: http://www.ajc.com/news/local/bishop-eddie-long-dies-aggressive-form-cancer-church-says/K7oodHbeXnjyOc3JgVuyVI/
2018-04-05 19:21:27,864 :: INFO :: This url is already in newscrawl: https://www.dailykos.com/stories/2017/01/15/1620784/-Trump-team-warns-ethics-chief-to-be-careful-about-criticizing-Trump
2018-04-05 19:21:27,864 :: INFO :: This url is already in newscrawl: https://mobile.nytimes.com/2017/01/15/arts/donald-trump-saturday-night-live.html?smid=tw-share&referer=
2018-04-05 19:21:27,865 :: INFO :: This url is already in newscrawl: https://mobile.nytimes.com/2017/01/15/us/politics/one-hand-on-light-switch-obama-isnt-flipping-to-off-just-yet.html?referer=
2018-04-05 19:21:27,865 :: INFO :: This url is already in newscrawl: http://comicbook.com/2016/11/03/starship-troopers-reboot-in-development/?utm_campaign=crowdfire&utm_content=crowdfire&utm_medium=social&utm_source=twitter
2018-04-05 19:21:27,866 :: INFO :: This url is already in newscrawl: http://wgntv.com/2017/01/14/ringling-brothers-closing-circus/
2018-04-05 19:21:27,866 :: INFO :: This url is already in newscrawl: http://www.new-magazine.co.uk/celebrity-news/976831/competition-win-a-place-at-a-bridget-jones-themed-boom-cycle-class-and-a-copy-of-the-dvd
2018-04-05 19:21:31,545 :: ERROR :: Enable to connect to the proxy for https://www.haaretz.com/israel-news/.premium-1.764989 httpsconnectionpool(host='www.haaretz.com', port=443): max retries exceeded with url: /israel-news/.premium-1.764989 (caused by proxyerror('cannot connect to proxy.', oserror('tunnel connection failed: 407 proxy authentication required',)))
2018-04-05 19:21:31,545 :: ERROR :: The proxy connexion failed (http://107.150.70.6:80). We retry on an other proxy port.
2018-04-05 19:21:31,954 :: ERROR :: Enable to connect to the proxy for https://world.einnews.com/article/362102643/K-DcH9_wLwBYdgG9 httpsconnectionpool(host='world.einnews.com', port=443): max retries exceeded with url: /article/362102643/k-dch9_wlwbydgg9 (caused by proxyerror('cannot connect to proxy.', oserror('tunnel connection failed: 407 proxy authentication required',)))
2018-04-05 19:21:31,954 :: ERROR :: The proxy connexion failed (http://104.144.153.56:80). We retry on an other proxy port.
2018-04-05 19:21:37,536 :: ERROR :: Enable to connect to the proxy for https://www.haaretz.com/israel-news/.premium-1.764989 httpsconnectionpool(host='www.haaretz.com', port=443): max retries exceeded with url: /israel-news/.premium-1.764989 (caused by proxyerror('cannot connect to proxy.', oserror('tunnel connection failed: 407 proxy authentication required',)))
2018-04-05 19:21:37,539 :: ERROR :: Exception location: failedCallback
Exception type: <class 'KeyError'>
Exception: 'crawlingElement'
Traceback (most recent call last):
  File "/home/hayj/.virtualenvs/newscrawler-venv/lib/python3.5/site-packages/urllib3-1.22-py3.5.egg/urllib3/connectionpool.py", line 595, in urlopen
    self._prepare_proxy(conn)
  File "/home/hayj/.virtualenvs/newscrawler-venv/lib/python3.5/site-packages/urllib3-1.22-py3.5.egg/urllib3/connectionpool.py", line 816, in _prepare_proxy
    conn.connect()
  File "/home/hayj/.virtualenvs/newscrawler-venv/lib/python3.5/site-packages/urllib3-1.22-py3.5.egg/urllib3/connection.py", line 294, in connect
    self._tunnel()
  File "/home/hayj/Programs/python-3.5.4/lib/python3.5/http/client.py", line 832, in _tunnel
    message.strip()))
OSError: Tunnel connection failed: 407 Proxy Authentication Required

During handling of the above exception, another exception occurred:

Traceback (most recent call last):
  File "/home/hayj/.virtualenvs/newscrawler-venv/lib/python3.5/site-packages/requests-2.18.4-py3.5.egg/requests/adapters.py", line 440, in send
    timeout=timeout
  File "/home/hayj/.virtualenvs/newscrawler-venv/lib/python3.5/site-packages/urllib3-1.22-py3.5.egg/urllib3/connectionpool.py", line 639, in urlopen
    _stacktrace=sys.exc_info()[2])
  File "/home/hayj/.virtualenvs/newscrawler-venv/lib/python3.5/site-packages/urllib3-1.22-py3.5.egg/urllib3/util/retry.py", line 388, in increment
    raise MaxRetryError(_pool, url, error or ResponseError(cause))
urllib3.exceptions.MaxRetryError: HTTPSConnectionPool(host='www.haaretz.com', port=443): Max retries exceeded with url: /israel-news/.premium-1.764989 (Caused by ProxyError('Cannot connect to proxy.', OSError('Tunnel connection failed: 407 Proxy Authentication Required',)))

During handling of the above exception, another exception occurred:

Traceback (most recent call last):
  File "/home/hayj/Drive/Workspace/Python/Crawling/WebBrowser/hjwebbrowser/httpbrowser.py", line 262, in privateGet
    headers=self.header,
  File "/home/hayj/.virtualenvs/newscrawler-venv/lib/python3.5/site-packages/requests-2.18.4-py3.5.egg/requests/api.py", line 72, in get
    return request('get', url, params=params, **kwargs)
  File "/home/hayj/.virtualenvs/newscrawler-venv/lib/python3.5/site-packages/requests-2.18.4-py3.5.egg/requests/api.py", line 58, in request
    return session.request(method=method, url=url, **kwargs)
  File "/home/hayj/.virtualenvs/newscrawler-venv/lib/python3.5/site-packages/requests-2.18.4-py3.5.egg/requests/sessions.py", line 508, in request
    resp = self.send(prep, **send_kwargs)
  File "/home/hayj/.virtualenvs/newscrawler-venv/lib/python3.5/site-packages/requests-2.18.4-py3.5.egg/requests/sessions.py", line 618, in send
    r = adapter.send(request, **kwargs)
  File "/home/hayj/.virtualenvs/newscrawler-venv/lib/python3.5/site-packages/requests-2.18.4-py3.5.egg/requests/adapters.py", line 502, in send
    raise ProxyError(e, request=request)
requests.exceptions.ProxyError: HTTPSConnectionPool(host='www.haaretz.com', port=443): Max retries exceeded with url: /israel-news/.premium-1.764989 (Caused by ProxyError('Cannot connect to proxy.', OSError('Tunnel connection failed: 407 Proxy Authentication Required',)))

During handling of the above exception, another exception occurred:

Traceback (most recent call last):
  File "/home/hayj/Drive/Workspace/Python/Crawling/NewsCrawler/newscrawler/crawler.py", line 50, in failedCallback
    url = data["crawlingElement"].data
KeyError: 'crawlingElement'

2018-04-05 19:21:37,539 :: INFO :: refused (407) from Mathieu-54 (107.150.70.6) https://www.haaretz.com/israel-news/.premium-1.764989
2018-04-05 19:21:38,127 :: ERROR :: Enable to connect to the proxy for https://world.einnews.com/article/362102643/K-DcH9_wLwBYdgG9 httpsconnectionpool(host='world.einnews.com', port=443): max retries exceeded with url: /article/362102643/k-dch9_wlwbydgg9 (caused by proxyerror('cannot connect to proxy.', oserror('tunnel connection failed: 407 proxy authentication required',)))
2018-04-05 19:21:38,541 :: ERROR :: Exception location: failedCallback
Exception type: <class 'KeyError'>
Exception: 'crawlingElement'
Traceback (most recent call last):
  File "/home/hayj/.virtualenvs/newscrawler-venv/lib/python3.5/site-packages/urllib3-1.22-py3.5.egg/urllib3/connectionpool.py", line 595, in urlopen
    self._prepare_proxy(conn)
  File "/home/hayj/.virtualenvs/newscrawler-venv/lib/python3.5/site-packages/urllib3-1.22-py3.5.egg/urllib3/connectionpool.py", line 816, in _prepare_proxy
    conn.connect()
  File "/home/hayj/.virtualenvs/newscrawler-venv/lib/python3.5/site-packages/urllib3-1.22-py3.5.egg/urllib3/connection.py", line 294, in connect
    self._tunnel()
  File "/home/hayj/Programs/python-3.5.4/lib/python3.5/http/client.py", line 832, in _tunnel
    message.strip()))
OSError: Tunnel connection failed: 407 Proxy Authentication Required

During handling of the above exception, another exception occurred:

Traceback (most recent call last):
  File "/home/hayj/.virtualenvs/newscrawler-venv/lib/python3.5/site-packages/requests-2.18.4-py3.5.egg/requests/adapters.py", line 440, in send
    timeout=timeout
  File "/home/hayj/.virtualenvs/newscrawler-venv/lib/python3.5/site-packages/urllib3-1.22-py3.5.egg/urllib3/connectionpool.py", line 639, in urlopen
    _stacktrace=sys.exc_info()[2])
  File "/home/hayj/.virtualenvs/newscrawler-venv/lib/python3.5/site-packages/urllib3-1.22-py3.5.egg/urllib3/util/retry.py", line 388, in increment
    raise MaxRetryError(_pool, url, error or ResponseError(cause))
urllib3.exceptions.MaxRetryError: HTTPSConnectionPool(host='world.einnews.com', port=443): Max retries exceeded with url: /article/362102643/K-DcH9_wLwBYdgG9 (Caused by ProxyError('Cannot connect to proxy.', OSError('Tunnel connection failed: 407 Proxy Authentication Required',)))

During handling of the above exception, another exception occurred:

Traceback (most recent call last):
  File "/home/hayj/Drive/Workspace/Python/Crawling/WebBrowser/hjwebbrowser/httpbrowser.py", line 262, in privateGet
    headers=self.header,
  File "/home/hayj/.virtualenvs/newscrawler-venv/lib/python3.5/site-packages/requests-2.18.4-py3.5.egg/requests/api.py", line 72, in get
    return request('get', url, params=params, **kwargs)
  File "/home/hayj/.virtualenvs/newscrawler-venv/lib/python3.5/site-packages/requests-2.18.4-py3.5.egg/requests/api.py", line 58, in request
    return session.request(method=method, url=url, **kwargs)
  File "/home/hayj/.virtualenvs/newscrawler-venv/lib/python3.5/site-packages/requests-2.18.4-py3.5.egg/requests/sessions.py", line 508, in request
    resp = self.send(prep, **send_kwargs)
  File "/home/hayj/.virtualenvs/newscrawler-venv/lib/python3.5/site-packages/requests-2.18.4-py3.5.egg/requests/sessions.py", line 618, in send
    r = adapter.send(request, **kwargs)
  File "/home/hayj/.virtualenvs/newscrawler-venv/lib/python3.5/site-packages/requests-2.18.4-py3.5.egg/requests/adapters.py", line 502, in send
    raise ProxyError(e, request=request)
requests.exceptions.ProxyError: HTTPSConnectionPool(host='world.einnews.com', port=443): Max retries exceeded with url: /article/362102643/K-DcH9_wLwBYdgG9 (Caused by ProxyError('Cannot connect to proxy.', OSError('Tunnel connection failed: 407 Proxy Authentication Required',)))

During handling of the above exception, another exception occurred:

Traceback (most recent call last):
  File "/home/hayj/Drive/Workspace/Python/Crawling/NewsCrawler/newscrawler/crawler.py", line 50, in failedCallback
    url = data["crawlingElement"].data
KeyError: 'crawlingElement'

2018-04-05 19:21:38,542 :: INFO :: refused (407) from Michèle-34 (104.144.153.56) https://world.einnews.com/article/362102643/K-DcH9_wLwBYdgG9
2018-04-05 19:21:39,578 :: ERROR :: Enable to connect to the proxy for https://www.bloomberg.com/news/articles/2015-03-31/russia-extends-ukrainian-gas-discount-amid-renewed-debt-demand httpsconnectionpool(host='www.bloomberg.com', port=443): max retries exceeded with url: /news/articles/2015-03-31/russia-extends-ukrainian-gas-discount-amid-renewed-debt-demand (caused by proxyerror('cannot connect to proxy.', oserror('tunnel connection failed: 407 proxy authentication required',)))
2018-04-05 19:21:39,579 :: ERROR :: The proxy connexion failed (http://107.150.70.6:80). We retry on an other proxy port.
2018-04-05 19:21:45,268 :: ERROR :: Enable to connect to the proxy for https://www.bloomberg.com/news/articles/2015-03-31/russia-extends-ukrainian-gas-discount-amid-renewed-debt-demand httpsconnectionpool(host='www.bloomberg.com', port=443): max retries exceeded with url: /news/articles/2015-03-31/russia-extends-ukrainian-gas-discount-amid-renewed-debt-demand (caused by proxyerror('cannot connect to proxy.', oserror('tunnel connection failed: 407 proxy authentication required',)))
2018-04-05 19:21:47,552 :: ERROR :: Exception location: failedCallback
Exception type: <class 'KeyError'>
Exception: 'crawlingElement'
Traceback (most recent call last):
  File "/home/hayj/.virtualenvs/newscrawler-venv/lib/python3.5/site-packages/urllib3-1.22-py3.5.egg/urllib3/connectionpool.py", line 595, in urlopen
    self._prepare_proxy(conn)
  File "/home/hayj/.virtualenvs/newscrawler-venv/lib/python3.5/site-packages/urllib3-1.22-py3.5.egg/urllib3/connectionpool.py", line 816, in _prepare_proxy
    conn.connect()
  File "/home/hayj/.virtualenvs/newscrawler-venv/lib/python3.5/site-packages/urllib3-1.22-py3.5.egg/urllib3/connection.py", line 294, in connect
    self._tunnel()
  File "/home/hayj/Programs/python-3.5.4/lib/python3.5/http/client.py", line 832, in _tunnel
    message.strip()))
OSError: Tunnel connection failed: 407 Proxy Authentication Required

During handling of the above exception, another exception occurred:

Traceback (most recent call last):
  File "/home/hayj/.virtualenvs/newscrawler-venv/lib/python3.5/site-packages/requests-2.18.4-py3.5.egg/requests/adapters.py", line 440, in send
    timeout=timeout
  File "/home/hayj/.virtualenvs/newscrawler-venv/lib/python3.5/site-packages/urllib3-1.22-py3.5.egg/urllib3/connectionpool.py", line 639, in urlopen
    _stacktrace=sys.exc_info()[2])
  File "/home/hayj/.virtualenvs/newscrawler-venv/lib/python3.5/site-packages/urllib3-1.22-py3.5.egg/urllib3/util/retry.py", line 388, in increment
    raise MaxRetryError(_pool, url, error or ResponseError(cause))
urllib3.exceptions.MaxRetryError: HTTPSConnectionPool(host='www.bloomberg.com', port=443): Max retries exceeded with url: /news/articles/2015-03-31/russia-extends-ukrainian-gas-discount-amid-renewed-debt-demand (Caused by ProxyError('Cannot connect to proxy.', OSError('Tunnel connection failed: 407 Proxy Authentication Required',)))

During handling of the above exception, another exception occurred:

Traceback (most recent call last):
  File "/home/hayj/Drive/Workspace/Python/Crawling/WebBrowser/hjwebbrowser/httpbrowser.py", line 262, in privateGet
    headers=self.header,
  File "/home/hayj/.virtualenvs/newscrawler-venv/lib/python3.5/site-packages/requests-2.18.4-py3.5.egg/requests/api.py", line 72, in get
    return request('get', url, params=params, **kwargs)
  File "/home/hayj/.virtualenvs/newscrawler-venv/lib/python3.5/site-packages/requests-2.18.4-py3.5.egg/requests/api.py", line 58, in request
    return session.request(method=method, url=url, **kwargs)
  File "/home/hayj/.virtualenvs/newscrawler-venv/lib/python3.5/site-packages/requests-2.18.4-py3.5.egg/requests/sessions.py", line 508, in request
    resp = self.send(prep, **send_kwargs)
  File "/home/hayj/.virtualenvs/newscrawler-venv/lib/python3.5/site-packages/requests-2.18.4-py3.5.egg/requests/sessions.py", line 618, in send
    r = adapter.send(request, **kwargs)
  File "/home/hayj/.virtualenvs/newscrawler-venv/lib/python3.5/site-packages/requests-2.18.4-py3.5.egg/requests/adapters.py", line 502, in send
    raise ProxyError(e, request=request)
requests.exceptions.ProxyError: HTTPSConnectionPool(host='www.bloomberg.com', port=443): Max retries exceeded with url: /news/articles/2015-03-31/russia-extends-ukrainian-gas-discount-amid-renewed-debt-demand (Caused by ProxyError('Cannot connect to proxy.', OSError('Tunnel connection failed: 407 Proxy Authentication Required',)))

During handling of the above exception, another exception occurred:

Traceback (most recent call last):
  File "/home/hayj/Drive/Workspace/Python/Crawling/NewsCrawler/newscrawler/crawler.py", line 50, in failedCallback
    url = data["crawlingElement"].data
KeyError: 'crawlingElement'

2018-04-05 19:21:47,552 :: INFO :: refused (407) from Mathieu-54 (107.150.70.6) https://www.bloomberg.com/news/articles/2015-03-31/russia-extends-ukrainian-gas-discount-amid-renewed-debt-demand
2018-04-05 19:22:40,015 :: INFO :: twitter newscrawl-test (version 0.0.1) initialised.
2018-04-05 19:22:40,016 :: WARNING :: WARNING: pls set parallelRequests!!!!!!!!!!!!!
2018-04-05 19:22:40,288 :: INFO :: Reseting tor services...
2018-04-05 19:22:40,881 :: INFO :: Tor services reseted.
2018-04-05 19:22:40,881 :: INFO :: Initializing tor services...
2018-04-05 19:22:41,930 :: INFO :: Tor services initialized.
2018-04-05 19:22:41,931 :: INFO :: New params:
{
	browserCount: 2,
	proxyInstanciationRate: 
	{
		beta: NormalizedLawBeta.LOG,
		alpha: 0.99
	},
	parallelRequests: 2
}
2018-04-05 19:22:41,931 :: INFO :: Reseting tor services...
2018-04-05 19:22:42,493 :: INFO :: Tor services reseted.
2018-04-05 19:22:42,494 :: INFO :: Initializing tor services...
2018-04-05 19:22:43,519 :: INFO :: Tor services initialized.
2018-04-05 19:22:43,520 :: INFO :: Proxies instanciation (score (mean duration in seconds), ip, instanciation):
0	196.16.11.165	-
0	107.150.70.6	-
0	104.160.13.170	
0	104.144.153.56	
0	104.160.30.179	
0	198.12.121.216	
0	198.12.121.233	

2018-04-05 19:22:44,054 :: INFO :: This url is already in newscrawl: http://bit.ly/2DVd8jm
2018-04-05 19:22:44,056 :: INFO :: This url is already in newscrawl: http://www.reuters.com/article/us-philippines-politics-robredo-idUSKBN1411NN?feedType=RSS&feedName=worldNews&utm_source=dlvr.it&utm_medium=twitter
2018-04-05 19:22:44,058 :: INFO :: This url is already in newscrawl: http://www.thehindu.com/news/Heavy-rains-likely-over-north-interior-T.N.-south-Karnataka-and-north-Kerala/article16793334.ece
2018-04-05 19:22:44,059 :: INFO :: This url is already in newscrawl: https://www.cbsnews.com/news/2-cops-shot-but-shoot-back-while-serving-drugs-search-warrant-in-georgia/
2018-04-05 19:22:44,061 :: INFO :: This url is already in newscrawl: http://www.reuters.com/article/idUSASC09MY8?type=companyNews&feedType=RSS&feedName=companyNews
2018-04-05 19:22:44,062 :: INFO :: This url is already in newscrawl: http://www.taipeitimes.com/News/biz/print/2008/02/23/2003402550
2018-04-05 19:22:44,063 :: INFO :: This url is already in newscrawl: https://www.washingtonpost.com/world/chinese-paper-calls-trump-as-ignorant-as-a-childafter-taiwan-comment/2016/12/12/d91fbaea-c02c-11e6-b20d-3075b273feeb_story.html
2018-04-05 19:22:44,065 :: INFO :: This url is already in newscrawl: http://www.independent.co.uk/news/uk/home-news/national-action-british-neo-nazi-group-to-be-classed-as-terror-organisation-and-banned-first-time-a7468136.html
2018-04-05 19:22:44,066 :: INFO :: This url is already in newscrawl: https://www.washingtonpost.com/blogs/plum-line/wp/2016/12/12/top-republicans-respond-to-russia-news-with-ludicrous-and-dangerous-spin/?utm_term=.f8366a27fc42
2018-04-05 19:22:44,071 :: INFO :: Failed enough in failsSD: https://www.alternet.org/activism/8-strategies-confronting-hate-dont-involve-safety-pin
2018-04-05 19:22:44,075 :: INFO :: This url is already in newscrawl: https://www.theguardian.com/australia-news/2016/dec/12/dylan-voller-says-he-felt-defenceless-panicked-restraint-chair-don-dale-northern-territory?CMP=share_btn_tw
2018-04-05 19:22:44,077 :: INFO :: This url is already in newscrawl: https://www.theguardian.com/us-news/2016/dec/12/american-muslims-march-white-house-nseers?utm_source=dlvr.it&utm_medium=twitter
2018-04-05 19:22:44,081 :: INFO :: This url is already in newscrawl: https://www.theguardian.com/us-news/2016/dec/12/donald-trump-environment-climate-change-skeptics?CMP=Share_AndroidApp_Tweet
2018-04-05 19:22:44,082 :: INFO :: This url is already in newscrawl: http://www.reuters.com/article/us-eu-congo-sanctions-idUSKBN1411RY?feedType=RSS&feedName=worldNews&utm_source=dlvr.it&utm_medium=twitter
2018-04-05 19:22:44,083 :: INFO :: This url is already in newscrawl: http://www.truth-out.org/opinion/item/38682-socialism-for-the-rich-capitalism-for-the-poor-an-interview-with-noam-chomsky
2018-04-05 19:22:44,084 :: INFO :: This url is already in newscrawl: http://www.corrections.com/articles/45006?utm_source=dlvr.it&utm_medium=twitter
2018-04-05 19:22:44,085 :: INFO :: This url is already in newscrawl: https://www.huffingtonpost.com/entry/natasha-stoynoff-donald-trump-witnesses-people-magazine_us_58067448e4b0b994d4c21138?ncid=engmodushpmg00000004
2018-04-05 19:22:44,088 :: INFO :: This url is already in newscrawl: https://www.theguardian.com/global-development/2017/jan/13/human-rights-abuses-bahrain-cast-shadow-over-2m-uk-aid-support
2018-04-05 19:22:44,089 :: INFO :: This url is already in newscrawl: http://www.breitbart.com/big-government/2017/01/14/tancredo-report-reveals-massive-indoctrination-students-universities-transformative-civic-engagement/
2018-04-05 19:22:44,091 :: INFO :: This url is already in newscrawl: https://www.christiancentury.org/blog-post/how-king%E2%80%99s-political-vision-became-politically-irrelevant
2018-04-05 19:22:44,092 :: INFO :: This url is already in newscrawl: http://guardian.ng/news/borno-bans-sales-of-charcoal-firewood-on-streets/?F
2018-04-05 19:22:44,093 :: INFO :: This url is already in newscrawl: https://www.forbes.com/sites/insertcoin/2017/01/15/how-to-fix-pokemon-gos-annoying-ios-audio-dampening-bug/?utm_source=yahoo&utm_medium=partner&utm_campaign=yahootix&partner=yahootix#7ebfead722d3
2018-04-05 19:22:44,094 :: INFO :: This url is already in newscrawl: http://www.telegraph.co.uk/news/2017/01/15/anis-amri-high-ecstasy-cocaine-berlin-market-attack/
2018-04-05 19:22:44,097 :: INFO :: This url is already in newscrawl: https://www.fastcompany.com/3066849/qualcomm-drones-vr-cars-satellites
2018-04-05 19:22:44,098 :: INFO :: This url is already in newscrawl: http://mashable.com/2017/01/14/niagara-falls-runs-dry/?utm_cid=hp-h-7#g4HW5mbDX5qj
2018-04-05 19:22:44,099 :: INFO :: This url is already in newscrawl: http://www.miamiherald.com/news/nation-world/world/americas/guantanamo/article123591209.html
2018-04-05 19:22:44,100 :: INFO :: This url is already in newscrawl: http://www.presidency.ucsb.edu/ws/index.php?pid=14392&st=&st1=
2018-04-05 19:22:44,101 :: INFO :: This url is already in newscrawl: https://www.huffingtonpost.com/entry/cornell-william-brooks-donald-trump_us_587a8a9ae4b09281d0eb4a51?ncid=engmodushpmg00000004
2018-04-05 19:22:44,101 :: INFO :: This url is already in newscrawl: https://hotair.com/archives/2017/01/15/latest-hot-rumor-trump-to-boot-the-press-corps-from-the-white-house/
2018-04-05 19:22:44,102 :: INFO :: This url is already in newscrawl: http://news.sky.com/story/hunt-to-get-15m-payout-from-hotcourses-sale-amid-nhs-crisis-10730426
2018-04-05 19:22:44,104 :: INFO :: This url is already in newscrawl: https://www.huffingtonpost.com/entry/mike-coffman-pushback-obamacare-repeal_us_587b8ca4e4b09281d0eb5f7c?ncid=engmodushpmg00000004
2018-04-05 19:22:44,105 :: INFO :: This url is already in newscrawl: http://www.express.co.uk/showbiz/tv-radio/754491/Celebrity-Big-Brother-2017-Calum-Best-evicted-next-one-way-ticket-James-Jordan-CBB
2018-04-05 19:22:44,109 :: INFO :: Failed enough in failsSD: http://www.wnd.com/2017/01/social-justice-incompatible-with-end-times-focus/
2018-04-05 19:22:44,110 :: INFO :: This url is already in newscrawl: https://www.policeone.com/patrol-issues/articles/279911006-Ponch-and-Jon-are-back-in-CHiPs-movie-trailer/?utm_source=dlvr.it&utm_medium=twitter
2018-04-05 19:22:44,110 :: INFO :: This url is already in newscrawl: http://www.star-telegram.com/news/state/texas/article126536929.html
2018-04-05 19:22:44,111 :: INFO :: This url is already in newscrawl: http://www.express.co.uk/news/uk/754196/army-housing-soldiers-hotels-taxpayers-accommodation-crisis
2018-04-05 19:22:44,112 :: INFO :: This url is already in newscrawl: https://www.yahoo.com/news/germanys-merkel-warns-trump-against-protectionism-140002428.html
2018-04-05 19:22:44,112 :: INFO :: This url is already in newscrawl: http://www.hindustantimes.com/india-news/singham-redux-mp-town-protests-transfer-of-ips-officer-who-busted-hawala-racket/story-H2r6eRSVirSexihx2eTReI.html
2018-04-05 19:22:44,113 :: INFO :: This url is already in newscrawl: http://www.cbc.ca/1.3935762-
2018-04-05 19:22:44,113 :: INFO :: This url is already in newscrawl: http://insider.foxnews.com/2017/01/14/bikers-trump-wall-meat-inauguration-day-protests-donald-trump
2018-04-05 19:22:44,114 :: INFO :: This url is already in newscrawl: http://www.newsmax.com/MichaelReagan/democrats-russia-ronald-reagan/2016/12/13/id/763730/
2018-04-05 19:22:44,114 :: INFO :: This url is already in newscrawl: https://globalnews.ca/news/3181741/twitter-has-discussed-the-idea-of-banning-donald-trump-report/
2018-04-05 19:22:44,115 :: INFO :: This url is already in newscrawl: http://bleacherreport.com/articles/2687020-australian-open-2017-tv-schedule-day-by-day-listings-for-entire-tournament?utm_source=dlvr.it&utm_medium=twitter
2018-04-05 19:22:44,115 :: INFO :: This url is already in newscrawl: http://observer.com/2017/01/the-clinton-foundation-shuts-down-clinton-global-initiative/#.WHu7nNecaWg.twitter
2018-04-05 19:22:44,117 :: INFO :: This url is already in newscrawl: https://www.theguardian.com/world/2017/jan/15/democrats-inauguration-boycott-john-lewis-trump?CMP=share_btn_tw
2018-04-05 19:22:44,117 :: INFO :: This url is already in newscrawl: https://www.dailykos.com/stories/2017/1/15/1620767/-Watch-a-Republican-Congressman-run-away-from-his-own-meeting-after-huge-turnout-from-constituents
2018-04-05 19:22:44,118 :: INFO :: This url is already in newscrawl: https://www.villagevoice.com/2017/01/11/womens-groups-demand-nypd-reopen-greenpoint-date-rape-cases/
2018-04-05 19:22:44,120 :: INFO :: Failed enough in failsSD: https://blogs.wsj.com/washwire/2017/01/10/unparalleled-resistance-looms-for-trump-after-the-inaugural/
2018-04-05 19:22:44,121 :: INFO :: This url is already in newscrawl: https://www.haaretz.com/israel-news/.premium-1.764782
2018-04-05 19:22:44,122 :: INFO :: This url is already in newscrawl: http://www.sportsnet.ca/hockey/nhl/breaking-jonathan-toewss-career-worst-scoring-output/
2018-04-05 19:22:44,123 :: INFO :: This url is already in newscrawl: https://www.theatlantic.com/international/archive/2017/01/kompromat-trump-dossier/512891/?utm_source=twb
2018-04-05 19:22:44,125 :: INFO :: Failed enough in failsSD: https://www.forbes.com/forbes/welcome/?toURL=https://www.forbes.com/sites/bernardmarr/2016/09/23/how-machine-learning-big-data-and-ai-are-changing-healthcare-forever/&refURL=&referrer=
2018-04-05 19:22:44,126 :: INFO :: This url is already in newscrawl: http://www.independent.co.uk/news/uk/politics/a-c-grayling-general-strike-brexit-coup-parliament-vote-article-50-bristol-interview-remain-eu-a7527831.html
2018-04-05 19:22:44,129 :: INFO :: Failed enough in failsSD: https://naijadailyfeed.wordpress.com/2017/01/15/highlight-manchester-united-1-1-liverpool-premier-league-2017
2018-04-05 19:22:44,131 :: INFO :: Failed enough in failsSD: https://bestofticket.wordpress.com/?p=3650390
2018-04-05 19:22:44,133 :: INFO :: This url is already in newscrawl: https://www.theguardian.com/uk-news/2017/jan/15/hard-brexit-means-retiring-later-britons-warned?CMP=Share_AndroidApp_Tweet
2018-04-05 19:22:44,134 :: INFO :: This url is already in newscrawl: http://www.breitbart.com/sports/2017/01/14/nfl-preview-no-anthem-kneelers-left-save-come-back-nfl-waters/
2018-04-05 19:22:44,137 :: INFO :: This url is already in newscrawl: https://www.theguardian.com/film/2017/jan/14/emily-watson-apple-tree-yard-middle-aged-women-infidelity-sexuality
2018-04-05 19:22:44,138 :: INFO :: This url is already in newscrawl: http://www.telegraph.co.uk/gardening/how-to-grow/pikaplant-maintenance-free-plants-cheer-workplace/
2018-04-05 19:22:44,139 :: INFO :: This url is already in newscrawl: https://www.theguardian.com/global-development-professionals-network/2017/jan/14/aid-in-reverse-how-poor-countries-develop-rich-countries
2018-04-05 19:22:44,139 :: INFO :: This url is already in newscrawl: http://www.ajc.com/news/local/bishop-eddie-long-dies-aggressive-form-cancer-church-says/K7oodHbeXnjyOc3JgVuyVI/
2018-04-05 19:22:44,140 :: INFO :: This url is already in newscrawl: https://www.dailykos.com/stories/2017/01/15/1620784/-Trump-team-warns-ethics-chief-to-be-careful-about-criticizing-Trump
2018-04-05 19:22:44,140 :: INFO :: This url is already in newscrawl: https://mobile.nytimes.com/2017/01/15/arts/donald-trump-saturday-night-live.html?smid=tw-share&referer=
2018-04-05 19:22:44,141 :: INFO :: This url is already in newscrawl: https://mobile.nytimes.com/2017/01/15/us/politics/one-hand-on-light-switch-obama-isnt-flipping-to-off-just-yet.html?referer=
2018-04-05 19:22:44,141 :: INFO :: This url is already in newscrawl: http://comicbook.com/2016/11/03/starship-troopers-reboot-in-development/?utm_campaign=crowdfire&utm_content=crowdfire&utm_medium=social&utm_source=twitter
2018-04-05 19:22:44,142 :: INFO :: This url is already in newscrawl: http://wgntv.com/2017/01/14/ringling-brothers-closing-circus/
2018-04-05 19:22:44,142 :: INFO :: This url is already in newscrawl: http://www.new-magazine.co.uk/celebrity-news/976831/competition-win-a-place-at-a-bridget-jones-themed-boom-cycle-class-and-a-copy-of-the-dvd
2018-04-05 19:22:47,311 :: ERROR :: Enable to connect to the proxy for https://www.haaretz.com/israel-news/.premium-1.764989 httpsconnectionpool(host='www.haaretz.com', port=443): max retries exceeded with url: /israel-news/.premium-1.764989 (caused by proxyerror('cannot connect to proxy.', oserror('tunnel connection failed: 407 proxy authentication required',)))
2018-04-05 19:22:47,311 :: ERROR :: The proxy connexion failed (http://107.150.70.6:80). We retry on an other proxy port.
2018-04-05 19:22:47,359 :: ERROR :: Enable to connect to the proxy for https://world.einnews.com/article/362102643/K-DcH9_wLwBYdgG9 httpsconnectionpool(host='world.einnews.com', port=443): max retries exceeded with url: /article/362102643/k-dch9_wlwbydgg9 (caused by proxyerror('cannot connect to proxy.', oserror('tunnel connection failed: 407 proxy authentication required',)))
2018-04-05 19:22:47,359 :: ERROR :: The proxy connexion failed (http://196.16.11.165:80). We retry on an other proxy port.
2018-04-05 19:22:52,688 :: ERROR :: Enable to connect to the proxy for https://www.haaretz.com/israel-news/.premium-1.764989 httpsconnectionpool(host='www.haaretz.com', port=443): max retries exceeded with url: /israel-news/.premium-1.764989 (caused by proxyerror('cannot connect to proxy.', oserror('tunnel connection failed: 407 proxy authentication required',)))
2018-04-05 19:22:52,694 :: INFO :: refused (407) from Yannick-6 (107.150.70.6) https://www.haaretz.com/israel-news/.premium-1.764989
2018-04-05 19:22:53,208 :: ERROR :: Enable to connect to the proxy for https://world.einnews.com/article/362102643/K-DcH9_wLwBYdgG9 httpsconnectionpool(host='world.einnews.com', port=443): max retries exceeded with url: /article/362102643/k-dch9_wlwbydgg9 (caused by proxyerror('cannot connect to proxy.', oserror('tunnel connection failed: 407 proxy authentication required',)))
2018-04-05 19:22:55,103 :: ERROR :: Enable to connect to the proxy for https://www.bloomberg.com/news/articles/2015-03-31/russia-extends-ukrainian-gas-discount-amid-renewed-debt-demand httpsconnectionpool(host='www.bloomberg.com', port=443): max retries exceeded with url: /news/articles/2015-03-31/russia-extends-ukrainian-gas-discount-amid-renewed-debt-demand (caused by proxyerror('cannot connect to proxy.', oserror('tunnel connection failed: 407 proxy authentication required',)))
2018-04-05 19:22:55,103 :: ERROR :: The proxy connexion failed (http://107.150.70.6:80). We retry on an other proxy port.
2018-04-05 19:26:41,786 :: INFO :: twitter newscrawl-test (version 0.0.1) initialised.
2018-04-05 19:26:41,786 :: WARNING :: WARNING: pls set parallelRequests!!!!!!!!!!!!!
2018-04-05 19:26:42,064 :: INFO :: Reseting tor services...
2018-04-05 19:26:42,650 :: INFO :: Tor services reseted.
2018-04-05 19:26:42,650 :: INFO :: Initializing tor services...
2018-04-05 19:26:43,657 :: INFO :: Tor services initialized.
2018-04-05 19:26:43,658 :: INFO :: New params:
{
	parallelRequests: 2,
	browserCount: 2,
	proxyInstanciationRate: 
	{
		alpha: 0.5,
		beta: NormalizedLawBeta.LOG
	}
}
2018-04-05 19:26:43,659 :: INFO :: Reseting tor services...
2018-04-05 19:26:44,217 :: INFO :: Tor services reseted.
2018-04-05 19:26:44,218 :: INFO :: Initializing tor services...
2018-04-05 19:26:45,220 :: INFO :: Tor services initialized.
2018-04-05 19:26:45,222 :: INFO :: Proxies instanciation (score (mean duration in seconds), ip, instanciation):
0	104.160.13.170	-
0	104.160.30.179	-
0	107.150.70.6	
0	104.144.153.56	
0	198.12.121.216	
0	198.12.121.233	
0	196.16.11.165	

2018-04-05 19:27:15,360 :: INFO :: This url is already in newscrawl: http://bit.ly/2DVd8jm
2018-04-05 19:27:15,361 :: INFO :: This url is already in newscrawl: http://www.reuters.com/article/us-philippines-politics-robredo-idUSKBN1411NN?feedType=RSS&feedName=worldNews&utm_source=dlvr.it&utm_medium=twitter
2018-04-05 19:27:15,363 :: INFO :: This url is already in newscrawl: http://www.thehindu.com/news/Heavy-rains-likely-over-north-interior-T.N.-south-Karnataka-and-north-Kerala/article16793334.ece
2018-04-05 19:27:15,363 :: INFO :: This url is already in newscrawl: https://www.cbsnews.com/news/2-cops-shot-but-shoot-back-while-serving-drugs-search-warrant-in-georgia/
2018-04-05 19:27:15,364 :: INFO :: This url is already in newscrawl: http://www.reuters.com/article/idUSASC09MY8?type=companyNews&feedType=RSS&feedName=companyNews
2018-04-05 19:27:15,365 :: INFO :: This url is already in newscrawl: http://www.taipeitimes.com/News/biz/print/2008/02/23/2003402550
2018-04-05 19:27:15,366 :: INFO :: This url is already in newscrawl: https://www.washingtonpost.com/world/chinese-paper-calls-trump-as-ignorant-as-a-childafter-taiwan-comment/2016/12/12/d91fbaea-c02c-11e6-b20d-3075b273feeb_story.html
2018-04-05 19:27:15,366 :: INFO :: This url is already in newscrawl: http://www.independent.co.uk/news/uk/home-news/national-action-british-neo-nazi-group-to-be-classed-as-terror-organisation-and-banned-first-time-a7468136.html
2018-04-05 19:27:15,367 :: INFO :: This url is already in newscrawl: https://www.washingtonpost.com/blogs/plum-line/wp/2016/12/12/top-republicans-respond-to-russia-news-with-ludicrous-and-dangerous-spin/?utm_term=.f8366a27fc42
2018-04-05 19:27:15,370 :: INFO :: Failed enough in failsSD: https://www.alternet.org/activism/8-strategies-confronting-hate-dont-involve-safety-pin
2018-04-05 19:27:15,373 :: INFO :: This url is already in newscrawl: https://www.theguardian.com/australia-news/2016/dec/12/dylan-voller-says-he-felt-defenceless-panicked-restraint-chair-don-dale-northern-territory?CMP=share_btn_tw
2018-04-05 19:27:15,375 :: INFO :: This url is already in newscrawl: https://www.theguardian.com/us-news/2016/dec/12/american-muslims-march-white-house-nseers?utm_source=dlvr.it&utm_medium=twitter
2018-04-05 19:27:15,377 :: INFO :: This url is already in newscrawl: https://www.theguardian.com/us-news/2016/dec/12/donald-trump-environment-climate-change-skeptics?CMP=Share_AndroidApp_Tweet
2018-04-05 19:27:15,378 :: INFO :: This url is already in newscrawl: http://www.reuters.com/article/us-eu-congo-sanctions-idUSKBN1411RY?feedType=RSS&feedName=worldNews&utm_source=dlvr.it&utm_medium=twitter
2018-04-05 19:27:15,379 :: INFO :: This url is already in newscrawl: http://www.truth-out.org/opinion/item/38682-socialism-for-the-rich-capitalism-for-the-poor-an-interview-with-noam-chomsky
2018-04-05 19:27:15,380 :: INFO :: This url is already in newscrawl: http://www.corrections.com/articles/45006?utm_source=dlvr.it&utm_medium=twitter
2018-04-05 19:27:15,380 :: INFO :: This url is already in newscrawl: https://www.huffingtonpost.com/entry/natasha-stoynoff-donald-trump-witnesses-people-magazine_us_58067448e4b0b994d4c21138?ncid=engmodushpmg00000004
2018-04-05 19:27:15,382 :: INFO :: This url is already in newscrawl: https://www.theguardian.com/global-development/2017/jan/13/human-rights-abuses-bahrain-cast-shadow-over-2m-uk-aid-support
2018-04-05 19:27:15,383 :: INFO :: This url is already in newscrawl: http://www.breitbart.com/big-government/2017/01/14/tancredo-report-reveals-massive-indoctrination-students-universities-transformative-civic-engagement/
2018-04-05 19:27:15,384 :: INFO :: This url is already in newscrawl: https://www.christiancentury.org/blog-post/how-king%E2%80%99s-political-vision-became-politically-irrelevant
2018-04-05 19:27:15,385 :: INFO :: This url is already in newscrawl: http://guardian.ng/news/borno-bans-sales-of-charcoal-firewood-on-streets/?F
2018-04-05 19:27:15,385 :: INFO :: This url is already in newscrawl: https://www.forbes.com/sites/insertcoin/2017/01/15/how-to-fix-pokemon-gos-annoying-ios-audio-dampening-bug/?utm_source=yahoo&utm_medium=partner&utm_campaign=yahootix&partner=yahootix#7ebfead722d3
2018-04-05 19:27:15,386 :: INFO :: This url is already in newscrawl: http://www.telegraph.co.uk/news/2017/01/15/anis-amri-high-ecstasy-cocaine-berlin-market-attack/
2018-04-05 19:27:15,387 :: INFO :: This url is already in newscrawl: https://www.fastcompany.com/3066849/qualcomm-drones-vr-cars-satellites
2018-04-05 19:27:15,388 :: INFO :: This url is already in newscrawl: http://mashable.com/2017/01/14/niagara-falls-runs-dry/?utm_cid=hp-h-7#g4HW5mbDX5qj
2018-04-05 19:27:15,389 :: INFO :: This url is already in newscrawl: http://www.miamiherald.com/news/nation-world/world/americas/guantanamo/article123591209.html
2018-04-05 19:27:15,390 :: INFO :: This url is already in newscrawl: http://www.presidency.ucsb.edu/ws/index.php?pid=14392&st=&st1=
2018-04-05 19:27:15,391 :: INFO :: This url is already in newscrawl: https://www.huffingtonpost.com/entry/cornell-william-brooks-donald-trump_us_587a8a9ae4b09281d0eb4a51?ncid=engmodushpmg00000004
2018-04-05 19:27:15,391 :: INFO :: This url is already in newscrawl: https://hotair.com/archives/2017/01/15/latest-hot-rumor-trump-to-boot-the-press-corps-from-the-white-house/
2018-04-05 19:27:15,392 :: INFO :: This url is already in newscrawl: http://news.sky.com/story/hunt-to-get-15m-payout-from-hotcourses-sale-amid-nhs-crisis-10730426
2018-04-05 19:27:15,393 :: INFO :: This url is already in newscrawl: https://www.huffingtonpost.com/entry/mike-coffman-pushback-obamacare-repeal_us_587b8ca4e4b09281d0eb5f7c?ncid=engmodushpmg00000004
2018-04-05 19:27:15,394 :: INFO :: This url is already in newscrawl: http://www.express.co.uk/showbiz/tv-radio/754491/Celebrity-Big-Brother-2017-Calum-Best-evicted-next-one-way-ticket-James-Jordan-CBB
2018-04-05 19:27:15,397 :: INFO :: Failed enough in failsSD: http://www.wnd.com/2017/01/social-justice-incompatible-with-end-times-focus/
2018-04-05 19:27:15,397 :: INFO :: This url is already in newscrawl: https://www.policeone.com/patrol-issues/articles/279911006-Ponch-and-Jon-are-back-in-CHiPs-movie-trailer/?utm_source=dlvr.it&utm_medium=twitter
2018-04-05 19:27:15,398 :: INFO :: This url is already in newscrawl: http://www.star-telegram.com/news/state/texas/article126536929.html
2018-04-05 19:27:15,399 :: INFO :: This url is already in newscrawl: http://www.express.co.uk/news/uk/754196/army-housing-soldiers-hotels-taxpayers-accommodation-crisis
2018-04-05 19:27:15,400 :: INFO :: This url is already in newscrawl: https://www.yahoo.com/news/germanys-merkel-warns-trump-against-protectionism-140002428.html
2018-04-05 19:27:15,401 :: INFO :: This url is already in newscrawl: http://www.hindustantimes.com/india-news/singham-redux-mp-town-protests-transfer-of-ips-officer-who-busted-hawala-racket/story-H2r6eRSVirSexihx2eTReI.html
2018-04-05 19:27:15,402 :: INFO :: This url is already in newscrawl: http://www.cbc.ca/1.3935762-
2018-04-05 19:27:15,403 :: INFO :: This url is already in newscrawl: http://insider.foxnews.com/2017/01/14/bikers-trump-wall-meat-inauguration-day-protests-donald-trump
2018-04-05 19:27:15,404 :: INFO :: This url is already in newscrawl: http://www.newsmax.com/MichaelReagan/democrats-russia-ronald-reagan/2016/12/13/id/763730/
2018-04-05 19:27:15,404 :: INFO :: This url is already in newscrawl: https://globalnews.ca/news/3181741/twitter-has-discussed-the-idea-of-banning-donald-trump-report/
2018-04-05 19:27:15,405 :: INFO :: This url is already in newscrawl: http://bleacherreport.com/articles/2687020-australian-open-2017-tv-schedule-day-by-day-listings-for-entire-tournament?utm_source=dlvr.it&utm_medium=twitter
2018-04-05 19:27:15,406 :: INFO :: This url is already in newscrawl: http://observer.com/2017/01/the-clinton-foundation-shuts-down-clinton-global-initiative/#.WHu7nNecaWg.twitter
2018-04-05 19:27:15,407 :: INFO :: This url is already in newscrawl: https://www.theguardian.com/world/2017/jan/15/democrats-inauguration-boycott-john-lewis-trump?CMP=share_btn_tw
2018-04-05 19:27:15,407 :: INFO :: This url is already in newscrawl: https://www.dailykos.com/stories/2017/1/15/1620767/-Watch-a-Republican-Congressman-run-away-from-his-own-meeting-after-huge-turnout-from-constituents
2018-04-05 19:27:15,408 :: INFO :: This url is already in newscrawl: https://www.villagevoice.com/2017/01/11/womens-groups-demand-nypd-reopen-greenpoint-date-rape-cases/
2018-04-05 19:27:15,410 :: INFO :: Failed enough in failsSD: https://blogs.wsj.com/washwire/2017/01/10/unparalleled-resistance-looms-for-trump-after-the-inaugural/
2018-04-05 19:27:15,410 :: INFO :: This url is already in newscrawl: https://www.haaretz.com/israel-news/.premium-1.764782
2018-04-05 19:27:15,411 :: INFO :: This url is already in newscrawl: http://www.sportsnet.ca/hockey/nhl/breaking-jonathan-toewss-career-worst-scoring-output/
2018-04-05 19:27:15,411 :: INFO :: This url is already in newscrawl: https://www.theatlantic.com/international/archive/2017/01/kompromat-trump-dossier/512891/?utm_source=twb
2018-04-05 19:27:15,413 :: INFO :: Failed enough in failsSD: https://www.forbes.com/forbes/welcome/?toURL=https://www.forbes.com/sites/bernardmarr/2016/09/23/how-machine-learning-big-data-and-ai-are-changing-healthcare-forever/&refURL=&referrer=
2018-04-05 19:27:15,414 :: INFO :: This url is already in newscrawl: http://www.independent.co.uk/news/uk/politics/a-c-grayling-general-strike-brexit-coup-parliament-vote-article-50-bristol-interview-remain-eu-a7527831.html
2018-04-05 19:27:15,415 :: INFO :: Failed enough in failsSD: https://naijadailyfeed.wordpress.com/2017/01/15/highlight-manchester-united-1-1-liverpool-premier-league-2017
2018-04-05 19:27:15,418 :: INFO :: Failed enough in failsSD: https://bestofticket.wordpress.com/?p=3650390
2018-04-05 19:27:15,420 :: INFO :: This url is already in newscrawl: https://www.theguardian.com/uk-news/2017/jan/15/hard-brexit-means-retiring-later-britons-warned?CMP=Share_AndroidApp_Tweet
2018-04-05 19:27:15,421 :: INFO :: This url is already in newscrawl: http://www.breitbart.com/sports/2017/01/14/nfl-preview-no-anthem-kneelers-left-save-come-back-nfl-waters/
2018-04-05 19:27:15,422 :: INFO :: This url is already in newscrawl: https://www.theguardian.com/film/2017/jan/14/emily-watson-apple-tree-yard-middle-aged-women-infidelity-sexuality
2018-04-05 19:27:15,423 :: INFO :: This url is already in newscrawl: http://www.telegraph.co.uk/gardening/how-to-grow/pikaplant-maintenance-free-plants-cheer-workplace/
2018-04-05 19:27:15,424 :: INFO :: This url is already in newscrawl: https://www.theguardian.com/global-development-professionals-network/2017/jan/14/aid-in-reverse-how-poor-countries-develop-rich-countries
2018-04-05 19:27:15,425 :: INFO :: This url is already in newscrawl: http://www.ajc.com/news/local/bishop-eddie-long-dies-aggressive-form-cancer-church-says/K7oodHbeXnjyOc3JgVuyVI/
2018-04-05 19:27:15,425 :: INFO :: This url is already in newscrawl: https://www.dailykos.com/stories/2017/01/15/1620784/-Trump-team-warns-ethics-chief-to-be-careful-about-criticizing-Trump
2018-04-05 19:27:15,426 :: INFO :: This url is already in newscrawl: https://mobile.nytimes.com/2017/01/15/arts/donald-trump-saturday-night-live.html?smid=tw-share&referer=
2018-04-05 19:27:15,427 :: INFO :: This url is already in newscrawl: https://mobile.nytimes.com/2017/01/15/us/politics/one-hand-on-light-switch-obama-isnt-flipping-to-off-just-yet.html?referer=
2018-04-05 19:27:15,428 :: INFO :: This url is already in newscrawl: http://comicbook.com/2016/11/03/starship-troopers-reboot-in-development/?utm_campaign=crowdfire&utm_content=crowdfire&utm_medium=social&utm_source=twitter
2018-04-05 19:27:15,428 :: INFO :: This url is already in newscrawl: http://wgntv.com/2017/01/14/ringling-brothers-closing-circus/
2018-04-05 19:27:15,429 :: INFO :: This url is already in newscrawl: http://www.new-magazine.co.uk/celebrity-news/976831/competition-win-a-place-at-a-bridget-jones-themed-boom-cycle-class-and-a-copy-of-the-dvd
2018-04-05 19:34:08,442 :: INFO :: twitter newscrawl-test (version 0.0.1) initialised.
2018-04-05 19:34:08,443 :: WARNING :: WARNING: pls set parallelRequests!!!!!!!!!!!!!
2018-04-05 19:34:08,709 :: INFO :: Reseting tor services...
2018-04-05 19:34:09,286 :: INFO :: Tor services reseted.
2018-04-05 19:34:09,286 :: INFO :: Initializing tor services...
2018-04-05 19:34:10,300 :: INFO :: Tor services initialized.
2018-04-05 19:34:10,301 :: INFO :: New params:
{
	proxyInstanciationRate: 
	{
		alpha: 0.99,
		beta: NormalizedLawBeta.LOG
	},
	browserCount: 2,
	parallelRequests: 2
}
2018-04-05 19:34:10,302 :: INFO :: Reseting tor services...
2018-04-05 19:34:10,858 :: INFO :: Tor services reseted.
2018-04-05 19:34:10,859 :: INFO :: Initializing tor services...
2018-04-05 19:34:11,885 :: INFO :: Tor services initialized.
2018-04-05 19:34:11,886 :: INFO :: Proxies instanciation (score (mean duration in seconds), ip, instanciation):
0	198.12.121.233	-
0	104.160.30.179	-
0	198.12.121.216	
0	104.144.153.56	
0	104.160.13.170	
0	196.16.11.165	
0	107.150.70.6	

2018-04-05 19:34:42,008 :: ERROR :: WARNING: we can't access the remote SD, so we use the localhost...
Exception location: initData hashmap
Exception type: <class 'pymongo.errors.ServerSelectionTimeoutError'>
Exception: ds01.dc01.octopeek.com:27017: [Errno -3] Échec temporaire dans la résolution du nom
Traceback (most recent call last):
  File "/home/hayj/Drive/Workspace/Python/Utils/DataStructureTools/datastructuretools/hashmap.py", line 273, in initData
    verbose=self.verbose,
  File "/home/hayj/Drive/Workspace/Python/Utils/DatabaseTools/databasetools/mongo.py", line 133, in __init__
    self.initDataBase()
  File "/home/hayj/Drive/Workspace/Python/Utils/DatabaseTools/databasetools/mongo.py", line 262, in initDataBase
    self.createIndexes(self.indexOn, unique=True)
  File "/home/hayj/Drive/Workspace/Python/Utils/DatabaseTools/databasetools/mongo.py", line 136, in createIndexes
    self.createIndex(*args, **kwargs)
  File "/home/hayj/Drive/Workspace/Python/Utils/DatabaseTools/databasetools/mongo.py", line 149, in createIndex
    background=background)
  File "/home/hayj/.virtualenvs/newscrawler-venv/lib/python3.5/site-packages/pymongo-3.6.1-py3.5-linux-x86_64.egg/pymongo/collection.py", line 1754, in create_index
    self.__create_index(keys, kwargs, session, **cmd_options)
  File "/home/hayj/.virtualenvs/newscrawler-venv/lib/python3.5/site-packages/pymongo-3.6.1-py3.5-linux-x86_64.egg/pymongo/collection.py", line 1642, in __create_index
    with self._socket_for_writes() as sock_info:
  File "/home/hayj/.virtualenvs/newscrawler-venv/lib/python3.5/site-packages/pymongo-3.6.1-py3.5-linux-x86_64.egg/pymongo/collection.py", line 194, in _socket_for_writes
    return self.__database.client._socket_for_writes()
  File "/home/hayj/.virtualenvs/newscrawler-venv/lib/python3.5/site-packages/pymongo-3.6.1-py3.5-linux-x86_64.egg/pymongo/mongo_client.py", line 968, in _socket_for_writes
    server = self._get_topology().select_server(writable_server_selector)
  File "/home/hayj/.virtualenvs/newscrawler-venv/lib/python3.5/site-packages/pymongo-3.6.1-py3.5-linux-x86_64.egg/pymongo/topology.py", line 224, in select_server
    address))
  File "/home/hayj/.virtualenvs/newscrawler-venv/lib/python3.5/site-packages/pymongo-3.6.1-py3.5-linux-x86_64.egg/pymongo/topology.py", line 183, in select_servers
    selector, server_timeout, address)
  File "/home/hayj/.virtualenvs/newscrawler-venv/lib/python3.5/site-packages/pymongo-3.6.1-py3.5-linux-x86_64.egg/pymongo/topology.py", line 199, in _select_servers_loop
    self._error_message(selector))
pymongo.errors.ServerSelectionTimeoutError: ds01.dc01.octopeek.com:27017: [Errno -3] Échec temporaire dans la résolution du nom

2018-04-05 19:34:42,009 :: ERROR :: WARNING: we can't access the remote SD, so we use the localhost...
Exception location: initData hashmap
Exception type: <class 'pymongo.errors.ServerSelectionTimeoutError'>
Exception: ds01.dc01.octopeek.com:27017: [Errno -3] Échec temporaire dans la résolution du nom
Traceback (most recent call last):
  File "/home/hayj/Drive/Workspace/Python/Utils/DataStructureTools/datastructuretools/hashmap.py", line 273, in initData
    verbose=self.verbose,
  File "/home/hayj/Drive/Workspace/Python/Utils/DatabaseTools/databasetools/mongo.py", line 133, in __init__
    self.initDataBase()
  File "/home/hayj/Drive/Workspace/Python/Utils/DatabaseTools/databasetools/mongo.py", line 262, in initDataBase
    self.createIndexes(self.indexOn, unique=True)
  File "/home/hayj/Drive/Workspace/Python/Utils/DatabaseTools/databasetools/mongo.py", line 136, in createIndexes
    self.createIndex(*args, **kwargs)
  File "/home/hayj/Drive/Workspace/Python/Utils/DatabaseTools/databasetools/mongo.py", line 149, in createIndex
    background=background)
  File "/home/hayj/.virtualenvs/newscrawler-venv/lib/python3.5/site-packages/pymongo-3.6.1-py3.5-linux-x86_64.egg/pymongo/collection.py", line 1754, in create_index
    self.__create_index(keys, kwargs, session, **cmd_options)
  File "/home/hayj/.virtualenvs/newscrawler-venv/lib/python3.5/site-packages/pymongo-3.6.1-py3.5-linux-x86_64.egg/pymongo/collection.py", line 1642, in __create_index
    with self._socket_for_writes() as sock_info:
  File "/home/hayj/.virtualenvs/newscrawler-venv/lib/python3.5/site-packages/pymongo-3.6.1-py3.5-linux-x86_64.egg/pymongo/collection.py", line 194, in _socket_for_writes
    return self.__database.client._socket_for_writes()
  File "/home/hayj/.virtualenvs/newscrawler-venv/lib/python3.5/site-packages/pymongo-3.6.1-py3.5-linux-x86_64.egg/pymongo/mongo_client.py", line 968, in _socket_for_writes
    server = self._get_topology().select_server(writable_server_selector)
  File "/home/hayj/.virtualenvs/newscrawler-venv/lib/python3.5/site-packages/pymongo-3.6.1-py3.5-linux-x86_64.egg/pymongo/topology.py", line 224, in select_server
    address))
  File "/home/hayj/.virtualenvs/newscrawler-venv/lib/python3.5/site-packages/pymongo-3.6.1-py3.5-linux-x86_64.egg/pymongo/topology.py", line 183, in select_servers
    selector, server_timeout, address)
  File "/home/hayj/.virtualenvs/newscrawler-venv/lib/python3.5/site-packages/pymongo-3.6.1-py3.5-linux-x86_64.egg/pymongo/topology.py", line 199, in _select_servers_loop
    self._error_message(selector))
pymongo.errors.ServerSelectionTimeoutError: ds01.dc01.octopeek.com:27017: [Errno -3] Échec temporaire dans la résolution du nom

2018-04-05 19:34:42,013 :: INFO :: serializabledict domainduplicate initialised.
2018-04-05 19:34:42,014 :: INFO :: serializabledict domainduplicate initialised.
2018-04-05 19:34:42,017 :: INFO :: This url is already in newscrawl: http://bit.ly/2DVd8jm
2018-04-05 19:34:42,017 :: INFO :: This url is already in newscrawl: http://www.reuters.com/article/us-philippines-politics-robredo-idUSKBN1411NN?feedType=RSS&feedName=worldNews&utm_source=dlvr.it&utm_medium=twitter
2018-04-05 19:34:42,018 :: INFO :: This url is already in newscrawl: http://www.thehindu.com/news/Heavy-rains-likely-over-north-interior-T.N.-south-Karnataka-and-north-Kerala/article16793334.ece
2018-04-05 19:34:42,019 :: INFO :: This url is already in newscrawl: https://www.cbsnews.com/news/2-cops-shot-but-shoot-back-while-serving-drugs-search-warrant-in-georgia/
2018-04-05 19:34:42,019 :: INFO :: This url is already in newscrawl: http://www.reuters.com/article/idUSASC09MY8?type=companyNews&feedType=RSS&feedName=companyNews
2018-04-05 19:34:42,020 :: INFO :: This url is already in newscrawl: http://www.taipeitimes.com/News/biz/print/2008/02/23/2003402550
2018-04-05 19:34:42,021 :: INFO :: This url is already in newscrawl: https://www.washingtonpost.com/world/chinese-paper-calls-trump-as-ignorant-as-a-childafter-taiwan-comment/2016/12/12/d91fbaea-c02c-11e6-b20d-3075b273feeb_story.html
2018-04-05 19:34:42,021 :: INFO :: This url is already in newscrawl: http://www.independent.co.uk/news/uk/home-news/national-action-british-neo-nazi-group-to-be-classed-as-terror-organisation-and-banned-first-time-a7468136.html
2018-04-05 19:34:42,022 :: INFO :: This url is already in newscrawl: https://www.washingtonpost.com/blogs/plum-line/wp/2016/12/12/top-republicans-respond-to-russia-news-with-ludicrous-and-dangerous-spin/?utm_term=.f8366a27fc42
2018-04-05 19:34:42,024 :: INFO :: Failed enough in failsSD: https://www.alternet.org/activism/8-strategies-confronting-hate-dont-involve-safety-pin
2018-04-05 19:34:42,025 :: INFO :: This url is already in newscrawl: https://www.theguardian.com/australia-news/2016/dec/12/dylan-voller-says-he-felt-defenceless-panicked-restraint-chair-don-dale-northern-territory?CMP=share_btn_tw
2018-04-05 19:34:42,027 :: INFO :: This url is already in newscrawl: https://www.theguardian.com/us-news/2016/dec/12/american-muslims-march-white-house-nseers?utm_source=dlvr.it&utm_medium=twitter
2018-04-05 19:34:42,029 :: INFO :: This url is already in newscrawl: https://www.theguardian.com/us-news/2016/dec/12/donald-trump-environment-climate-change-skeptics?CMP=Share_AndroidApp_Tweet
2018-04-05 19:34:42,030 :: INFO :: This url is already in newscrawl: http://www.reuters.com/article/us-eu-congo-sanctions-idUSKBN1411RY?feedType=RSS&feedName=worldNews&utm_source=dlvr.it&utm_medium=twitter
2018-04-05 19:34:42,031 :: INFO :: This url is already in newscrawl: http://www.truth-out.org/opinion/item/38682-socialism-for-the-rich-capitalism-for-the-poor-an-interview-with-noam-chomsky
2018-04-05 19:34:42,031 :: INFO :: This url is already in newscrawl: http://www.corrections.com/articles/45006?utm_source=dlvr.it&utm_medium=twitter
2018-04-05 19:34:42,032 :: INFO :: This url is already in newscrawl: https://www.huffingtonpost.com/entry/natasha-stoynoff-donald-trump-witnesses-people-magazine_us_58067448e4b0b994d4c21138?ncid=engmodushpmg00000004
2018-04-05 19:34:42,033 :: INFO :: This url is already in newscrawl: https://www.theguardian.com/global-development/2017/jan/13/human-rights-abuses-bahrain-cast-shadow-over-2m-uk-aid-support
2018-04-05 19:34:42,034 :: INFO :: This url is already in newscrawl: http://www.breitbart.com/big-government/2017/01/14/tancredo-report-reveals-massive-indoctrination-students-universities-transformative-civic-engagement/
2018-04-05 19:34:42,035 :: INFO :: This url is already in newscrawl: https://www.christiancentury.org/blog-post/how-king%E2%80%99s-political-vision-became-politically-irrelevant
2018-04-05 19:34:42,036 :: INFO :: This url is already in newscrawl: http://guardian.ng/news/borno-bans-sales-of-charcoal-firewood-on-streets/?F
2018-04-05 19:34:42,036 :: INFO :: This url is already in newscrawl: https://www.forbes.com/sites/insertcoin/2017/01/15/how-to-fix-pokemon-gos-annoying-ios-audio-dampening-bug/?utm_source=yahoo&utm_medium=partner&utm_campaign=yahootix&partner=yahootix#7ebfead722d3
2018-04-05 19:34:42,037 :: INFO :: This url is already in newscrawl: http://www.telegraph.co.uk/news/2017/01/15/anis-amri-high-ecstasy-cocaine-berlin-market-attack/
2018-04-05 19:34:42,039 :: INFO :: This url is already in newscrawl: https://www.fastcompany.com/3066849/qualcomm-drones-vr-cars-satellites
2018-04-05 19:34:42,040 :: INFO :: This url is already in newscrawl: http://mashable.com/2017/01/14/niagara-falls-runs-dry/?utm_cid=hp-h-7#g4HW5mbDX5qj
2018-04-05 19:34:42,041 :: INFO :: This url is already in newscrawl: http://www.miamiherald.com/news/nation-world/world/americas/guantanamo/article123591209.html
2018-04-05 19:34:42,041 :: INFO :: This url is already in newscrawl: http://www.presidency.ucsb.edu/ws/index.php?pid=14392&st=&st1=
2018-04-05 19:34:42,042 :: INFO :: This url is already in newscrawl: https://www.huffingtonpost.com/entry/cornell-william-brooks-donald-trump_us_587a8a9ae4b09281d0eb4a51?ncid=engmodushpmg00000004
2018-04-05 19:34:42,043 :: INFO :: This url is already in newscrawl: https://hotair.com/archives/2017/01/15/latest-hot-rumor-trump-to-boot-the-press-corps-from-the-white-house/
2018-04-05 19:34:42,044 :: INFO :: This url is already in newscrawl: http://news.sky.com/story/hunt-to-get-15m-payout-from-hotcourses-sale-amid-nhs-crisis-10730426
2018-04-05 19:34:42,044 :: INFO :: This url is already in newscrawl: https://www.huffingtonpost.com/entry/mike-coffman-pushback-obamacare-repeal_us_587b8ca4e4b09281d0eb5f7c?ncid=engmodushpmg00000004
2018-04-05 19:34:42,045 :: INFO :: This url is already in newscrawl: http://www.express.co.uk/showbiz/tv-radio/754491/Celebrity-Big-Brother-2017-Calum-Best-evicted-next-one-way-ticket-James-Jordan-CBB
2018-04-05 19:34:42,047 :: INFO :: Failed enough in failsSD: http://www.wnd.com/2017/01/social-justice-incompatible-with-end-times-focus/
2018-04-05 19:34:42,048 :: INFO :: This url is already in newscrawl: https://www.policeone.com/patrol-issues/articles/279911006-Ponch-and-Jon-are-back-in-CHiPs-movie-trailer/?utm_source=dlvr.it&utm_medium=twitter
2018-04-05 19:34:42,049 :: INFO :: This url is already in newscrawl: http://www.star-telegram.com/news/state/texas/article126536929.html
2018-04-05 19:34:42,049 :: INFO :: This url is already in newscrawl: http://www.express.co.uk/news/uk/754196/army-housing-soldiers-hotels-taxpayers-accommodation-crisis
2018-04-05 19:34:42,050 :: INFO :: This url is already in newscrawl: https://www.yahoo.com/news/germanys-merkel-warns-trump-against-protectionism-140002428.html
2018-04-05 19:34:42,051 :: INFO :: This url is already in newscrawl: http://www.hindustantimes.com/india-news/singham-redux-mp-town-protests-transfer-of-ips-officer-who-busted-hawala-racket/story-H2r6eRSVirSexihx2eTReI.html
2018-04-05 19:34:42,052 :: INFO :: This url is already in newscrawl: http://www.cbc.ca/1.3935762-
2018-04-05 19:34:42,053 :: INFO :: This url is already in newscrawl: http://insider.foxnews.com/2017/01/14/bikers-trump-wall-meat-inauguration-day-protests-donald-trump
2018-04-05 19:34:42,054 :: INFO :: This url is already in newscrawl: http://www.newsmax.com/MichaelReagan/democrats-russia-ronald-reagan/2016/12/13/id/763730/
2018-04-05 19:34:42,055 :: INFO :: This url is already in newscrawl: https://globalnews.ca/news/3181741/twitter-has-discussed-the-idea-of-banning-donald-trump-report/
2018-04-05 19:34:42,056 :: INFO :: This url is already in newscrawl: http://bleacherreport.com/articles/2687020-australian-open-2017-tv-schedule-day-by-day-listings-for-entire-tournament?utm_source=dlvr.it&utm_medium=twitter
2018-04-05 19:34:42,056 :: INFO :: This url is already in newscrawl: http://observer.com/2017/01/the-clinton-foundation-shuts-down-clinton-global-initiative/#.WHu7nNecaWg.twitter
2018-04-05 19:34:42,058 :: INFO :: This url is already in newscrawl: https://www.theguardian.com/world/2017/jan/15/democrats-inauguration-boycott-john-lewis-trump?CMP=share_btn_tw
2018-04-05 19:34:42,059 :: INFO :: This url is already in newscrawl: https://www.dailykos.com/stories/2017/1/15/1620767/-Watch-a-Republican-Congressman-run-away-from-his-own-meeting-after-huge-turnout-from-constituents
2018-04-05 19:34:42,060 :: INFO :: This url is already in newscrawl: https://www.villagevoice.com/2017/01/11/womens-groups-demand-nypd-reopen-greenpoint-date-rape-cases/
2018-04-05 19:34:42,063 :: INFO :: Failed enough in failsSD: https://blogs.wsj.com/washwire/2017/01/10/unparalleled-resistance-looms-for-trump-after-the-inaugural/
2018-04-05 19:34:42,063 :: INFO :: This url is already in newscrawl: https://www.haaretz.com/israel-news/.premium-1.764782
2018-04-05 19:34:42,064 :: INFO :: This url is already in newscrawl: http://www.sportsnet.ca/hockey/nhl/breaking-jonathan-toewss-career-worst-scoring-output/
2018-04-05 19:34:42,064 :: INFO :: This url is already in newscrawl: https://www.theatlantic.com/international/archive/2017/01/kompromat-trump-dossier/512891/?utm_source=twb
2018-04-05 19:34:42,067 :: INFO :: Failed enough in failsSD: https://www.forbes.com/forbes/welcome/?toURL=https://www.forbes.com/sites/bernardmarr/2016/09/23/how-machine-learning-big-data-and-ai-are-changing-healthcare-forever/&refURL=&referrer=
2018-04-05 19:34:42,067 :: INFO :: This url is already in newscrawl: http://www.independent.co.uk/news/uk/politics/a-c-grayling-general-strike-brexit-coup-parliament-vote-article-50-bristol-interview-remain-eu-a7527831.html
2018-04-05 19:34:42,069 :: INFO :: Failed enough in failsSD: https://naijadailyfeed.wordpress.com/2017/01/15/highlight-manchester-united-1-1-liverpool-premier-league-2017
2018-04-05 19:34:42,070 :: INFO :: Failed enough in failsSD: https://bestofticket.wordpress.com/?p=3650390
2018-04-05 19:34:42,072 :: INFO :: This url is already in newscrawl: https://www.theguardian.com/uk-news/2017/jan/15/hard-brexit-means-retiring-later-britons-warned?CMP=Share_AndroidApp_Tweet
2018-04-05 19:34:42,072 :: INFO :: This url is already in newscrawl: http://www.breitbart.com/sports/2017/01/14/nfl-preview-no-anthem-kneelers-left-save-come-back-nfl-waters/
2018-04-05 19:34:42,074 :: INFO :: This url is already in newscrawl: https://www.theguardian.com/film/2017/jan/14/emily-watson-apple-tree-yard-middle-aged-women-infidelity-sexuality
2018-04-05 19:34:42,074 :: INFO :: This url is already in newscrawl: http://www.telegraph.co.uk/gardening/how-to-grow/pikaplant-maintenance-free-plants-cheer-workplace/
2018-04-05 19:34:42,075 :: INFO :: This url is already in newscrawl: https://www.theguardian.com/global-development-professionals-network/2017/jan/14/aid-in-reverse-how-poor-countries-develop-rich-countries
2018-04-05 19:34:42,076 :: INFO :: This url is already in newscrawl: http://www.ajc.com/news/local/bishop-eddie-long-dies-aggressive-form-cancer-church-says/K7oodHbeXnjyOc3JgVuyVI/
2018-04-05 19:34:42,077 :: INFO :: This url is already in newscrawl: https://www.dailykos.com/stories/2017/01/15/1620784/-Trump-team-warns-ethics-chief-to-be-careful-about-criticizing-Trump
2018-04-05 19:34:42,078 :: INFO :: This url is already in newscrawl: https://mobile.nytimes.com/2017/01/15/arts/donald-trump-saturday-night-live.html?smid=tw-share&referer=
2018-04-05 19:34:42,079 :: INFO :: This url is already in newscrawl: https://mobile.nytimes.com/2017/01/15/us/politics/one-hand-on-light-switch-obama-isnt-flipping-to-off-just-yet.html?referer=
2018-04-05 19:34:42,079 :: INFO :: This url is already in newscrawl: http://comicbook.com/2016/11/03/starship-troopers-reboot-in-development/?utm_campaign=crowdfire&utm_content=crowdfire&utm_medium=social&utm_source=twitter
2018-04-05 19:34:42,080 :: INFO :: This url is already in newscrawl: http://wgntv.com/2017/01/14/ringling-brothers-closing-circus/
2018-04-05 19:34:42,080 :: INFO :: This url is already in newscrawl: http://www.new-magazine.co.uk/celebrity-news/976831/competition-win-a-place-at-a-bridget-jones-themed-boom-cycle-class-and-a-copy-of-the-dvd
2018-04-05 19:34:45,042 :: ERROR :: Exception location: privateGet
Exception type: <class 'requests.exceptions.ProxyError'>
Exception: HTTPSConnectionPool(host='world.einnews.com', port=443): Max retries exceeded with url: /article/362102643/K-DcH9_wLwBYdgG9 (Caused by ProxyError('Cannot connect to proxy.', NewConnectionError("<urllib3.connection.VerifiedHTTPSConnection object at 0x7fe00808f5c0>: Failed to establish a new connection: [Errno 101] Le réseau n'est pas accessible",)))
Traceback (most recent call last):
  File "/home/hayj/.virtualenvs/newscrawler-venv/lib/python3.5/site-packages/urllib3-1.22-py3.5.egg/urllib3/connection.py", line 141, in _new_conn
    (self.host, self.port), self.timeout, **extra_kw)
  File "/home/hayj/.virtualenvs/newscrawler-venv/lib/python3.5/site-packages/urllib3-1.22-py3.5.egg/urllib3/util/connection.py", line 83, in create_connection
    raise err
  File "/home/hayj/.virtualenvs/newscrawler-venv/lib/python3.5/site-packages/urllib3-1.22-py3.5.egg/urllib3/util/connection.py", line 73, in create_connection
    sock.connect(sa)
OSError: [Errno 101] Le réseau n'est pas accessible

During handling of the above exception, another exception occurred:

Traceback (most recent call last):
  File "/home/hayj/.virtualenvs/newscrawler-venv/lib/python3.5/site-packages/urllib3-1.22-py3.5.egg/urllib3/connectionpool.py", line 595, in urlopen
    self._prepare_proxy(conn)
  File "/home/hayj/.virtualenvs/newscrawler-venv/lib/python3.5/site-packages/urllib3-1.22-py3.5.egg/urllib3/connectionpool.py", line 816, in _prepare_proxy
    conn.connect()
  File "/home/hayj/.virtualenvs/newscrawler-venv/lib/python3.5/site-packages/urllib3-1.22-py3.5.egg/urllib3/connection.py", line 284, in connect
    conn = self._new_conn()
  File "/home/hayj/.virtualenvs/newscrawler-venv/lib/python3.5/site-packages/urllib3-1.22-py3.5.egg/urllib3/connection.py", line 150, in _new_conn
    self, "Failed to establish a new connection: %s" % e)
urllib3.exceptions.NewConnectionError: <urllib3.connection.VerifiedHTTPSConnection object at 0x7fe00808f5c0>: Failed to establish a new connection: [Errno 101] Le réseau n'est pas accessible

During handling of the above exception, another exception occurred:

Traceback (most recent call last):
  File "/home/hayj/.virtualenvs/newscrawler-venv/lib/python3.5/site-packages/requests-2.18.4-py3.5.egg/requests/adapters.py", line 440, in send
    timeout=timeout
  File "/home/hayj/.virtualenvs/newscrawler-venv/lib/python3.5/site-packages/urllib3-1.22-py3.5.egg/urllib3/connectionpool.py", line 639, in urlopen
    _stacktrace=sys.exc_info()[2])
  File "/home/hayj/.virtualenvs/newscrawler-venv/lib/python3.5/site-packages/urllib3-1.22-py3.5.egg/urllib3/util/retry.py", line 388, in increment
    raise MaxRetryError(_pool, url, error or ResponseError(cause))
urllib3.exceptions.MaxRetryError: HTTPSConnectionPool(host='world.einnews.com', port=443): Max retries exceeded with url: /article/362102643/K-DcH9_wLwBYdgG9 (Caused by ProxyError('Cannot connect to proxy.', NewConnectionError("<urllib3.connection.VerifiedHTTPSConnection object at 0x7fe00808f5c0>: Failed to establish a new connection: [Errno 101] Le réseau n'est pas accessible",)))

During handling of the above exception, another exception occurred:

Traceback (most recent call last):
  File "/home/hayj/Drive/Workspace/Python/Crawling/WebBrowser/hjwebbrowser/httpbrowser.py", line 268, in privateGet
    headers=self.header,
  File "/home/hayj/.virtualenvs/newscrawler-venv/lib/python3.5/site-packages/requests-2.18.4-py3.5.egg/requests/api.py", line 72, in get
    return request('get', url, params=params, **kwargs)
  File "/home/hayj/.virtualenvs/newscrawler-venv/lib/python3.5/site-packages/requests-2.18.4-py3.5.egg/requests/api.py", line 58, in request
    return session.request(method=method, url=url, **kwargs)
  File "/home/hayj/.virtualenvs/newscrawler-venv/lib/python3.5/site-packages/requests-2.18.4-py3.5.egg/requests/sessions.py", line 508, in request
    resp = self.send(prep, **send_kwargs)
  File "/home/hayj/.virtualenvs/newscrawler-venv/lib/python3.5/site-packages/requests-2.18.4-py3.5.egg/requests/sessions.py", line 618, in send
    r = adapter.send(request, **kwargs)
  File "/home/hayj/.virtualenvs/newscrawler-venv/lib/python3.5/site-packages/requests-2.18.4-py3.5.egg/requests/adapters.py", line 502, in send
    raise ProxyError(e, request=request)
requests.exceptions.ProxyError: HTTPSConnectionPool(host='world.einnews.com', port=443): Max retries exceeded with url: /article/362102643/K-DcH9_wLwBYdgG9 (Caused by ProxyError('Cannot connect to proxy.', NewConnectionError("<urllib3.connection.VerifiedHTTPSConnection object at 0x7fe00808f5c0>: Failed to establish a new connection: [Errno 101] Le réseau n'est pas accessible",)))

2018-04-05 19:34:45,042 :: ERROR :: Getting https://world.einnews.com/article/362102643/K-DcH9_wLwBYdgG9 error. httpsconnectionpool(host='world.einnews.com', port=443): max retries exceeded with url: /article/362102643/k-dch9_wlwbydgg9 (caused by proxyerror('cannot connect to proxy.', newconnectionerror("<urllib3.connection.verifiedhttpsconnection object at 0x7fe00808f5c0>: failed to establish a new connection: [errno 101] le réseau n'est pas accessible",)))
2018-04-05 19:34:45,301 :: ERROR :: Exception location: privateGet
Exception type: <class 'requests.exceptions.ProxyError'>
Exception: HTTPSConnectionPool(host='www.haaretz.com', port=443): Max retries exceeded with url: /israel-news/.premium-1.764989 (Caused by ProxyError('Cannot connect to proxy.', NewConnectionError("<urllib3.connection.VerifiedHTTPSConnection object at 0x7fdff87c8198>: Failed to establish a new connection: [Errno 101] Le réseau n'est pas accessible",)))
Traceback (most recent call last):
  File "/home/hayj/.virtualenvs/newscrawler-venv/lib/python3.5/site-packages/urllib3-1.22-py3.5.egg/urllib3/connection.py", line 141, in _new_conn
    (self.host, self.port), self.timeout, **extra_kw)
  File "/home/hayj/.virtualenvs/newscrawler-venv/lib/python3.5/site-packages/urllib3-1.22-py3.5.egg/urllib3/util/connection.py", line 83, in create_connection
    raise err
  File "/home/hayj/.virtualenvs/newscrawler-venv/lib/python3.5/site-packages/urllib3-1.22-py3.5.egg/urllib3/util/connection.py", line 73, in create_connection
    sock.connect(sa)
OSError: [Errno 101] Le réseau n'est pas accessible

During handling of the above exception, another exception occurred:

Traceback (most recent call last):
  File "/home/hayj/.virtualenvs/newscrawler-venv/lib/python3.5/site-packages/urllib3-1.22-py3.5.egg/urllib3/connectionpool.py", line 595, in urlopen
    self._prepare_proxy(conn)
  File "/home/hayj/.virtualenvs/newscrawler-venv/lib/python3.5/site-packages/urllib3-1.22-py3.5.egg/urllib3/connectionpool.py", line 816, in _prepare_proxy
    conn.connect()
  File "/home/hayj/.virtualenvs/newscrawler-venv/lib/python3.5/site-packages/urllib3-1.22-py3.5.egg/urllib3/connection.py", line 284, in connect
    conn = self._new_conn()
  File "/home/hayj/.virtualenvs/newscrawler-venv/lib/python3.5/site-packages/urllib3-1.22-py3.5.egg/urllib3/connection.py", line 150, in _new_conn
    self, "Failed to establish a new connection: %s" % e)
urllib3.exceptions.NewConnectionError: <urllib3.connection.VerifiedHTTPSConnection object at 0x7fdff87c8198>: Failed to establish a new connection: [Errno 101] Le réseau n'est pas accessible

During handling of the above exception, another exception occurred:

Traceback (most recent call last):
  File "/home/hayj/.virtualenvs/newscrawler-venv/lib/python3.5/site-packages/requests-2.18.4-py3.5.egg/requests/adapters.py", line 440, in send
    timeout=timeout
  File "/home/hayj/.virtualenvs/newscrawler-venv/lib/python3.5/site-packages/urllib3-1.22-py3.5.egg/urllib3/connectionpool.py", line 639, in urlopen
    _stacktrace=sys.exc_info()[2])
  File "/home/hayj/.virtualenvs/newscrawler-venv/lib/python3.5/site-packages/urllib3-1.22-py3.5.egg/urllib3/util/retry.py", line 388, in increment
    raise MaxRetryError(_pool, url, error or ResponseError(cause))
urllib3.exceptions.MaxRetryError: HTTPSConnectionPool(host='www.haaretz.com', port=443): Max retries exceeded with url: /israel-news/.premium-1.764989 (Caused by ProxyError('Cannot connect to proxy.', NewConnectionError("<urllib3.connection.VerifiedHTTPSConnection object at 0x7fdff87c8198>: Failed to establish a new connection: [Errno 101] Le réseau n'est pas accessible",)))

During handling of the above exception, another exception occurred:

Traceback (most recent call last):
  File "/home/hayj/Drive/Workspace/Python/Crawling/WebBrowser/hjwebbrowser/httpbrowser.py", line 268, in privateGet
    headers=self.header,
  File "/home/hayj/.virtualenvs/newscrawler-venv/lib/python3.5/site-packages/requests-2.18.4-py3.5.egg/requests/api.py", line 72, in get
    return request('get', url, params=params, **kwargs)
  File "/home/hayj/.virtualenvs/newscrawler-venv/lib/python3.5/site-packages/requests-2.18.4-py3.5.egg/requests/api.py", line 58, in request
    return session.request(method=method, url=url, **kwargs)
  File "/home/hayj/.virtualenvs/newscrawler-venv/lib/python3.5/site-packages/requests-2.18.4-py3.5.egg/requests/sessions.py", line 508, in request
    resp = self.send(prep, **send_kwargs)
  File "/home/hayj/.virtualenvs/newscrawler-venv/lib/python3.5/site-packages/requests-2.18.4-py3.5.egg/requests/sessions.py", line 618, in send
    r = adapter.send(request, **kwargs)
  File "/home/hayj/.virtualenvs/newscrawler-venv/lib/python3.5/site-packages/requests-2.18.4-py3.5.egg/requests/adapters.py", line 502, in send
    raise ProxyError(e, request=request)
requests.exceptions.ProxyError: HTTPSConnectionPool(host='www.haaretz.com', port=443): Max retries exceeded with url: /israel-news/.premium-1.764989 (Caused by ProxyError('Cannot connect to proxy.', NewConnectionError("<urllib3.connection.VerifiedHTTPSConnection object at 0x7fdff87c8198>: Failed to establish a new connection: [Errno 101] Le réseau n'est pas accessible",)))

2018-04-05 19:34:45,302 :: ERROR :: Getting https://www.haaretz.com/israel-news/.premium-1.764989 error. httpsconnectionpool(host='www.haaretz.com', port=443): max retries exceeded with url: /israel-news/.premium-1.764989 (caused by proxyerror('cannot connect to proxy.', newconnectionerror("<urllib3.connection.verifiedhttpsconnection object at 0x7fdff87c8198>: failed to establish a new connection: [errno 101] le réseau n'est pas accessible",)))
2018-04-05 19:34:50,402 :: ERROR :: Exception location: privateGet
Exception type: <class 'requests.exceptions.ConnectionError'>
Exception: HTTPSConnectionPool(host='world.einnews.com', port=443): Max retries exceeded with url: /article/362102643/K-DcH9_wLwBYdgG9 (Caused by NewConnectionError('<urllib3.connection.VerifiedHTTPSConnection object at 0x7fdff87c87f0>: Failed to establish a new connection: [Errno -3] Échec temporaire dans la résolution du nom',))
Traceback (most recent call last):
  File "/home/hayj/.virtualenvs/newscrawler-venv/lib/python3.5/site-packages/urllib3-1.22-py3.5.egg/urllib3/connection.py", line 141, in _new_conn
    (self.host, self.port), self.timeout, **extra_kw)
  File "/home/hayj/.virtualenvs/newscrawler-venv/lib/python3.5/site-packages/urllib3-1.22-py3.5.egg/urllib3/util/connection.py", line 83, in create_connection
    raise err
  File "/home/hayj/.virtualenvs/newscrawler-venv/lib/python3.5/site-packages/urllib3-1.22-py3.5.egg/urllib3/util/connection.py", line 73, in create_connection
    sock.connect(sa)
OSError: [Errno 101] Le réseau n'est pas accessible

During handling of the above exception, another exception occurred:

Traceback (most recent call last):
  File "/home/hayj/.virtualenvs/newscrawler-venv/lib/python3.5/site-packages/urllib3-1.22-py3.5.egg/urllib3/connectionpool.py", line 595, in urlopen
    self._prepare_proxy(conn)
  File "/home/hayj/.virtualenvs/newscrawler-venv/lib/python3.5/site-packages/urllib3-1.22-py3.5.egg/urllib3/connectionpool.py", line 816, in _prepare_proxy
    conn.connect()
  File "/home/hayj/.virtualenvs/newscrawler-venv/lib/python3.5/site-packages/urllib3-1.22-py3.5.egg/urllib3/connection.py", line 284, in connect
    conn = self._new_conn()
  File "/home/hayj/.virtualenvs/newscrawler-venv/lib/python3.5/site-packages/urllib3-1.22-py3.5.egg/urllib3/connection.py", line 150, in _new_conn
    self, "Failed to establish a new connection: %s" % e)
urllib3.exceptions.NewConnectionError: <urllib3.connection.VerifiedHTTPSConnection object at 0x7fe00808f5c0>: Failed to establish a new connection: [Errno 101] Le réseau n'est pas accessible

During handling of the above exception, another exception occurred:

Traceback (most recent call last):
  File "/home/hayj/.virtualenvs/newscrawler-venv/lib/python3.5/site-packages/requests-2.18.4-py3.5.egg/requests/adapters.py", line 440, in send
    timeout=timeout
  File "/home/hayj/.virtualenvs/newscrawler-venv/lib/python3.5/site-packages/urllib3-1.22-py3.5.egg/urllib3/connectionpool.py", line 639, in urlopen
    _stacktrace=sys.exc_info()[2])
  File "/home/hayj/.virtualenvs/newscrawler-venv/lib/python3.5/site-packages/urllib3-1.22-py3.5.egg/urllib3/util/retry.py", line 388, in increment
    raise MaxRetryError(_pool, url, error or ResponseError(cause))
urllib3.exceptions.MaxRetryError: HTTPSConnectionPool(host='world.einnews.com', port=443): Max retries exceeded with url: /article/362102643/K-DcH9_wLwBYdgG9 (Caused by ProxyError('Cannot connect to proxy.', NewConnectionError("<urllib3.connection.VerifiedHTTPSConnection object at 0x7fe00808f5c0>: Failed to establish a new connection: [Errno 101] Le réseau n'est pas accessible",)))

During handling of the above exception, another exception occurred:

Traceback (most recent call last):
  File "/home/hayj/Drive/Workspace/Python/Crawling/WebBrowser/hjwebbrowser/httpbrowser.py", line 268, in privateGet
    headers=self.header,
  File "/home/hayj/.virtualenvs/newscrawler-venv/lib/python3.5/site-packages/requests-2.18.4-py3.5.egg/requests/api.py", line 72, in get
    return request('get', url, params=params, **kwargs)
  File "/home/hayj/.virtualenvs/newscrawler-venv/lib/python3.5/site-packages/requests-2.18.4-py3.5.egg/requests/api.py", line 58, in request
    return session.request(method=method, url=url, **kwargs)
  File "/home/hayj/.virtualenvs/newscrawler-venv/lib/python3.5/site-packages/requests-2.18.4-py3.5.egg/requests/sessions.py", line 508, in request
    resp = self.send(prep, **send_kwargs)
  File "/home/hayj/.virtualenvs/newscrawler-venv/lib/python3.5/site-packages/requests-2.18.4-py3.5.egg/requests/sessions.py", line 618, in send
    r = adapter.send(request, **kwargs)
  File "/home/hayj/.virtualenvs/newscrawler-venv/lib/python3.5/site-packages/requests-2.18.4-py3.5.egg/requests/adapters.py", line 502, in send
    raise ProxyError(e, request=request)
requests.exceptions.ProxyError: HTTPSConnectionPool(host='world.einnews.com', port=443): Max retries exceeded with url: /article/362102643/K-DcH9_wLwBYdgG9 (Caused by ProxyError('Cannot connect to proxy.', NewConnectionError("<urllib3.connection.VerifiedHTTPSConnection object at 0x7fe00808f5c0>: Failed to establish a new connection: [Errno 101] Le réseau n'est pas accessible",)))

During handling of the above exception, another exception occurred:

Traceback (most recent call last):
  File "/home/hayj/.virtualenvs/newscrawler-venv/lib/python3.5/site-packages/urllib3-1.22-py3.5.egg/urllib3/connection.py", line 141, in _new_conn
    (self.host, self.port), self.timeout, **extra_kw)
  File "/home/hayj/.virtualenvs/newscrawler-venv/lib/python3.5/site-packages/urllib3-1.22-py3.5.egg/urllib3/util/connection.py", line 60, in create_connection
    for res in socket.getaddrinfo(host, port, family, socket.SOCK_STREAM):
  File "/home/hayj/Programs/python-3.5.4/lib/python3.5/socket.py", line 733, in getaddrinfo
    for res in _socket.getaddrinfo(host, port, family, type, proto, flags):
socket.gaierror: [Errno -3] Échec temporaire dans la résolution du nom

During handling of the above exception, another exception occurred:

Traceback (most recent call last):
  File "/home/hayj/.virtualenvs/newscrawler-venv/lib/python3.5/site-packages/urllib3-1.22-py3.5.egg/urllib3/connectionpool.py", line 601, in urlopen
    chunked=chunked)
  File "/home/hayj/.virtualenvs/newscrawler-venv/lib/python3.5/site-packages/urllib3-1.22-py3.5.egg/urllib3/connectionpool.py", line 346, in _make_request
    self._validate_conn(conn)
  File "/home/hayj/.virtualenvs/newscrawler-venv/lib/python3.5/site-packages/urllib3-1.22-py3.5.egg/urllib3/connectionpool.py", line 850, in _validate_conn
    conn.connect()
  File "/home/hayj/.virtualenvs/newscrawler-venv/lib/python3.5/site-packages/urllib3-1.22-py3.5.egg/urllib3/connection.py", line 284, in connect
    conn = self._new_conn()
  File "/home/hayj/.virtualenvs/newscrawler-venv/lib/python3.5/site-packages/urllib3-1.22-py3.5.egg/urllib3/connection.py", line 150, in _new_conn
    self, "Failed to establish a new connection: %s" % e)
urllib3.exceptions.NewConnectionError: <urllib3.connection.VerifiedHTTPSConnection object at 0x7fdff87c87f0>: Failed to establish a new connection: [Errno -3] Échec temporaire dans la résolution du nom

During handling of the above exception, another exception occurred:

Traceback (most recent call last):
  File "/home/hayj/.virtualenvs/newscrawler-venv/lib/python3.5/site-packages/requests-2.18.4-py3.5.egg/requests/adapters.py", line 440, in send
    timeout=timeout
  File "/home/hayj/.virtualenvs/newscrawler-venv/lib/python3.5/site-packages/urllib3-1.22-py3.5.egg/urllib3/connectionpool.py", line 639, in urlopen
    _stacktrace=sys.exc_info()[2])
  File "/home/hayj/.virtualenvs/newscrawler-venv/lib/python3.5/site-packages/urllib3-1.22-py3.5.egg/urllib3/util/retry.py", line 388, in increment
    raise MaxRetryError(_pool, url, error or ResponseError(cause))
urllib3.exceptions.MaxRetryError: HTTPSConnectionPool(host='world.einnews.com', port=443): Max retries exceeded with url: /article/362102643/K-DcH9_wLwBYdgG9 (Caused by NewConnectionError('<urllib3.connection.VerifiedHTTPSConnection object at 0x7fdff87c87f0>: Failed to establish a new connection: [Errno -3] Échec temporaire dans la résolution du nom',))

During handling of the above exception, another exception occurred:

Traceback (most recent call last):
  File "/home/hayj/Drive/Workspace/Python/Crawling/WebBrowser/hjwebbrowser/httpbrowser.py", line 272, in privateGet
    response = requests.get(url, timeout=self.pageLoadTimeout, headers=self.header,)
  File "/home/hayj/.virtualenvs/newscrawler-venv/lib/python3.5/site-packages/requests-2.18.4-py3.5.egg/requests/api.py", line 72, in get
    return request('get', url, params=params, **kwargs)
  File "/home/hayj/.virtualenvs/newscrawler-venv/lib/python3.5/site-packages/requests-2.18.4-py3.5.egg/requests/api.py", line 58, in request
    return session.request(method=method, url=url, **kwargs)
  File "/home/hayj/.virtualenvs/newscrawler-venv/lib/python3.5/site-packages/requests-2.18.4-py3.5.egg/requests/sessions.py", line 508, in request
    resp = self.send(prep, **send_kwargs)
  File "/home/hayj/.virtualenvs/newscrawler-venv/lib/python3.5/site-packages/requests-2.18.4-py3.5.egg/requests/sessions.py", line 618, in send
    r = adapter.send(request, **kwargs)
  File "/home/hayj/.virtualenvs/newscrawler-venv/lib/python3.5/site-packages/requests-2.18.4-py3.5.egg/requests/adapters.py", line 508, in send
    raise ConnectionError(e, request=request)
requests.exceptions.ConnectionError: HTTPSConnectionPool(host='world.einnews.com', port=443): Max retries exceeded with url: /article/362102643/K-DcH9_wLwBYdgG9 (Caused by NewConnectionError('<urllib3.connection.VerifiedHTTPSConnection object at 0x7fdff87c87f0>: Failed to establish a new connection: [Errno -3] Échec temporaire dans la résolution du nom',))

2018-04-05 19:34:50,402 :: ERROR :: Getting https://world.einnews.com/article/362102643/K-DcH9_wLwBYdgG9 error. httpsconnectionpool(host='world.einnews.com', port=443): max retries exceeded with url: /article/362102643/k-dch9_wlwbydgg9 (caused by newconnectionerror('<urllib3.connection.verifiedhttpsconnection object at 0x7fdff87c87f0>: failed to establish a new connection: [errno -3] échec temporaire dans la résolution du nom',))
2018-04-05 19:34:50,406 :: INFO :: refused (500) from Antoine-80 (198.12.121.233) https://world.einnews.com/article/362102643/K-DcH9_wLwBYdgG9
2018-04-05 19:34:51,134 :: ERROR :: Exception location: privateGet
Exception type: <class 'requests.exceptions.ConnectionError'>
Exception: HTTPSConnectionPool(host='www.haaretz.com', port=443): Max retries exceeded with url: /israel-news/.premium-1.764989 (Caused by NewConnectionError('<urllib3.connection.VerifiedHTTPSConnection object at 0x7fdff87c88d0>: Failed to establish a new connection: [Errno -3] Échec temporaire dans la résolution du nom',))
Traceback (most recent call last):
  File "/home/hayj/.virtualenvs/newscrawler-venv/lib/python3.5/site-packages/urllib3-1.22-py3.5.egg/urllib3/connection.py", line 141, in _new_conn
    (self.host, self.port), self.timeout, **extra_kw)
  File "/home/hayj/.virtualenvs/newscrawler-venv/lib/python3.5/site-packages/urllib3-1.22-py3.5.egg/urllib3/util/connection.py", line 83, in create_connection
    raise err
  File "/home/hayj/.virtualenvs/newscrawler-venv/lib/python3.5/site-packages/urllib3-1.22-py3.5.egg/urllib3/util/connection.py", line 73, in create_connection
    sock.connect(sa)
OSError: [Errno 101] Le réseau n'est pas accessible

During handling of the above exception, another exception occurred:

Traceback (most recent call last):
  File "/home/hayj/.virtualenvs/newscrawler-venv/lib/python3.5/site-packages/urllib3-1.22-py3.5.egg/urllib3/connectionpool.py", line 595, in urlopen
    self._prepare_proxy(conn)
  File "/home/hayj/.virtualenvs/newscrawler-venv/lib/python3.5/site-packages/urllib3-1.22-py3.5.egg/urllib3/connectionpool.py", line 816, in _prepare_proxy
    conn.connect()
  File "/home/hayj/.virtualenvs/newscrawler-venv/lib/python3.5/site-packages/urllib3-1.22-py3.5.egg/urllib3/connection.py", line 284, in connect
    conn = self._new_conn()
  File "/home/hayj/.virtualenvs/newscrawler-venv/lib/python3.5/site-packages/urllib3-1.22-py3.5.egg/urllib3/connection.py", line 150, in _new_conn
    self, "Failed to establish a new connection: %s" % e)
urllib3.exceptions.NewConnectionError: <urllib3.connection.VerifiedHTTPSConnection object at 0x7fdff87c8198>: Failed to establish a new connection: [Errno 101] Le réseau n'est pas accessible

During handling of the above exception, another exception occurred:

Traceback (most recent call last):
  File "/home/hayj/.virtualenvs/newscrawler-venv/lib/python3.5/site-packages/requests-2.18.4-py3.5.egg/requests/adapters.py", line 440, in send
    timeout=timeout
  File "/home/hayj/.virtualenvs/newscrawler-venv/lib/python3.5/site-packages/urllib3-1.22-py3.5.egg/urllib3/connectionpool.py", line 639, in urlopen
    _stacktrace=sys.exc_info()[2])
  File "/home/hayj/.virtualenvs/newscrawler-venv/lib/python3.5/site-packages/urllib3-1.22-py3.5.egg/urllib3/util/retry.py", line 388, in increment
    raise MaxRetryError(_pool, url, error or ResponseError(cause))
urllib3.exceptions.MaxRetryError: HTTPSConnectionPool(host='www.haaretz.com', port=443): Max retries exceeded with url: /israel-news/.premium-1.764989 (Caused by ProxyError('Cannot connect to proxy.', NewConnectionError("<urllib3.connection.VerifiedHTTPSConnection object at 0x7fdff87c8198>: Failed to establish a new connection: [Errno 101] Le réseau n'est pas accessible",)))

During handling of the above exception, another exception occurred:

Traceback (most recent call last):
  File "/home/hayj/Drive/Workspace/Python/Crawling/WebBrowser/hjwebbrowser/httpbrowser.py", line 268, in privateGet
    headers=self.header,
  File "/home/hayj/.virtualenvs/newscrawler-venv/lib/python3.5/site-packages/requests-2.18.4-py3.5.egg/requests/api.py", line 72, in get
    return request('get', url, params=params, **kwargs)
  File "/home/hayj/.virtualenvs/newscrawler-venv/lib/python3.5/site-packages/requests-2.18.4-py3.5.egg/requests/api.py", line 58, in request
    return session.request(method=method, url=url, **kwargs)
  File "/home/hayj/.virtualenvs/newscrawler-venv/lib/python3.5/site-packages/requests-2.18.4-py3.5.egg/requests/sessions.py", line 508, in request
    resp = self.send(prep, **send_kwargs)
  File "/home/hayj/.virtualenvs/newscrawler-venv/lib/python3.5/site-packages/requests-2.18.4-py3.5.egg/requests/sessions.py", line 618, in send
    r = adapter.send(request, **kwargs)
  File "/home/hayj/.virtualenvs/newscrawler-venv/lib/python3.5/site-packages/requests-2.18.4-py3.5.egg/requests/adapters.py", line 502, in send
    raise ProxyError(e, request=request)
requests.exceptions.ProxyError: HTTPSConnectionPool(host='www.haaretz.com', port=443): Max retries exceeded with url: /israel-news/.premium-1.764989 (Caused by ProxyError('Cannot connect to proxy.', NewConnectionError("<urllib3.connection.VerifiedHTTPSConnection object at 0x7fdff87c8198>: Failed to establish a new connection: [Errno 101] Le réseau n'est pas accessible",)))

During handling of the above exception, another exception occurred:

Traceback (most recent call last):
  File "/home/hayj/.virtualenvs/newscrawler-venv/lib/python3.5/site-packages/urllib3-1.22-py3.5.egg/urllib3/connection.py", line 141, in _new_conn
    (self.host, self.port), self.timeout, **extra_kw)
  File "/home/hayj/.virtualenvs/newscrawler-venv/lib/python3.5/site-packages/urllib3-1.22-py3.5.egg/urllib3/util/connection.py", line 60, in create_connection
    for res in socket.getaddrinfo(host, port, family, socket.SOCK_STREAM):
  File "/home/hayj/Programs/python-3.5.4/lib/python3.5/socket.py", line 733, in getaddrinfo
    for res in _socket.getaddrinfo(host, port, family, type, proto, flags):
socket.gaierror: [Errno -3] Échec temporaire dans la résolution du nom

During handling of the above exception, another exception occurred:

Traceback (most recent call last):
  File "/home/hayj/.virtualenvs/newscrawler-venv/lib/python3.5/site-packages/urllib3-1.22-py3.5.egg/urllib3/connectionpool.py", line 601, in urlopen
    chunked=chunked)
  File "/home/hayj/.virtualenvs/newscrawler-venv/lib/python3.5/site-packages/urllib3-1.22-py3.5.egg/urllib3/connectionpool.py", line 346, in _make_request
    self._validate_conn(conn)
  File "/home/hayj/.virtualenvs/newscrawler-venv/lib/python3.5/site-packages/urllib3-1.22-py3.5.egg/urllib3/connectionpool.py", line 850, in _validate_conn
    conn.connect()
  File "/home/hayj/.virtualenvs/newscrawler-venv/lib/python3.5/site-packages/urllib3-1.22-py3.5.egg/urllib3/connection.py", line 284, in connect
    conn = self._new_conn()
  File "/home/hayj/.virtualenvs/newscrawler-venv/lib/python3.5/site-packages/urllib3-1.22-py3.5.egg/urllib3/connection.py", line 150, in _new_conn
    self, "Failed to establish a new connection: %s" % e)
urllib3.exceptions.NewConnectionError: <urllib3.connection.VerifiedHTTPSConnection object at 0x7fdff87c88d0>: Failed to establish a new connection: [Errno -3] Échec temporaire dans la résolution du nom

During handling of the above exception, another exception occurred:

Traceback (most recent call last):
  File "/home/hayj/.virtualenvs/newscrawler-venv/lib/python3.5/site-packages/requests-2.18.4-py3.5.egg/requests/adapters.py", line 440, in send
    timeout=timeout
  File "/home/hayj/.virtualenvs/newscrawler-venv/lib/python3.5/site-packages/urllib3-1.22-py3.5.egg/urllib3/connectionpool.py", line 639, in urlopen
    _stacktrace=sys.exc_info()[2])
  File "/home/hayj/.virtualenvs/newscrawler-venv/lib/python3.5/site-packages/urllib3-1.22-py3.5.egg/urllib3/util/retry.py", line 388, in increment
    raise MaxRetryError(_pool, url, error or ResponseError(cause))
urllib3.exceptions.MaxRetryError: HTTPSConnectionPool(host='www.haaretz.com', port=443): Max retries exceeded with url: /israel-news/.premium-1.764989 (Caused by NewConnectionError('<urllib3.connection.VerifiedHTTPSConnection object at 0x7fdff87c88d0>: Failed to establish a new connection: [Errno -3] Échec temporaire dans la résolution du nom',))

During handling of the above exception, another exception occurred:

Traceback (most recent call last):
  File "/home/hayj/Drive/Workspace/Python/Crawling/WebBrowser/hjwebbrowser/httpbrowser.py", line 272, in privateGet
    response = requests.get(url, timeout=self.pageLoadTimeout, headers=self.header,)
  File "/home/hayj/.virtualenvs/newscrawler-venv/lib/python3.5/site-packages/requests-2.18.4-py3.5.egg/requests/api.py", line 72, in get
    return request('get', url, params=params, **kwargs)
  File "/home/hayj/.virtualenvs/newscrawler-venv/lib/python3.5/site-packages/requests-2.18.4-py3.5.egg/requests/api.py", line 58, in request
    return session.request(method=method, url=url, **kwargs)
  File "/home/hayj/.virtualenvs/newscrawler-venv/lib/python3.5/site-packages/requests-2.18.4-py3.5.egg/requests/sessions.py", line 508, in request
    resp = self.send(prep, **send_kwargs)
  File "/home/hayj/.virtualenvs/newscrawler-venv/lib/python3.5/site-packages/requests-2.18.4-py3.5.egg/requests/sessions.py", line 618, in send
    r = adapter.send(request, **kwargs)
  File "/home/hayj/.virtualenvs/newscrawler-venv/lib/python3.5/site-packages/requests-2.18.4-py3.5.egg/requests/adapters.py", line 508, in send
    raise ConnectionError(e, request=request)
requests.exceptions.ConnectionError: HTTPSConnectionPool(host='www.haaretz.com', port=443): Max retries exceeded with url: /israel-news/.premium-1.764989 (Caused by NewConnectionError('<urllib3.connection.VerifiedHTTPSConnection object at 0x7fdff87c88d0>: Failed to establish a new connection: [Errno -3] Échec temporaire dans la résolution du nom',))

2018-04-05 19:34:51,135 :: ERROR :: Getting https://www.haaretz.com/israel-news/.premium-1.764989 error. httpsconnectionpool(host='www.haaretz.com', port=443): max retries exceeded with url: /israel-news/.premium-1.764989 (caused by newconnectionerror('<urllib3.connection.verifiedhttpsconnection object at 0x7fdff87c88d0>: failed to establish a new connection: [errno -3] échec temporaire dans la résolution du nom',))
2018-04-05 19:34:51,416 :: INFO :: refused (500) from Dominique-63 (104.160.30.179) https://www.haaretz.com/israel-news/.premium-1.764989
2018-04-05 19:34:51,670 :: ERROR :: Exception location: privateGet
Exception type: <class 'requests.exceptions.ProxyError'>
Exception: HTTPSConnectionPool(host='www.bloomberg.com', port=443): Max retries exceeded with url: /news/articles/2015-03-31/russia-extends-ukrainian-gas-discount-amid-renewed-debt-demand (Caused by ProxyError('Cannot connect to proxy.', NewConnectionError("<urllib3.connection.VerifiedHTTPSConnection object at 0x7fdff87c8a20>: Failed to establish a new connection: [Errno 101] Le réseau n'est pas accessible",)))
Traceback (most recent call last):
  File "/home/hayj/.virtualenvs/newscrawler-venv/lib/python3.5/site-packages/urllib3-1.22-py3.5.egg/urllib3/connection.py", line 141, in _new_conn
    (self.host, self.port), self.timeout, **extra_kw)
  File "/home/hayj/.virtualenvs/newscrawler-venv/lib/python3.5/site-packages/urllib3-1.22-py3.5.egg/urllib3/util/connection.py", line 83, in create_connection
    raise err
  File "/home/hayj/.virtualenvs/newscrawler-venv/lib/python3.5/site-packages/urllib3-1.22-py3.5.egg/urllib3/util/connection.py", line 73, in create_connection
    sock.connect(sa)
OSError: [Errno 101] Le réseau n'est pas accessible

During handling of the above exception, another exception occurred:

Traceback (most recent call last):
  File "/home/hayj/.virtualenvs/newscrawler-venv/lib/python3.5/site-packages/urllib3-1.22-py3.5.egg/urllib3/connectionpool.py", line 595, in urlopen
    self._prepare_proxy(conn)
  File "/home/hayj/.virtualenvs/newscrawler-venv/lib/python3.5/site-packages/urllib3-1.22-py3.5.egg/urllib3/connectionpool.py", line 816, in _prepare_proxy
    conn.connect()
  File "/home/hayj/.virtualenvs/newscrawler-venv/lib/python3.5/site-packages/urllib3-1.22-py3.5.egg/urllib3/connection.py", line 284, in connect
    conn = self._new_conn()
  File "/home/hayj/.virtualenvs/newscrawler-venv/lib/python3.5/site-packages/urllib3-1.22-py3.5.egg/urllib3/connection.py", line 150, in _new_conn
    self, "Failed to establish a new connection: %s" % e)
urllib3.exceptions.NewConnectionError: <urllib3.connection.VerifiedHTTPSConnection object at 0x7fdff87c8a20>: Failed to establish a new connection: [Errno 101] Le réseau n'est pas accessible

During handling of the above exception, another exception occurred:

Traceback (most recent call last):
  File "/home/hayj/.virtualenvs/newscrawler-venv/lib/python3.5/site-packages/requests-2.18.4-py3.5.egg/requests/adapters.py", line 440, in send
    timeout=timeout
  File "/home/hayj/.virtualenvs/newscrawler-venv/lib/python3.5/site-packages/urllib3-1.22-py3.5.egg/urllib3/connectionpool.py", line 639, in urlopen
    _stacktrace=sys.exc_info()[2])
  File "/home/hayj/.virtualenvs/newscrawler-venv/lib/python3.5/site-packages/urllib3-1.22-py3.5.egg/urllib3/util/retry.py", line 388, in increment
    raise MaxRetryError(_pool, url, error or ResponseError(cause))
urllib3.exceptions.MaxRetryError: HTTPSConnectionPool(host='www.bloomberg.com', port=443): Max retries exceeded with url: /news/articles/2015-03-31/russia-extends-ukrainian-gas-discount-amid-renewed-debt-demand (Caused by ProxyError('Cannot connect to proxy.', NewConnectionError("<urllib3.connection.VerifiedHTTPSConnection object at 0x7fdff87c8a20>: Failed to establish a new connection: [Errno 101] Le réseau n'est pas accessible",)))

During handling of the above exception, another exception occurred:

Traceback (most recent call last):
  File "/home/hayj/Drive/Workspace/Python/Crawling/WebBrowser/hjwebbrowser/httpbrowser.py", line 268, in privateGet
    headers=self.header,
  File "/home/hayj/.virtualenvs/newscrawler-venv/lib/python3.5/site-packages/requests-2.18.4-py3.5.egg/requests/api.py", line 72, in get
    return request('get', url, params=params, **kwargs)
  File "/home/hayj/.virtualenvs/newscrawler-venv/lib/python3.5/site-packages/requests-2.18.4-py3.5.egg/requests/api.py", line 58, in request
    return session.request(method=method, url=url, **kwargs)
  File "/home/hayj/.virtualenvs/newscrawler-venv/lib/python3.5/site-packages/requests-2.18.4-py3.5.egg/requests/sessions.py", line 508, in request
    resp = self.send(prep, **send_kwargs)
  File "/home/hayj/.virtualenvs/newscrawler-venv/lib/python3.5/site-packages/requests-2.18.4-py3.5.egg/requests/sessions.py", line 618, in send
    r = adapter.send(request, **kwargs)
  File "/home/hayj/.virtualenvs/newscrawler-venv/lib/python3.5/site-packages/requests-2.18.4-py3.5.egg/requests/adapters.py", line 502, in send
    raise ProxyError(e, request=request)
requests.exceptions.ProxyError: HTTPSConnectionPool(host='www.bloomberg.com', port=443): Max retries exceeded with url: /news/articles/2015-03-31/russia-extends-ukrainian-gas-discount-amid-renewed-debt-demand (Caused by ProxyError('Cannot connect to proxy.', NewConnectionError("<urllib3.connection.VerifiedHTTPSConnection object at 0x7fdff87c8a20>: Failed to establish a new connection: [Errno 101] Le réseau n'est pas accessible",)))

2018-04-05 19:34:51,670 :: ERROR :: Getting https://www.bloomberg.com/news/articles/2015-03-31/russia-extends-ukrainian-gas-discount-amid-renewed-debt-demand error. httpsconnectionpool(host='www.bloomberg.com', port=443): max retries exceeded with url: /news/articles/2015-03-31/russia-extends-ukrainian-gas-discount-amid-renewed-debt-demand (caused by proxyerror('cannot connect to proxy.', newconnectionerror("<urllib3.connection.verifiedhttpsconnection object at 0x7fdff87c8a20>: failed to establish a new connection: [errno 101] le réseau n'est pas accessible",)))
2018-04-05 19:34:57,350 :: ERROR :: Exception location: privateGet
Exception type: <class 'requests.exceptions.ConnectionError'>
Exception: HTTPSConnectionPool(host='www.bloomberg.com', port=443): Max retries exceeded with url: /news/articles/2015-03-31/russia-extends-ukrainian-gas-discount-amid-renewed-debt-demand (Caused by NewConnectionError('<urllib3.connection.VerifiedHTTPSConnection object at 0x7fdff87d60f0>: Failed to establish a new connection: [Errno -3] Échec temporaire dans la résolution du nom',))
Traceback (most recent call last):
  File "/home/hayj/.virtualenvs/newscrawler-venv/lib/python3.5/site-packages/urllib3-1.22-py3.5.egg/urllib3/connection.py", line 141, in _new_conn
    (self.host, self.port), self.timeout, **extra_kw)
  File "/home/hayj/.virtualenvs/newscrawler-venv/lib/python3.5/site-packages/urllib3-1.22-py3.5.egg/urllib3/util/connection.py", line 83, in create_connection
    raise err
  File "/home/hayj/.virtualenvs/newscrawler-venv/lib/python3.5/site-packages/urllib3-1.22-py3.5.egg/urllib3/util/connection.py", line 73, in create_connection
    sock.connect(sa)
OSError: [Errno 101] Le réseau n'est pas accessible

During handling of the above exception, another exception occurred:

Traceback (most recent call last):
  File "/home/hayj/.virtualenvs/newscrawler-venv/lib/python3.5/site-packages/urllib3-1.22-py3.5.egg/urllib3/connectionpool.py", line 595, in urlopen
    self._prepare_proxy(conn)
  File "/home/hayj/.virtualenvs/newscrawler-venv/lib/python3.5/site-packages/urllib3-1.22-py3.5.egg/urllib3/connectionpool.py", line 816, in _prepare_proxy
    conn.connect()
  File "/home/hayj/.virtualenvs/newscrawler-venv/lib/python3.5/site-packages/urllib3-1.22-py3.5.egg/urllib3/connection.py", line 284, in connect
    conn = self._new_conn()
  File "/home/hayj/.virtualenvs/newscrawler-venv/lib/python3.5/site-packages/urllib3-1.22-py3.5.egg/urllib3/connection.py", line 150, in _new_conn
    self, "Failed to establish a new connection: %s" % e)
urllib3.exceptions.NewConnectionError: <urllib3.connection.VerifiedHTTPSConnection object at 0x7fdff87c8a20>: Failed to establish a new connection: [Errno 101] Le réseau n'est pas accessible

During handling of the above exception, another exception occurred:

Traceback (most recent call last):
  File "/home/hayj/.virtualenvs/newscrawler-venv/lib/python3.5/site-packages/requests-2.18.4-py3.5.egg/requests/adapters.py", line 440, in send
    timeout=timeout
  File "/home/hayj/.virtualenvs/newscrawler-venv/lib/python3.5/site-packages/urllib3-1.22-py3.5.egg/urllib3/connectionpool.py", line 639, in urlopen
    _stacktrace=sys.exc_info()[2])
  File "/home/hayj/.virtualenvs/newscrawler-venv/lib/python3.5/site-packages/urllib3-1.22-py3.5.egg/urllib3/util/retry.py", line 388, in increment
    raise MaxRetryError(_pool, url, error or ResponseError(cause))
urllib3.exceptions.MaxRetryError: HTTPSConnectionPool(host='www.bloomberg.com', port=443): Max retries exceeded with url: /news/articles/2015-03-31/russia-extends-ukrainian-gas-discount-amid-renewed-debt-demand (Caused by ProxyError('Cannot connect to proxy.', NewConnectionError("<urllib3.connection.VerifiedHTTPSConnection object at 0x7fdff87c8a20>: Failed to establish a new connection: [Errno 101] Le réseau n'est pas accessible",)))

During handling of the above exception, another exception occurred:

Traceback (most recent call last):
  File "/home/hayj/Drive/Workspace/Python/Crawling/WebBrowser/hjwebbrowser/httpbrowser.py", line 268, in privateGet
    headers=self.header,
  File "/home/hayj/.virtualenvs/newscrawler-venv/lib/python3.5/site-packages/requests-2.18.4-py3.5.egg/requests/api.py", line 72, in get
    return request('get', url, params=params, **kwargs)
  File "/home/hayj/.virtualenvs/newscrawler-venv/lib/python3.5/site-packages/requests-2.18.4-py3.5.egg/requests/api.py", line 58, in request
    return session.request(method=method, url=url, **kwargs)
  File "/home/hayj/.virtualenvs/newscrawler-venv/lib/python3.5/site-packages/requests-2.18.4-py3.5.egg/requests/sessions.py", line 508, in request
    resp = self.send(prep, **send_kwargs)
  File "/home/hayj/.virtualenvs/newscrawler-venv/lib/python3.5/site-packages/requests-2.18.4-py3.5.egg/requests/sessions.py", line 618, in send
    r = adapter.send(request, **kwargs)
  File "/home/hayj/.virtualenvs/newscrawler-venv/lib/python3.5/site-packages/requests-2.18.4-py3.5.egg/requests/adapters.py", line 502, in send
    raise ProxyError(e, request=request)
requests.exceptions.ProxyError: HTTPSConnectionPool(host='www.bloomberg.com', port=443): Max retries exceeded with url: /news/articles/2015-03-31/russia-extends-ukrainian-gas-discount-amid-renewed-debt-demand (Caused by ProxyError('Cannot connect to proxy.', NewConnectionError("<urllib3.connection.VerifiedHTTPSConnection object at 0x7fdff87c8a20>: Failed to establish a new connection: [Errno 101] Le réseau n'est pas accessible",)))

During handling of the above exception, another exception occurred:

Traceback (most recent call last):
  File "/home/hayj/.virtualenvs/newscrawler-venv/lib/python3.5/site-packages/urllib3-1.22-py3.5.egg/urllib3/connection.py", line 141, in _new_conn
    (self.host, self.port), self.timeout, **extra_kw)
  File "/home/hayj/.virtualenvs/newscrawler-venv/lib/python3.5/site-packages/urllib3-1.22-py3.5.egg/urllib3/util/connection.py", line 60, in create_connection
    for res in socket.getaddrinfo(host, port, family, socket.SOCK_STREAM):
  File "/home/hayj/Programs/python-3.5.4/lib/python3.5/socket.py", line 733, in getaddrinfo
    for res in _socket.getaddrinfo(host, port, family, type, proto, flags):
socket.gaierror: [Errno -3] Échec temporaire dans la résolution du nom

During handling of the above exception, another exception occurred:

Traceback (most recent call last):
  File "/home/hayj/.virtualenvs/newscrawler-venv/lib/python3.5/site-packages/urllib3-1.22-py3.5.egg/urllib3/connectionpool.py", line 601, in urlopen
    chunked=chunked)
  File "/home/hayj/.virtualenvs/newscrawler-venv/lib/python3.5/site-packages/urllib3-1.22-py3.5.egg/urllib3/connectionpool.py", line 346, in _make_request
    self._validate_conn(conn)
  File "/home/hayj/.virtualenvs/newscrawler-venv/lib/python3.5/site-packages/urllib3-1.22-py3.5.egg/urllib3/connectionpool.py", line 850, in _validate_conn
    conn.connect()
  File "/home/hayj/.virtualenvs/newscrawler-venv/lib/python3.5/site-packages/urllib3-1.22-py3.5.egg/urllib3/connection.py", line 284, in connect
    conn = self._new_conn()
  File "/home/hayj/.virtualenvs/newscrawler-venv/lib/python3.5/site-packages/urllib3-1.22-py3.5.egg/urllib3/connection.py", line 150, in _new_conn
    self, "Failed to establish a new connection: %s" % e)
urllib3.exceptions.NewConnectionError: <urllib3.connection.VerifiedHTTPSConnection object at 0x7fdff87d60f0>: Failed to establish a new connection: [Errno -3] Échec temporaire dans la résolution du nom

During handling of the above exception, another exception occurred:

Traceback (most recent call last):
  File "/home/hayj/.virtualenvs/newscrawler-venv/lib/python3.5/site-packages/requests-2.18.4-py3.5.egg/requests/adapters.py", line 440, in send
    timeout=timeout
  File "/home/hayj/.virtualenvs/newscrawler-venv/lib/python3.5/site-packages/urllib3-1.22-py3.5.egg/urllib3/connectionpool.py", line 639, in urlopen
    _stacktrace=sys.exc_info()[2])
  File "/home/hayj/.virtualenvs/newscrawler-venv/lib/python3.5/site-packages/urllib3-1.22-py3.5.egg/urllib3/util/retry.py", line 388, in increment
    raise MaxRetryError(_pool, url, error or ResponseError(cause))
urllib3.exceptions.MaxRetryError: HTTPSConnectionPool(host='www.bloomberg.com', port=443): Max retries exceeded with url: /news/articles/2015-03-31/russia-extends-ukrainian-gas-discount-amid-renewed-debt-demand (Caused by NewConnectionError('<urllib3.connection.VerifiedHTTPSConnection object at 0x7fdff87d60f0>: Failed to establish a new connection: [Errno -3] Échec temporaire dans la résolution du nom',))

During handling of the above exception, another exception occurred:

Traceback (most recent call last):
  File "/home/hayj/Drive/Workspace/Python/Crawling/WebBrowser/hjwebbrowser/httpbrowser.py", line 272, in privateGet
    response = requests.get(url, timeout=self.pageLoadTimeout, headers=self.header,)
  File "/home/hayj/.virtualenvs/newscrawler-venv/lib/python3.5/site-packages/requests-2.18.4-py3.5.egg/requests/api.py", line 72, in get
    return request('get', url, params=params, **kwargs)
  File "/home/hayj/.virtualenvs/newscrawler-venv/lib/python3.5/site-packages/requests-2.18.4-py3.5.egg/requests/api.py", line 58, in request
    return session.request(method=method, url=url, **kwargs)
  File "/home/hayj/.virtualenvs/newscrawler-venv/lib/python3.5/site-packages/requests-2.18.4-py3.5.egg/requests/sessions.py", line 508, in request
    resp = self.send(prep, **send_kwargs)
  File "/home/hayj/.virtualenvs/newscrawler-venv/lib/python3.5/site-packages/requests-2.18.4-py3.5.egg/requests/sessions.py", line 618, in send
    r = adapter.send(request, **kwargs)
  File "/home/hayj/.virtualenvs/newscrawler-venv/lib/python3.5/site-packages/requests-2.18.4-py3.5.egg/requests/adapters.py", line 508, in send
    raise ConnectionError(e, request=request)
requests.exceptions.ConnectionError: HTTPSConnectionPool(host='www.bloomberg.com', port=443): Max retries exceeded with url: /news/articles/2015-03-31/russia-extends-ukrainian-gas-discount-amid-renewed-debt-demand (Caused by NewConnectionError('<urllib3.connection.VerifiedHTTPSConnection object at 0x7fdff87d60f0>: Failed to establish a new connection: [Errno -3] Échec temporaire dans la résolution du nom',))

2018-04-05 19:34:57,350 :: ERROR :: Getting https://www.bloomberg.com/news/articles/2015-03-31/russia-extends-ukrainian-gas-discount-amid-renewed-debt-demand error. httpsconnectionpool(host='www.bloomberg.com', port=443): max retries exceeded with url: /news/articles/2015-03-31/russia-extends-ukrainian-gas-discount-amid-renewed-debt-demand (caused by newconnectionerror('<urllib3.connection.verifiedhttpsconnection object at 0x7fdff87d60f0>: failed to establish a new connection: [errno -3] échec temporaire dans la résolution du nom',))
2018-04-05 19:34:58,930 :: INFO :: refused (500) from Antoine-80 (198.12.121.233) https://www.bloomberg.com/news/articles/2015-03-31/russia-extends-ukrainian-gas-discount-amid-renewed-debt-demand
2018-04-05 19:35:12,447 :: INFO :: Previous params score: -0.30000000000000004
2018-04-05 19:35:12,447 :: INFO :: Now we explore...
2018-04-05 19:35:12,449 :: INFO :: New params:
{
	proxyInstanciationRate: 
	{
		alpha: 0.99,
		beta: NormalizedLawBeta.LOG
	},
	browserCount: 2,
	parallelRequests: 2
}
2018-04-05 19:35:12,449 :: INFO :: Reseting tor services...
2018-04-05 19:35:13,053 :: INFO :: Tor services reseted.
2018-04-05 19:35:13,053 :: INFO :: Initializing tor services...
2018-04-05 19:35:14,083 :: INFO :: Tor services initialized.
2018-04-05 19:35:44,622 :: INFO :: Previous params score: 0
2018-04-05 19:35:44,623 :: INFO :: Now we explore...
2018-04-05 19:35:44,623 :: INFO :: New params:
{
	proxyInstanciationRate: 
	{
		alpha: 0.5,
		beta: NormalizedLawBeta.LOG
	},
	browserCount: 2,
	parallelRequests: 2
}
2018-04-05 19:35:44,623 :: INFO :: Reseting tor services...
2018-04-05 19:35:45,196 :: INFO :: Tor services reseted.
2018-04-05 19:35:45,196 :: INFO :: Initializing tor services...
2018-04-05 19:35:46,259 :: INFO :: Tor services initialized.
2018-04-05 19:35:46,260 :: INFO :: Proxies instanciation (score (mean duration in seconds), ip, instanciation):
0	198.12.121.216	-
0	104.144.153.56	-
0	104.160.13.170	
0	196.16.11.165	
0	107.150.70.6	
0	104.160.30.179	
0	198.12.121.233	

2018-04-23 16:50:30,466 :: INFO :: twitter newscrawl-test (version 0.0.1) initialised.
2018-04-23 16:50:30,467 :: WARNING :: WARNING: pls set parallelRequests!!!!!!!!!!!!!
2018-04-23 16:50:32,378 :: INFO :: Downloading killbill.sh file on raw.githubusercontent.com
2018-04-23 16:50:32,575 :: INFO :: Downloading nn.sh file on raw.githubusercontent.com
2018-04-23 16:50:33,033 :: INFO :: Reseting tor services...
2018-04-23 16:50:33,291 :: ERROR :: Exception location: execBashFile
Exception type: <class 'sh.ErrorReturnCode_2'>
Exception: 

  RAN: /bin/bash /home/hayj/tmp/tor/stop.sh

  STDOUT:


  STDERR:
/home/hayj/tmp/tor/stop.sh: ligne 18: erreur de syntaxe près du symbole inattendu « <<< »
/home/hayj/tmp/tor/stop.sh: ligne 18: `<<<<<<< HEAD'

Traceback (most recent call last):
  File "/home/hayj/Drive/Workspace/Python/Crawling/WebBrowser/hjwebbrowser/tor.py", line 73, in execBashFile
    sh.bash(path)
  File "/home/hayj/.virtualenvs/newscrawler-venv/lib/python3.5/site-packages/sh-1.12.14-py3.5.egg/sh.py", line 1427, in __call__
    return RunningCommand(cmd, call_args, stdin, stdout, stderr)
  File "/home/hayj/.virtualenvs/newscrawler-venv/lib/python3.5/site-packages/sh-1.12.14-py3.5.egg/sh.py", line 774, in __init__
    self.wait()
  File "/home/hayj/.virtualenvs/newscrawler-venv/lib/python3.5/site-packages/sh-1.12.14-py3.5.egg/sh.py", line 792, in wait
    self.handle_command_exit_code(exit_code)
  File "/home/hayj/.virtualenvs/newscrawler-venv/lib/python3.5/site-packages/sh-1.12.14-py3.5.egg/sh.py", line 815, in handle_command_exit_code
    raise exc
sh.ErrorReturnCode_2: 

  RAN: /bin/bash /home/hayj/tmp/tor/stop.sh

  STDOUT:


  STDERR:
/home/hayj/tmp/tor/stop.sh: ligne 18: erreur de syntaxe près du symbole inattendu « <<< »
/home/hayj/tmp/tor/stop.sh: ligne 18: `<<<<<<< HEAD'


2018-04-23 16:50:33,591 :: INFO :: Tor services reseted.
2018-04-23 16:50:33,592 :: INFO :: Initializing tor services...
2018-04-23 16:50:34,188 :: ERROR :: Exception location: execBashFile
Exception type: <class 'sh.ErrorReturnCode_2'>
Exception: 

  RAN: /bin/bash /home/hayj/tmp/tor/start-1002.sh

  STDOUT:


  STDERR:
/home/hayj/tmp/tor/start-1002.sh: ligne 54: erreur de syntaxe près du symbole inattendu « <<< »
/home/hayj/tmp/tor/start-1002.sh: ligne 54: `<<<<<<< HEAD'

Traceback (most recent call last):
  File "/home/hayj/Drive/Workspace/Python/Crawling/WebBrowser/hjwebbrowser/tor.py", line 73, in execBashFile
    sh.bash(path)
  File "/home/hayj/.virtualenvs/newscrawler-venv/lib/python3.5/site-packages/sh-1.12.14-py3.5.egg/sh.py", line 1427, in __call__
    return RunningCommand(cmd, call_args, stdin, stdout, stderr)
  File "/home/hayj/.virtualenvs/newscrawler-venv/lib/python3.5/site-packages/sh-1.12.14-py3.5.egg/sh.py", line 774, in __init__
    self.wait()
  File "/home/hayj/.virtualenvs/newscrawler-venv/lib/python3.5/site-packages/sh-1.12.14-py3.5.egg/sh.py", line 792, in wait
    self.handle_command_exit_code(exit_code)
  File "/home/hayj/.virtualenvs/newscrawler-venv/lib/python3.5/site-packages/sh-1.12.14-py3.5.egg/sh.py", line 815, in handle_command_exit_code
    raise exc
sh.ErrorReturnCode_2: 

  RAN: /bin/bash /home/hayj/tmp/tor/start-1002.sh

  STDOUT:


  STDERR:
/home/hayj/tmp/tor/start-1002.sh: ligne 54: erreur de syntaxe près du symbole inattendu « <<< »
/home/hayj/tmp/tor/start-1002.sh: ligne 54: `<<<<<<< HEAD'


2018-04-23 16:50:34,210 :: ERROR :: Exception location: execBashFile
Exception type: <class 'sh.ErrorReturnCode_2'>
Exception: 

  RAN: /bin/bash /home/hayj/tmp/tor/start-1000.sh

  STDOUT:


  STDERR:
/home/hayj/tmp/tor/start-1000.sh: ligne 54: erreur de syntaxe près du symbole inattendu « <<< »
/home/hayj/tmp/tor/start-1000.sh: ligne 54: `<<<<<<< HEAD'

Traceback (most recent call last):
  File "/home/hayj/Drive/Workspace/Python/Crawling/WebBrowser/hjwebbrowser/tor.py", line 73, in execBashFile
    sh.bash(path)
  File "/home/hayj/.virtualenvs/newscrawler-venv/lib/python3.5/site-packages/sh-1.12.14-py3.5.egg/sh.py", line 1427, in __call__
    return RunningCommand(cmd, call_args, stdin, stdout, stderr)
  File "/home/hayj/.virtualenvs/newscrawler-venv/lib/python3.5/site-packages/sh-1.12.14-py3.5.egg/sh.py", line 774, in __init__
    self.wait()
  File "/home/hayj/.virtualenvs/newscrawler-venv/lib/python3.5/site-packages/sh-1.12.14-py3.5.egg/sh.py", line 792, in wait
    self.handle_command_exit_code(exit_code)
  File "/home/hayj/.virtualenvs/newscrawler-venv/lib/python3.5/site-packages/sh-1.12.14-py3.5.egg/sh.py", line 815, in handle_command_exit_code
    raise exc
sh.ErrorReturnCode_2: 

  RAN: /bin/bash /home/hayj/tmp/tor/start-1000.sh

  STDOUT:


  STDERR:
/home/hayj/tmp/tor/start-1000.sh: ligne 54: erreur de syntaxe près du symbole inattendu « <<< »
/home/hayj/tmp/tor/start-1000.sh: ligne 54: `<<<<<<< HEAD'


2018-04-23 16:50:34,711 :: INFO :: Tor services initialized.
2018-04-23 16:50:34,712 :: INFO :: New params:
{
	parallelRequests: 2,
	browserCount: 2,
	proxyInstanciationRate: 
	{
		alpha: 0.5,
		beta: NormalizedLawBeta.LOG
	}
}
2018-04-23 16:50:34,713 :: INFO :: Reseting tor services...
2018-04-23 16:50:35,014 :: ERROR :: Exception location: execBashFile
Exception type: <class 'sh.ErrorReturnCode_2'>
Exception: 

  RAN: /bin/bash /home/hayj/tmp/tor/stop.sh

  STDOUT:


  STDERR:
/home/hayj/tmp/tor/stop.sh: ligne 18: erreur de syntaxe près du symbole inattendu « <<< »
/home/hayj/tmp/tor/stop.sh: ligne 18: `<<<<<<< HEAD'

Traceback (most recent call last):
  File "/home/hayj/Drive/Workspace/Python/Crawling/WebBrowser/hjwebbrowser/tor.py", line 73, in execBashFile
    sh.bash(path)
  File "/home/hayj/.virtualenvs/newscrawler-venv/lib/python3.5/site-packages/sh-1.12.14-py3.5.egg/sh.py", line 1427, in __call__
    return RunningCommand(cmd, call_args, stdin, stdout, stderr)
  File "/home/hayj/.virtualenvs/newscrawler-venv/lib/python3.5/site-packages/sh-1.12.14-py3.5.egg/sh.py", line 774, in __init__
    self.wait()
  File "/home/hayj/.virtualenvs/newscrawler-venv/lib/python3.5/site-packages/sh-1.12.14-py3.5.egg/sh.py", line 792, in wait
    self.handle_command_exit_code(exit_code)
  File "/home/hayj/.virtualenvs/newscrawler-venv/lib/python3.5/site-packages/sh-1.12.14-py3.5.egg/sh.py", line 815, in handle_command_exit_code
    raise exc
sh.ErrorReturnCode_2: 

  RAN: /bin/bash /home/hayj/tmp/tor/stop.sh

  STDOUT:


  STDERR:
/home/hayj/tmp/tor/stop.sh: ligne 18: erreur de syntaxe près du symbole inattendu « <<< »
/home/hayj/tmp/tor/stop.sh: ligne 18: `<<<<<<< HEAD'


2018-04-23 16:50:35,315 :: INFO :: Tor services reseted.
2018-04-23 16:50:35,315 :: INFO :: Initializing tor services...
2018-04-23 16:50:35,886 :: ERROR :: Exception location: execBashFile
Exception type: <class 'sh.ErrorReturnCode_2'>
Exception: 

  RAN: /bin/bash /home/hayj/tmp/tor/start-1000.sh

  STDOUT:


  STDERR:
/home/hayj/tmp/tor/start-1000.sh: ligne 54: erreur de syntaxe près du symbole inattendu « <<< »
/home/hayj/tmp/tor/start-1000.sh: ligne 54: `<<<<<<< HEAD'

Traceback (most recent call last):
  File "/home/hayj/Drive/Workspace/Python/Crawling/WebBrowser/hjwebbrowser/tor.py", line 73, in execBashFile
    sh.bash(path)
  File "/home/hayj/.virtualenvs/newscrawler-venv/lib/python3.5/site-packages/sh-1.12.14-py3.5.egg/sh.py", line 1427, in __call__
    return RunningCommand(cmd, call_args, stdin, stdout, stderr)
  File "/home/hayj/.virtualenvs/newscrawler-venv/lib/python3.5/site-packages/sh-1.12.14-py3.5.egg/sh.py", line 774, in __init__
    self.wait()
  File "/home/hayj/.virtualenvs/newscrawler-venv/lib/python3.5/site-packages/sh-1.12.14-py3.5.egg/sh.py", line 792, in wait
    self.handle_command_exit_code(exit_code)
  File "/home/hayj/.virtualenvs/newscrawler-venv/lib/python3.5/site-packages/sh-1.12.14-py3.5.egg/sh.py", line 815, in handle_command_exit_code
    raise exc
sh.ErrorReturnCode_2: 

  RAN: /bin/bash /home/hayj/tmp/tor/start-1000.sh

  STDOUT:


  STDERR:
/home/hayj/tmp/tor/start-1000.sh: ligne 54: erreur de syntaxe près du symbole inattendu « <<< »
/home/hayj/tmp/tor/start-1000.sh: ligne 54: `<<<<<<< HEAD'


2018-04-23 16:50:35,895 :: ERROR :: Exception location: execBashFile
Exception type: <class 'sh.ErrorReturnCode_2'>
Exception: 

  RAN: /bin/bash /home/hayj/tmp/tor/start-1002.sh

  STDOUT:


  STDERR:
/home/hayj/tmp/tor/start-1002.sh: ligne 54: erreur de syntaxe près du symbole inattendu « <<< »
/home/hayj/tmp/tor/start-1002.sh: ligne 54: `<<<<<<< HEAD'

Traceback (most recent call last):
  File "/home/hayj/Drive/Workspace/Python/Crawling/WebBrowser/hjwebbrowser/tor.py", line 73, in execBashFile
    sh.bash(path)
  File "/home/hayj/.virtualenvs/newscrawler-venv/lib/python3.5/site-packages/sh-1.12.14-py3.5.egg/sh.py", line 1427, in __call__
    return RunningCommand(cmd, call_args, stdin, stdout, stderr)
  File "/home/hayj/.virtualenvs/newscrawler-venv/lib/python3.5/site-packages/sh-1.12.14-py3.5.egg/sh.py", line 774, in __init__
    self.wait()
  File "/home/hayj/.virtualenvs/newscrawler-venv/lib/python3.5/site-packages/sh-1.12.14-py3.5.egg/sh.py", line 792, in wait
    self.handle_command_exit_code(exit_code)
  File "/home/hayj/.virtualenvs/newscrawler-venv/lib/python3.5/site-packages/sh-1.12.14-py3.5.egg/sh.py", line 815, in handle_command_exit_code
    raise exc
sh.ErrorReturnCode_2: 

  RAN: /bin/bash /home/hayj/tmp/tor/start-1002.sh

  STDOUT:


  STDERR:
/home/hayj/tmp/tor/start-1002.sh: ligne 54: erreur de syntaxe près du symbole inattendu « <<< »
/home/hayj/tmp/tor/start-1002.sh: ligne 54: `<<<<<<< HEAD'


2018-04-23 16:50:36,396 :: INFO :: Tor services initialized.
2018-04-23 16:50:36,397 :: INFO :: Proxies instanciation (score (mean duration in seconds), ip, instanciation):
0	172.245.253.185	-
0	173.44.225.25	-
0	45.61.155.172	
0	173.254.235.197	
0	45.61.155.174	
0	75.75.232.173	
0	107.172.132.81	
0	75.75.232.198	
0	172.245.103.247	
0	172.245.103.226	
0	23.94.4.228	
0	23.105.126.111	
0	23.94.69.73	
0	192.210.177.206	
0	104.223.28.234	

2018-04-23 16:50:36,542 :: INFO :: serializabledict domainduplicate initialised.
2018-04-23 16:50:36,558 :: INFO :: serializabledict domainduplicate initialised.
2018-04-23 16:50:36,581 :: INFO :: This url is already in newscrawl: http://bit.ly/2DVd8jm
2018-04-23 16:50:36,584 :: INFO :: This url is already in newscrawl: http://www.reuters.com/article/us-philippines-politics-robredo-idUSKBN1411NN?feedType=RSS&feedName=worldNews&utm_source=dlvr.it&utm_medium=twitter
2018-04-23 16:50:36,588 :: INFO :: This url is already in newscrawl: http://www.thehindu.com/news/Heavy-rains-likely-over-north-interior-T.N.-south-Karnataka-and-north-Kerala/article16793334.ece
2018-04-23 16:50:36,591 :: INFO :: This url is already in newscrawl: https://www.cbsnews.com/news/2-cops-shot-but-shoot-back-while-serving-drugs-search-warrant-in-georgia/
2018-04-23 16:50:36,593 :: INFO :: This url is already in newscrawl: http://www.reuters.com/article/idUSASC09MY8?type=companyNews&feedType=RSS&feedName=companyNews
2018-04-23 16:50:36,597 :: INFO :: This url is already in newscrawl: http://www.taipeitimes.com/News/biz/print/2008/02/23/2003402550
2018-04-23 16:50:36,599 :: INFO :: This url is already in newscrawl: https://www.washingtonpost.com/world/chinese-paper-calls-trump-as-ignorant-as-a-childafter-taiwan-comment/2016/12/12/d91fbaea-c02c-11e6-b20d-3075b273feeb_story.html
2018-04-23 16:50:36,601 :: INFO :: This url is already in newscrawl: http://www.independent.co.uk/news/uk/home-news/national-action-british-neo-nazi-group-to-be-classed-as-terror-organisation-and-banned-first-time-a7468136.html
2018-04-23 16:50:36,604 :: INFO :: This url is already in newscrawl: https://www.washingtonpost.com/blogs/plum-line/wp/2016/12/12/top-republicans-respond-to-russia-news-with-ludicrous-and-dangerous-spin/?utm_term=.f8366a27fc42
2018-04-23 16:50:36,612 :: INFO :: Failed enough in failsSD: https://www.alternet.org/activism/8-strategies-confronting-hate-dont-involve-safety-pin
2018-04-23 16:50:36,619 :: INFO :: This url is already in newscrawl: https://www.theguardian.com/australia-news/2016/dec/12/dylan-voller-says-he-felt-defenceless-panicked-restraint-chair-don-dale-northern-territory?CMP=share_btn_tw
2018-04-23 16:50:36,625 :: INFO :: This url is already in newscrawl: https://www.theguardian.com/us-news/2016/dec/12/american-muslims-march-white-house-nseers?utm_source=dlvr.it&utm_medium=twitter
2018-04-23 16:50:36,630 :: INFO :: This url is already in newscrawl: https://www.theguardian.com/us-news/2016/dec/12/donald-trump-environment-climate-change-skeptics?CMP=Share_AndroidApp_Tweet
2018-04-23 16:50:36,632 :: INFO :: This url is already in newscrawl: http://www.reuters.com/article/us-eu-congo-sanctions-idUSKBN1411RY?feedType=RSS&feedName=worldNews&utm_source=dlvr.it&utm_medium=twitter
2018-04-23 16:50:36,633 :: INFO :: This url is already in newscrawl: http://www.truth-out.org/opinion/item/38682-socialism-for-the-rich-capitalism-for-the-poor-an-interview-with-noam-chomsky
2018-04-23 16:50:36,634 :: INFO :: This url is already in newscrawl: http://www.corrections.com/articles/45006?utm_source=dlvr.it&utm_medium=twitter
2018-04-23 16:50:36,635 :: INFO :: This url is already in newscrawl: https://www.huffingtonpost.com/entry/natasha-stoynoff-donald-trump-witnesses-people-magazine_us_58067448e4b0b994d4c21138?ncid=engmodushpmg00000004
2018-04-23 16:50:36,640 :: INFO :: This url is already in newscrawl: https://www.theguardian.com/global-development/2017/jan/13/human-rights-abuses-bahrain-cast-shadow-over-2m-uk-aid-support
2018-04-23 16:50:36,642 :: INFO :: This url is already in newscrawl: http://www.breitbart.com/big-government/2017/01/14/tancredo-report-reveals-massive-indoctrination-students-universities-transformative-civic-engagement/
2018-04-23 16:50:36,643 :: INFO :: This url is already in newscrawl: https://www.christiancentury.org/blog-post/how-king%E2%80%99s-political-vision-became-politically-irrelevant
2018-04-23 16:50:36,644 :: INFO :: This url is already in newscrawl: http://guardian.ng/news/borno-bans-sales-of-charcoal-firewood-on-streets/?F
2018-04-23 16:50:36,645 :: INFO :: This url is already in newscrawl: https://www.forbes.com/sites/insertcoin/2017/01/15/how-to-fix-pokemon-gos-annoying-ios-audio-dampening-bug/?utm_source=yahoo&utm_medium=partner&utm_campaign=yahootix&partner=yahootix#7ebfead722d3
2018-04-23 16:50:36,646 :: INFO :: This url is already in newscrawl: http://www.telegraph.co.uk/news/2017/01/15/anis-amri-high-ecstasy-cocaine-berlin-market-attack/
2018-04-23 16:50:36,648 :: INFO :: This url is already in newscrawl: https://www.fastcompany.com/3066849/qualcomm-drones-vr-cars-satellites
2018-04-23 16:50:36,649 :: INFO :: This url is already in newscrawl: http://mashable.com/2017/01/14/niagara-falls-runs-dry/?utm_cid=hp-h-7#g4HW5mbDX5qj
2018-04-23 16:50:36,650 :: INFO :: This url is already in newscrawl: http://www.miamiherald.com/news/nation-world/world/americas/guantanamo/article123591209.html
2018-04-23 16:50:36,651 :: INFO :: This url is already in newscrawl: http://www.presidency.ucsb.edu/ws/index.php?pid=14392&st=&st1=
2018-04-23 16:50:36,653 :: INFO :: This url is already in newscrawl: https://www.huffingtonpost.com/entry/cornell-william-brooks-donald-trump_us_587a8a9ae4b09281d0eb4a51?ncid=engmodushpmg00000004
2018-04-23 16:50:36,654 :: INFO :: This url is already in newscrawl: https://hotair.com/archives/2017/01/15/latest-hot-rumor-trump-to-boot-the-press-corps-from-the-white-house/
2018-04-23 16:50:36,655 :: INFO :: This url is already in newscrawl: http://news.sky.com/story/hunt-to-get-15m-payout-from-hotcourses-sale-amid-nhs-crisis-10730426
2018-04-23 16:50:36,656 :: INFO :: This url is already in newscrawl: https://www.huffingtonpost.com/entry/mike-coffman-pushback-obamacare-repeal_us_587b8ca4e4b09281d0eb5f7c?ncid=engmodushpmg00000004
2018-04-23 16:50:36,657 :: INFO :: This url is already in newscrawl: http://www.express.co.uk/showbiz/tv-radio/754491/Celebrity-Big-Brother-2017-Calum-Best-evicted-next-one-way-ticket-James-Jordan-CBB
2018-04-23 16:50:36,661 :: INFO :: Failed enough in failsSD: http://www.wnd.com/2017/01/social-justice-incompatible-with-end-times-focus/
2018-04-23 16:50:36,663 :: INFO :: This url is already in newscrawl: https://www.policeone.com/patrol-issues/articles/279911006-Ponch-and-Jon-are-back-in-CHiPs-movie-trailer/?utm_source=dlvr.it&utm_medium=twitter
2018-04-23 16:50:36,664 :: INFO :: This url is already in newscrawl: http://www.star-telegram.com/news/state/texas/article126536929.html
2018-04-23 16:50:36,666 :: INFO :: This url is already in newscrawl: http://www.express.co.uk/news/uk/754196/army-housing-soldiers-hotels-taxpayers-accommodation-crisis
2018-04-23 16:50:36,668 :: INFO :: This url is already in newscrawl: https://www.yahoo.com/news/germanys-merkel-warns-trump-against-protectionism-140002428.html
2018-04-23 16:50:36,670 :: INFO :: This url is already in newscrawl: http://www.hindustantimes.com/india-news/singham-redux-mp-town-protests-transfer-of-ips-officer-who-busted-hawala-racket/story-H2r6eRSVirSexihx2eTReI.html
2018-04-23 16:50:36,670 :: INFO :: This url is already in newscrawl: http://www.cbc.ca/1.3935762-
2018-04-23 16:50:36,671 :: INFO :: This url is already in newscrawl: http://insider.foxnews.com/2017/01/14/bikers-trump-wall-meat-inauguration-day-protests-donald-trump
2018-04-23 16:50:36,671 :: INFO :: This url is already in newscrawl: http://www.newsmax.com/MichaelReagan/democrats-russia-ronald-reagan/2016/12/13/id/763730/
2018-04-23 16:50:36,672 :: INFO :: This url is already in newscrawl: https://globalnews.ca/news/3181741/twitter-has-discussed-the-idea-of-banning-donald-trump-report/
2018-04-23 16:50:36,674 :: INFO :: This url is already in newscrawl: http://bleacherreport.com/articles/2687020-australian-open-2017-tv-schedule-day-by-day-listings-for-entire-tournament?utm_source=dlvr.it&utm_medium=twitter
2018-04-23 16:50:36,674 :: INFO :: This url is already in newscrawl: http://observer.com/2017/01/the-clinton-foundation-shuts-down-clinton-global-initiative/#.WHu7nNecaWg.twitter
2018-04-23 16:50:36,677 :: INFO :: This url is already in newscrawl: https://www.theguardian.com/world/2017/jan/15/democrats-inauguration-boycott-john-lewis-trump?CMP=share_btn_tw
2018-04-23 16:50:36,678 :: INFO :: This url is already in newscrawl: https://www.dailykos.com/stories/2017/1/15/1620767/-Watch-a-Republican-Congressman-run-away-from-his-own-meeting-after-huge-turnout-from-constituents
2018-04-23 16:50:36,681 :: INFO :: This url is already in newscrawl: https://www.villagevoice.com/2017/01/11/womens-groups-demand-nypd-reopen-greenpoint-date-rape-cases/
2018-04-23 16:50:36,684 :: INFO :: Failed enough in failsSD: https://blogs.wsj.com/washwire/2017/01/10/unparalleled-resistance-looms-for-trump-after-the-inaugural/
2018-04-23 16:50:36,685 :: INFO :: This url is already in newscrawl: https://www.haaretz.com/israel-news/.premium-1.764782
2018-04-23 16:50:36,685 :: INFO :: This url is already in newscrawl: http://www.sportsnet.ca/hockey/nhl/breaking-jonathan-toewss-career-worst-scoring-output/
2018-04-23 16:50:36,686 :: INFO :: This url is already in newscrawl: https://www.theatlantic.com/international/archive/2017/01/kompromat-trump-dossier/512891/?utm_source=twb
2018-04-23 16:50:36,688 :: INFO :: Failed enough in failsSD: https://www.forbes.com/forbes/welcome/?toURL=https://www.forbes.com/sites/bernardmarr/2016/09/23/how-machine-learning-big-data-and-ai-are-changing-healthcare-forever/&refURL=&referrer=
2018-04-23 16:50:36,688 :: INFO :: This url is already in newscrawl: http://www.independent.co.uk/news/uk/politics/a-c-grayling-general-strike-brexit-coup-parliament-vote-article-50-bristol-interview-remain-eu-a7527831.html
2018-04-23 16:50:36,691 :: INFO :: Failed enough in failsSD: https://naijadailyfeed.wordpress.com/2017/01/15/highlight-manchester-united-1-1-liverpool-premier-league-2017
2018-04-23 16:50:36,693 :: INFO :: Failed enough in failsSD: https://bestofticket.wordpress.com/?p=3650390
2018-04-23 16:50:36,696 :: INFO :: This url is already in newscrawl: https://www.theguardian.com/uk-news/2017/jan/15/hard-brexit-means-retiring-later-britons-warned?CMP=Share_AndroidApp_Tweet
2018-04-23 16:50:36,698 :: INFO :: This url is already in newscrawl: http://www.breitbart.com/sports/2017/01/14/nfl-preview-no-anthem-kneelers-left-save-come-back-nfl-waters/
2018-04-23 16:50:36,702 :: INFO :: This url is already in newscrawl: https://www.theguardian.com/film/2017/jan/14/emily-watson-apple-tree-yard-middle-aged-women-infidelity-sexuality
2018-04-23 16:50:36,704 :: INFO :: This url is already in newscrawl: http://www.telegraph.co.uk/gardening/how-to-grow/pikaplant-maintenance-free-plants-cheer-workplace/
2018-04-23 16:50:36,706 :: INFO :: This url is already in newscrawl: https://www.theguardian.com/global-development-professionals-network/2017/jan/14/aid-in-reverse-how-poor-countries-develop-rich-countries
2018-04-23 16:50:36,707 :: INFO :: This url is already in newscrawl: http://www.ajc.com/news/local/bishop-eddie-long-dies-aggressive-form-cancer-church-says/K7oodHbeXnjyOc3JgVuyVI/
2018-04-23 16:50:36,708 :: INFO :: This url is already in newscrawl: https://www.dailykos.com/stories/2017/01/15/1620784/-Trump-team-warns-ethics-chief-to-be-careful-about-criticizing-Trump
2018-04-23 16:50:36,710 :: INFO :: This url is already in newscrawl: https://mobile.nytimes.com/2017/01/15/arts/donald-trump-saturday-night-live.html?smid=tw-share&referer=
2018-04-23 16:50:36,711 :: INFO :: This url is already in newscrawl: https://mobile.nytimes.com/2017/01/15/us/politics/one-hand-on-light-switch-obama-isnt-flipping-to-off-just-yet.html?referer=
2018-04-23 16:50:36,712 :: INFO :: This url is already in newscrawl: http://comicbook.com/2016/11/03/starship-troopers-reboot-in-development/?utm_campaign=crowdfire&utm_content=crowdfire&utm_medium=social&utm_source=twitter
2018-04-23 16:50:36,714 :: INFO :: This url is already in newscrawl: http://wgntv.com/2017/01/14/ringling-brothers-closing-circus/
2018-04-23 16:50:36,716 :: INFO :: This url is already in newscrawl: http://www.new-magazine.co.uk/celebrity-news/976831/competition-win-a-place-at-a-bridget-jones-themed-boom-cycle-class-and-a-copy-of-the-dvd
2018-04-23 16:50:36,722 :: INFO :: Failed enough in failsSD: https://www.haaretz.com/israel-news/.premium-1.764989
