2018-03-19 14:51:23,669 :: INFO :: New params:
{
	proxyInstanciationRate: 
	{
		alpha: 0.99,
		beta: NormalizedLawBeta.LOG
	},
	parallelRequests: 1,
	browserCount: 1
}
2018-03-19 14:51:23,670 :: INFO :: Proxies instanciation (score (mean duration in seconds), ip, instanciation):
0	104.160.13.170	-
0	198.12.121.233	
0	104.144.153.56	
0	198.12.121.216	
0	107.150.70.6	
0	196.16.11.165	
0	104.160.30.179	

2018-03-19 14:51:23,948 :: ERROR :: Exception location: crawler.resetBrowsers()
Exception type: <class 'sh.ErrorReturnCode_1'>
Exception: 

  RAN: /usr/bin/pkill -f .*phantomjs.*octopeek.*

  STDOUT:


  STDERR:

Traceback (most recent call last):
  File "/home/hayj/Drive/Workspace/Python/Crawling/WebCrawler/webcrawler/crawler.py", line 724, in resetBrowsers
    sh.pkill("-f", self.phantomjsKillPattern)
  File "/home/hayj/.virtualenvs/newscrawler-venv/lib/python3.5/site-packages/sh-1.12.14-py3.5.egg/sh.py", line 1427, in __call__
    return RunningCommand(cmd, call_args, stdin, stdout, stderr)
  File "/home/hayj/.virtualenvs/newscrawler-venv/lib/python3.5/site-packages/sh-1.12.14-py3.5.egg/sh.py", line 774, in __init__
    self.wait()
  File "/home/hayj/.virtualenvs/newscrawler-venv/lib/python3.5/site-packages/sh-1.12.14-py3.5.egg/sh.py", line 792, in wait
    self.handle_command_exit_code(exit_code)
  File "/home/hayj/.virtualenvs/newscrawler-venv/lib/python3.5/site-packages/sh-1.12.14-py3.5.egg/sh.py", line 815, in handle_command_exit_code
    raise exc
sh.ErrorReturnCode_1: 

  RAN: /usr/bin/pkill -f .*phantomjs.*octopeek.*

  STDOUT:


  STDERR:


2018-03-19 14:51:23,949 :: INFO :: Aurélien-6 initialization...
2018-03-19 14:51:25,966 :: ERROR :: Aurélien-6 driver can't be init
Exception location: initSeleniumDriver
Exception type: <class 'selenium.common.exceptions.WebDriverException'>
Exception: Message: 'phantomjs' executable needs to be in PATH. 

Traceback (most recent call last):
  File "/home/hayj/.virtualenvs/newscrawler-venv/lib/python3.5/site-packages/selenium-3.10.0-py3.5.egg/selenium/webdriver/common/service.py", line 76, in start
    stdin=PIPE)
  File "/home/hayj/Programs/python-3.5.4/lib/python3.5/subprocess.py", line 676, in __init__
    restore_signals, start_new_session)
  File "/home/hayj/Programs/python-3.5.4/lib/python3.5/subprocess.py", line 1289, in _execute_child
    raise child_exception_type(errno_num, err_msg)
FileNotFoundError: [Errno 2] No such file or directory: 'phantomjs'

During handling of the above exception, another exception occurred:

Traceback (most recent call last):
  File "/home/hayj/Drive/Workspace/Python/Crawling/WebCrawler/webcrawler/browser.py", line 246, in initSeleniumDriver
    self.driver = webdriver.PhantomJS(**params)
  File "/home/hayj/.virtualenvs/newscrawler-venv/lib/python3.5/site-packages/selenium-3.10.0-py3.5.egg/selenium/webdriver/phantomjs/webdriver.py", line 56, in __init__
    self.service.start()
  File "/home/hayj/.virtualenvs/newscrawler-venv/lib/python3.5/site-packages/selenium-3.10.0-py3.5.egg/selenium/webdriver/common/service.py", line 83, in start
    os.path.basename(self.path), self.start_error_message)
selenium.common.exceptions.WebDriverException: Message: 'phantomjs' executable needs to be in PATH. 


During handling of the above exception, another exception occurred:

Traceback (most recent call last):
  File "/home/hayj/.virtualenvs/newscrawler-venv/lib/python3.5/site-packages/selenium-3.10.0-py3.5.egg/selenium/webdriver/common/service.py", line 76, in start
    stdin=PIPE)
  File "/home/hayj/Programs/python-3.5.4/lib/python3.5/subprocess.py", line 676, in __init__
    restore_signals, start_new_session)
  File "/home/hayj/Programs/python-3.5.4/lib/python3.5/subprocess.py", line 1289, in _execute_child
    raise child_exception_type(errno_num, err_msg)
FileNotFoundError: [Errno 2] No such file or directory: 'phantomjs'

During handling of the above exception, another exception occurred:

Traceback (most recent call last):
  File "/home/hayj/Drive/Workspace/Python/Crawling/WebCrawler/webcrawler/browser.py", line 246, in initSeleniumDriver
    self.driver = webdriver.PhantomJS(**params)
  File "/home/hayj/.virtualenvs/newscrawler-venv/lib/python3.5/site-packages/selenium-3.10.0-py3.5.egg/selenium/webdriver/phantomjs/webdriver.py", line 56, in __init__
    self.service.start()
  File "/home/hayj/.virtualenvs/newscrawler-venv/lib/python3.5/site-packages/selenium-3.10.0-py3.5.egg/selenium/webdriver/common/service.py", line 83, in start
    os.path.basename(self.path), self.start_error_message)
selenium.common.exceptions.WebDriverException: Message: 'phantomjs' executable needs to be in PATH. 


2018-03-19 14:52:58,265 :: INFO :: New params:
{
	proxyInstanciationRate: 
	{
		beta: NormalizedLawBeta.LOG,
		alpha: 0.99
	},
	parallelRequests: 1,
	browserCount: 1
}
2018-03-19 14:52:58,266 :: INFO :: Proxies instanciation (score (mean duration in seconds), ip, instanciation):
0	104.144.153.56	-
0	107.150.70.6	
0	196.16.11.165	
0	104.160.30.179	
0	198.12.121.216	
0	198.12.121.233	
0	104.160.13.170	

2018-03-19 14:52:58,266 :: ERROR :: Exception location: crawler.resetBrowsers()
Exception type: <class 'sh.CommandNotFound'>
Exception: pkill
Traceback (most recent call last):
  File "/home/hayj/Drive/Workspace/Python/Crawling/WebCrawler/webcrawler/crawler.py", line 724, in resetBrowsers
    sh.pkill("-f", self.phantomjsKillPattern)
  File "/home/hayj/.virtualenvs/newscrawler-venv/lib/python3.5/site-packages/sh-1.12.14-py3.5.egg/sh.py", line 3349, in __getattr__
    return self.__env[name]
  File "/home/hayj/.virtualenvs/newscrawler-venv/lib/python3.5/site-packages/sh-1.12.14-py3.5.egg/sh.py", line 3226, in __getitem__
    raise CommandNotFound(k)
sh.CommandNotFound: pkill

2018-03-19 14:52:58,267 :: INFO :: Thomas-12 initialization...
2018-03-19 14:53:51,890 :: INFO :: New params:
{
	proxyInstanciationRate: 
	{
		alpha: 0.99,
		beta: NormalizedLawBeta.LOG
	},
	browserCount: 1,
	parallelRequests: 1
}
2018-03-19 14:53:51,891 :: INFO :: Proxies instanciation (score (mean duration in seconds), ip, instanciation):
0	104.160.13.170	-
0	104.160.30.179	
0	104.144.153.56	
0	198.12.121.216	
0	196.16.11.165	
0	107.150.70.6	
0	198.12.121.233	

2018-03-19 14:53:51,892 :: ERROR :: Exception location: crawler.resetBrowsers()
Exception type: <class 'sh.CommandNotFound'>
Exception: pkill
Traceback (most recent call last):
  File "/home/hayj/Drive/Workspace/Python/Crawling/WebCrawler/webcrawler/crawler.py", line 724, in resetBrowsers
    sh.pkill("-f", self.phantomjsKillPattern)
  File "/home/hayj/.virtualenvs/newscrawler-venv/lib/python3.5/site-packages/sh-1.12.14-py3.5.egg/sh.py", line 3349, in __getattr__
    return self.__env[name]
  File "/home/hayj/.virtualenvs/newscrawler-venv/lib/python3.5/site-packages/sh-1.12.14-py3.5.egg/sh.py", line 3226, in __getitem__
    raise CommandNotFound(k)
sh.CommandNotFound: pkill

2018-03-19 14:53:51,893 :: INFO :: Nadia-17 initialization...
2018-03-19 14:58:53,485 :: INFO :: New params:
{
	parallelRequests: 1,
	browserCount: 1,
	proxyInstanciationRate: 
	{
		beta: NormalizedLawBeta.LOG,
		alpha: 0.99
	}
}
2018-03-19 14:58:59,593 :: INFO :: Proxies instanciation (score (mean duration in seconds), ip, instanciation):
0	107.150.70.6	-
0	196.16.11.165	
0	104.144.153.56	
0	198.12.121.216	
0	198.12.121.233	
0	104.160.13.170	
0	104.160.30.179	

2018-03-19 14:59:08,110 :: ERROR :: Exception location: crawler.resetBrowsers()
Exception type: <class 'sh.CommandNotFound'>
Exception: pkill
Traceback (most recent call last):
  File "/home/hayj/Drive/Workspace/Python/Crawling/WebCrawler/webcrawler/crawler.py", line 724, in resetBrowsers
    sh.pkill("-f", self.phantomjsKillPattern)
  File "/home/hayj/.virtualenvs/newscrawler-venv/lib/python3.5/site-packages/sh-1.12.14-py3.5.egg/sh.py", line 3349, in __getattr__
    return self.__env[name]
  File "/home/hayj/.virtualenvs/newscrawler-venv/lib/python3.5/site-packages/sh-1.12.14-py3.5.egg/sh.py", line 3226, in __getitem__
    raise CommandNotFound(k)
sh.CommandNotFound: pkill

2018-03-19 14:59:46,155 :: INFO :: Jérôme-72 initialization...
2018-03-19 15:02:22,107 :: INFO :: New params:
{
	proxyInstanciationRate: 
	{
		beta: NormalizedLawBeta.LOG,
		alpha: 0.99
	},
	parallelRequests: 1,
	browserCount: 1
}
2018-03-19 15:02:22,108 :: INFO :: Proxies instanciation (score (mean duration in seconds), ip, instanciation):
0	198.12.121.233	-
0	104.160.13.170	
0	104.160.30.179	
0	198.12.121.216	
0	107.150.70.6	
0	104.144.153.56	
0	196.16.11.165	

2018-03-19 15:02:22,109 :: ERROR :: Exception location: crawler.resetBrowsers()
Exception type: <class 'sh.CommandNotFound'>
Exception: pkill
Traceback (most recent call last):
  File "/home/hayj/Drive/Workspace/Python/Crawling/WebCrawler/webcrawler/crawler.py", line 724, in resetBrowsers
    sh.pkill("-f", self.phantomjsKillPattern)
  File "/home/hayj/.virtualenvs/newscrawler-venv/lib/python3.5/site-packages/sh-1.12.14-py3.5.egg/sh.py", line 3349, in __getattr__
    return self.__env[name]
  File "/home/hayj/.virtualenvs/newscrawler-venv/lib/python3.5/site-packages/sh-1.12.14-py3.5.egg/sh.py", line 3226, in __getitem__
    raise CommandNotFound(k)
sh.CommandNotFound: pkill

2018-03-19 15:02:22,110 :: INFO :: Marion-64 initialization...
2018-03-19 15:02:23,679 :: INFO :: Marion-64 just slept 0.54318277 seconds because it's the first request for this browser.
2018-03-19 15:02:23,789 :: INFO :: Marion-64 just slept 0.10994435 seconds before requesting http://www.reuters.com/article/us-philippines-politics-robredo-idUSKBN1411NN?feedType=RSS&feedName=worldNews&utm_source=dlvr.it&utm_medium=twitter
2018-03-19 15:02:40,582 :: INFO :: success from Marion-64 (198.12.121.233) http://www.reuters.com/article/us-philippines-politics-robredo-idUSKBN1411NN?feedType=RSS&feedName=worldNews&utm_source=dlvr.it&utm_medium=twitter
2018-03-19 15:03:01,657 :: INFO :: End.
2018-03-19 15:03:01,658 :: INFO :: 1 unique urls were crawled during this session
2018-03-19 15:03:01,658 :: INFO :: urlsFailedNotEnough:
2018-03-19 15:03:01,659 :: INFO :: []
2018-03-19 15:03:01,659 :: INFO :: urlsFailedEnough:
2018-03-19 15:03:01,659 :: INFO :: []
2018-03-19 15:03:23,072 :: INFO :: New params:
{
	browserCount: 1,
	proxyInstanciationRate: 
	{
		beta: NormalizedLawBeta.LOG,
		alpha: 0.99
	},
	parallelRequests: 1
}
2018-03-19 15:03:23,073 :: INFO :: Proxies instanciation (score (mean duration in seconds), ip, instanciation):
0	104.160.13.170	-
0	104.144.153.56	
0	196.16.11.165	
0	107.150.70.6	
0	198.12.121.216	
0	198.12.121.233	
0	104.160.30.179	

2018-03-19 15:03:23,073 :: ERROR :: Exception location: crawler.resetBrowsers()
Exception type: <class 'sh.CommandNotFound'>
Exception: pkill
Traceback (most recent call last):
  File "/home/hayj/Drive/Workspace/Python/Crawling/WebCrawler/webcrawler/crawler.py", line 724, in resetBrowsers
    sh.pkill("-f", self.phantomjsKillPattern)
  File "/home/hayj/.virtualenvs/newscrawler-venv/lib/python3.5/site-packages/sh-1.12.14-py3.5.egg/sh.py", line 3349, in __getattr__
    return self.__env[name]
  File "/home/hayj/.virtualenvs/newscrawler-venv/lib/python3.5/site-packages/sh-1.12.14-py3.5.egg/sh.py", line 3226, in __getitem__
    raise CommandNotFound(k)
sh.CommandNotFound: pkill

2018-03-19 15:05:14,406 :: INFO :: New params:
{
	browserCount: 1,
	proxyInstanciationRate: 
	{
		beta: NormalizedLawBeta.LOG,
		alpha: 0.99
	},
	parallelRequests: 1
}
2018-03-19 15:05:14,407 :: INFO :: Proxies instanciation (score (mean duration in seconds), ip, instanciation):
0	104.160.30.179	-
0	107.150.70.6	
0	104.160.13.170	
0	198.12.121.233	
0	196.16.11.165	
0	104.144.153.56	
0	198.12.121.216	

2018-03-19 15:05:14,408 :: ERROR :: Exception location: crawler.resetBrowsers()
Exception type: <class 'sh.CommandNotFound'>
Exception: pkill
Traceback (most recent call last):
  File "/home/hayj/Drive/Workspace/Python/Crawling/WebCrawler/webcrawler/crawler.py", line 724, in resetBrowsers
    sh.pkill("-f", self.phantomjsKillPattern)
  File "/home/hayj/.virtualenvs/newscrawler-venv/lib/python3.5/site-packages/sh-1.12.14-py3.5.egg/sh.py", line 3349, in __getattr__
    return self.__env[name]
  File "/home/hayj/.virtualenvs/newscrawler-venv/lib/python3.5/site-packages/sh-1.12.14-py3.5.egg/sh.py", line 3226, in __getitem__
    raise CommandNotFound(k)
sh.CommandNotFound: pkill

2018-03-19 15:05:46,007 :: INFO :: New params:
{
	proxyInstanciationRate: 
	{
		alpha: 0.99,
		beta: NormalizedLawBeta.LOG
	},
	parallelRequests: 1,
	browserCount: 1
}
2018-03-19 15:05:46,007 :: INFO :: Proxies instanciation (score (mean duration in seconds), ip, instanciation):
0	104.144.153.56	-
0	196.16.11.165	
0	104.160.13.170	
0	107.150.70.6	
0	198.12.121.233	
0	104.160.30.179	
0	198.12.121.216	

2018-03-19 15:05:46,008 :: ERROR :: Exception location: crawler.resetBrowsers()
Exception type: <class 'sh.CommandNotFound'>
Exception: pkill
Traceback (most recent call last):
  File "/home/hayj/Drive/Workspace/Python/Crawling/WebCrawler/webcrawler/crawler.py", line 724, in resetBrowsers
    sh.pkill("-f", self.phantomjsKillPattern)
  File "/home/hayj/.virtualenvs/newscrawler-venv/lib/python3.5/site-packages/sh-1.12.14-py3.5.egg/sh.py", line 3349, in __getattr__
    return self.__env[name]
  File "/home/hayj/.virtualenvs/newscrawler-venv/lib/python3.5/site-packages/sh-1.12.14-py3.5.egg/sh.py", line 3226, in __getitem__
    raise CommandNotFound(k)
sh.CommandNotFound: pkill

2018-03-19 15:06:03,364 :: INFO :: New params:
{
	browserCount: 1,
	proxyInstanciationRate: 
	{
		beta: NormalizedLawBeta.LOG,
		alpha: 0.99
	},
	parallelRequests: 1
}
2018-03-19 15:06:03,364 :: INFO :: Proxies instanciation (score (mean duration in seconds), ip, instanciation):
0	198.12.121.233	-
0	104.160.13.170	
0	104.144.153.56	
0	107.150.70.6	
0	104.160.30.179	
0	198.12.121.216	
0	196.16.11.165	

2018-03-19 15:06:03,365 :: ERROR :: Exception location: crawler.resetBrowsers()
Exception type: <class 'sh.CommandNotFound'>
Exception: pkill
Traceback (most recent call last):
  File "/home/hayj/Drive/Workspace/Python/Crawling/WebCrawler/webcrawler/crawler.py", line 724, in resetBrowsers
    sh.pkill("-f", self.phantomjsKillPattern)
  File "/home/hayj/.virtualenvs/newscrawler-venv/lib/python3.5/site-packages/sh-1.12.14-py3.5.egg/sh.py", line 3349, in __getattr__
    return self.__env[name]
  File "/home/hayj/.virtualenvs/newscrawler-venv/lib/python3.5/site-packages/sh-1.12.14-py3.5.egg/sh.py", line 3226, in __getitem__
    raise CommandNotFound(k)
sh.CommandNotFound: pkill

2018-03-19 15:07:37,029 :: INFO :: New params:
{
	proxyInstanciationRate: 
	{
		alpha: 0.99,
		beta: NormalizedLawBeta.LOG
	},
	browserCount: 1,
	parallelRequests: 1
}
2018-03-19 15:07:37,031 :: INFO :: Proxies instanciation (score (mean duration in seconds), ip, instanciation):
0	104.144.153.56	-
0	198.12.121.216	
0	198.12.121.233	
0	104.160.13.170	
0	104.160.30.179	
0	107.150.70.6	
0	196.16.11.165	

2018-03-19 15:08:54,951 :: INFO :: New params:
{
	proxyInstanciationRate: 
	{
		alpha: 0.99,
		beta: NormalizedLawBeta.LOG
	},
	browserCount: 1,
	parallelRequests: 1
}
2018-03-19 15:08:54,952 :: INFO :: Proxies instanciation (score (mean duration in seconds), ip, instanciation):
0	104.144.153.56	-
0	107.150.70.6	
0	198.12.121.233	
0	104.160.30.179	
0	104.160.13.170	
0	196.16.11.165	
0	198.12.121.216	

2018-03-19 15:10:04,855 :: INFO :: New params:
{
	proxyInstanciationRate: 
	{
		beta: NormalizedLawBeta.LOG,
		alpha: 0.99
	},
	browserCount: 1,
	parallelRequests: 1
}
2018-03-19 15:10:08,363 :: INFO :: Proxies instanciation (score (mean duration in seconds), ip, instanciation):
0	104.160.30.179	-
0	104.144.153.56	
0	196.16.11.165	
0	104.160.13.170	
0	107.150.70.6	
0	198.12.121.216	
0	198.12.121.233	

2018-03-19 15:14:01,547 :: INFO :: New params:
{
	browserCount: 1,
	parallelRequests: 1,
	proxyInstanciationRate: 
	{
		beta: NormalizedLawBeta.LOG,
		alpha: 0.99
	}
}
2018-03-19 15:14:01,548 :: INFO :: Proxies instanciation (score (mean duration in seconds), ip, instanciation):
0	198.12.121.216	-
0	107.150.70.6	
0	196.16.11.165	
0	104.160.13.170	
0	198.12.121.233	
0	104.144.153.56	
0	104.160.30.179	

2018-03-19 15:14:03,109 :: INFO :: Corinne-10 just slept 1.55760637 seconds because it's the first request for this browser.
2018-03-19 15:14:03,331 :: INFO :: Corinne-10 just slept 0.2216323 seconds before requesting http://www.reuters.com/article/us-philippines-politics-robredo-idUSKBN1411NN?feedType=RSS&feedName=worldNews&utm_source=dlvr.it&utm_medium=twitter
2018-03-19 15:14:26,562 :: INFO :: End.
2018-03-19 15:14:26,562 :: INFO :: 1 unique urls were crawled during this session
2018-03-19 15:14:26,563 :: INFO :: urlsFailedNotEnough:
2018-03-19 15:14:26,563 :: INFO :: []
2018-03-19 15:14:26,563 :: INFO :: urlsFailedEnough:
2018-03-19 15:14:26,564 :: INFO :: []
2018-03-19 15:21:00,622 :: INFO :: New params:
{
	proxyInstanciationRate: 
	{
		alpha: 0.99,
		beta: NormalizedLawBeta.LOG
	},
	parallelRequests: 1,
	browserCount: 1
}
2018-03-19 15:21:00,622 :: INFO :: Proxies instanciation (score (mean duration in seconds), ip, instanciation):
0	198.12.121.233	-
0	107.150.70.6	
0	198.12.121.216	
0	104.144.153.56	
0	196.16.11.165	
0	104.160.13.170	
0	104.160.30.179	

2018-03-19 15:21:03,991 :: INFO :: Chantal-59 just slept 3.36605102 seconds because it's the first request for this browser.
2018-03-19 15:21:04,290 :: INFO :: Chantal-59 just slept 0.29885119 seconds before requesting http://www.reuters.com/article/us-philippines-politics-robredo-idUSKBN1411NN?feedType=RSS&feedName=worldNews&utm_source=dlvr.it&utm_medium=twitter
2018-03-19 15:22:02,051 :: INFO :: New params:
{
	proxyInstanciationRate: 
	{
		alpha: 0.99,
		beta: NormalizedLawBeta.LOG
	},
	parallelRequests: 1,
	browserCount: 1
}
2018-03-19 15:22:02,052 :: INFO :: Proxies instanciation (score (mean duration in seconds), ip, instanciation):
0	198.12.121.233	-
0	198.12.121.216	
0	104.160.30.179	
0	104.144.153.56	
0	196.16.11.165	
0	107.150.70.6	
0	104.160.13.170	

2018-03-19 15:22:06,881 :: INFO :: Florence-64 just slept 4.82502451 seconds because it's the first request for this browser.
2018-03-19 15:22:07,094 :: INFO :: Florence-64 just slept 0.21238131 seconds before requesting http://www.reuters.com/article/us-philippines-politics-robredo-idUSKBN1411NN?feedType=RSS&feedName=worldNews&utm_source=dlvr.it&utm_medium=twitter
2018-03-19 15:22:30,327 :: INFO :: New params:
{
	browserCount: 3,
	parallelRequests: 3,
	proxyInstanciationRate: 
	{
		beta: NormalizedLawBeta.LOG,
		alpha: 0.99
	}
}
2018-03-19 15:22:30,328 :: INFO :: Proxies instanciation (score (mean duration in seconds), ip, instanciation):
0	104.144.153.56	-
0	198.12.121.216	-
0	104.160.13.170	-
0	107.150.70.6	
0	198.12.121.233	
0	104.160.30.179	
0	196.16.11.165	

2018-03-19 15:22:30,800 :: INFO :: Sylvain-87 just slept 0.46707783 seconds because it's the first request for this browser.
2018-03-19 15:22:31,064 :: INFO :: Sylvain-87 just slept 0.26331679 seconds before requesting https://www.cbsnews.com/news/2-cops-shot-but-shoot-back-while-serving-drugs-search-warrant-in-georgia/
2018-03-19 15:22:31,242 :: INFO :: Michaël-41 just slept 0.90856999 seconds because it's the first request for this browser.
2018-03-19 15:22:31,393 :: INFO :: Michaël-41 just slept 0.15028598 seconds before requesting http://www.thehindu.com/news/Heavy-rains-likely-over-north-interior-T.N.-south-Karnataka-and-north-Kerala/article16793334.ece
2018-03-19 15:22:34,984 :: INFO :: Jean-Paul-20 just slept 4.64213736 seconds because it's the first request for this browser.
2018-03-19 15:22:35,113 :: INFO :: Jean-Paul-20 just slept 0.12871557 seconds before requesting http://www.reuters.com/article/us-philippines-politics-robredo-idUSKBN1411NN?feedType=RSS&feedName=worldNews&utm_source=dlvr.it&utm_medium=twitter
2018-03-19 15:22:36,378 :: INFO :: Michaël-41 just slept 0.12931377 seconds before requesting http://www.taipeitimes.com/News/biz/print/2008/02/23/2003402550
2018-03-19 15:22:36,421 :: INFO :: Sylvain-87 just slept 0.17184213 seconds before requesting http://www.reuters.com/article/idUSASC09MY8?type=companyNews&feedType=RSS&feedName=companyNews
2018-03-19 15:22:36,550 :: INFO :: Jean-Paul-20 just slept 0.186274 seconds before requesting https://www.washingtonpost.com/world/chinese-paper-calls-trump-as-ignorant-as-a-childafter-taiwan-comment/2016/12/12/d91fbaea-c02c-11e6-b20d-3075b273feeb_story.html
2018-03-19 15:22:37,384 :: INFO :: Michaël-41 just slept 0.1940603 seconds before requesting http://www.independent.co.uk/news/uk/home-news/national-action-british-neo-nazi-group-to-be-classed-as-terror-organisation-and-banned-first-time-a7468136.html
2018-03-19 15:22:39,372 :: INFO :: Sylvain-87 just slept 0.18225896 seconds before requesting https://www.alternet.org/activism/8-strategies-confronting-hate-dont-involve-safety-pin
2018-03-19 15:22:39,386 :: INFO :: Jean-Paul-20 just slept 0.19594369 seconds before requesting https://www.washingtonpost.com/blogs/plum-line/wp/2016/12/12/top-republicans-respond-to-russia-news-with-ludicrous-and-dangerous-spin/?utm_term=.f8366a27fc42
2018-03-19 15:22:40,660 :: INFO :: Michaël-41 just slept 0.15188157 seconds before requesting https://www.theguardian.com/australia-news/2016/dec/12/dylan-voller-says-he-felt-defenceless-panicked-restraint-chair-don-dale-northern-territory?CMP=share_btn_tw
2018-03-19 15:22:40,761 :: INFO :: Sylvain-87 just slept 0.2575884 seconds before requesting https://www.alternet.org/activism/8-strategies-confronting-hate-dont-involve-safety-pin
2018-03-19 15:23:07,513 :: INFO :: End.
2018-03-19 15:23:07,513 :: WARNING :: These urls failed:
{
	{
	extraData: None,
	data: "https://www.alternet.org/activism/8-strategies-confronting-hate-dont-involve-safety-pin",
	type: TYPE.uniqueUrl
}: 2
}
2018-03-19 15:23:07,513 :: INFO :: 9 unique urls were crawled during this session
2018-03-19 15:23:07,514 :: INFO :: urlsFailedNotEnough:
2018-03-19 15:23:07,514 :: INFO :: []
2018-03-19 15:23:07,514 :: INFO :: urlsFailedEnough:
2018-03-19 15:23:07,514 :: INFO :: [
	{
	extraData: None,
	data: "https://www.alternet.org/activism/8-strategies-confronting-hate-dont-involve-safety-pin",
	type: TYPE.uniqueUrl
}
]
2018-03-19 15:23:35,507 :: INFO :: New params:
{
	parallelRequests: 3,
	proxyInstanciationRate: 
	{
		beta: NormalizedLawBeta.LOG,
		alpha: 0.99
	},
	browserCount: 3
}
2018-03-19 15:23:35,508 :: INFO :: Proxies instanciation (score (mean duration in seconds), ip, instanciation):
0	104.160.13.170	-
0	198.12.121.216	-
0	198.12.121.233	-
0	196.16.11.165	
0	104.160.30.179	
0	107.150.70.6	
0	104.144.153.56	

2018-03-19 15:23:35,510 :: INFO :: Léa-79 initialization...
2018-03-19 15:23:35,511 :: INFO :: Vincent-56 initialization...
2018-03-19 15:23:35,511 :: INFO :: Claire-54 initialization...
2018-03-19 15:23:36,941 :: INFO :: Léa-79 just slept 0.37147678 seconds because it's the first request for this browser.
2018-03-19 15:23:37,051 :: INFO :: Léa-79 just slept 0.10865249 seconds before requesting https://www.cbsnews.com/news/2-cops-shot-but-shoot-back-while-serving-drugs-search-warrant-in-georgia/
2018-03-19 15:23:37,478 :: INFO :: Vincent-56 just slept 0.90843662 seconds because it's the first request for this browser.
2018-03-19 15:23:37,595 :: INFO :: Vincent-56 just slept 0.11601728 seconds before requesting http://www.thehindu.com/news/Heavy-rains-likely-over-north-interior-T.N.-south-Karnataka-and-north-Kerala/article16793334.ece
2018-03-19 15:23:39,618 :: INFO :: Claire-54 just slept 3.04552812 seconds because it's the first request for this browser.
2018-03-19 15:23:39,893 :: INFO :: Claire-54 just slept 0.2745408 seconds before requesting http://www.reuters.com/article/us-philippines-politics-robredo-idUSKBN1411NN?feedType=RSS&feedName=worldNews&utm_source=dlvr.it&utm_medium=twitter
2018-03-19 15:23:49,792 :: INFO :: success from Léa-79 (104.160.13.170) https://www.cbsnews.com/news/2-cops-shot-but-shoot-back-while-serving-drugs-search-warrant-in-georgia/
2018-03-19 15:23:50,635 :: INFO :: Léa-79 just slept 0.12809084 seconds before requesting http://www.reuters.com/article/idUSASC09MY8?type=companyNews&feedType=RSS&feedName=companyNews
2018-03-19 15:23:51,727 :: INFO :: success from Claire-54 (198.12.121.233) http://www.reuters.com/article/us-philippines-politics-robredo-idUSKBN1411NN?feedType=RSS&feedName=worldNews&utm_source=dlvr.it&utm_medium=twitter
2018-03-19 15:23:52,031 :: INFO :: Claire-54 just slept 0.20950942 seconds before requesting http://www.taipeitimes.com/News/biz/print/2008/02/23/2003402550
2018-03-19 15:23:56,151 :: INFO :: success from Vincent-56 (198.12.121.216) http://www.thehindu.com/news/Heavy-rains-likely-over-north-interior-T.N.-south-Karnataka-and-north-Kerala/article16793334.ece
2018-03-19 15:23:56,640 :: INFO :: Vincent-56 just slept 0.28549362 seconds before requesting https://www.washingtonpost.com/world/chinese-paper-calls-trump-as-ignorant-as-a-childafter-taiwan-comment/2016/12/12/d91fbaea-c02c-11e6-b20d-3075b273feeb_story.html
2018-03-19 15:23:59,684 :: INFO :: success from Claire-54 (198.12.121.233) http://www.taipeitimes.com/News/biz/print/2008/02/23/2003402550
2018-03-19 15:23:59,935 :: INFO :: Claire-54 just slept 0.21701451 seconds before requesting http://www.independent.co.uk/news/uk/home-news/national-action-british-neo-nazi-group-to-be-classed-as-terror-organisation-and-banned-first-time-a7468136.html
2018-03-19 15:24:00,770 :: INFO :: success from Léa-79 (104.160.13.170) http://www.reuters.com/article/idUSASC09MY8?type=companyNews&feedType=RSS&feedName=companyNews
2018-03-19 15:24:01,155 :: INFO :: Léa-79 just slept 0.28956207 seconds before requesting https://www.washingtonpost.com/blogs/plum-line/wp/2016/12/12/top-republicans-respond-to-russia-news-with-ludicrous-and-dangerous-spin/?utm_term=.f8366a27fc42
2018-03-19 15:24:09,627 :: INFO :: success from Vincent-56 (198.12.121.216) https://www.washingtonpost.com/world/chinese-paper-calls-trump-as-ignorant-as-a-childafter-taiwan-comment/2016/12/12/d91fbaea-c02c-11e6-b20d-3075b273feeb_story.html
2018-03-19 15:24:10,087 :: INFO :: Vincent-56 just slept 0.27244148 seconds before requesting https://www.alternet.org/activism/8-strategies-confronting-hate-dont-involve-safety-pin
2018-03-19 15:24:13,084 :: INFO :: success from Léa-79 (104.160.13.170) https://www.washingtonpost.com/blogs/plum-line/wp/2016/12/12/top-republicans-respond-to-russia-news-with-ludicrous-and-dangerous-spin/?utm_term=.f8366a27fc42
2018-03-19 15:24:13,337 :: INFO :: Léa-79 just slept 0.11095087 seconds before requesting https://www.theguardian.com/australia-news/2016/dec/12/dylan-voller-says-he-felt-defenceless-panicked-restraint-chair-don-dale-northern-territory?CMP=share_btn_tw
2018-03-19 15:24:19,205 :: INFO :: success from Vincent-56 (198.12.121.216) https://www.alternet.org/activism/8-strategies-confronting-hate-dont-involve-safety-pin
2018-03-19 15:24:20,965 :: INFO :: success from Claire-54 (198.12.121.233) http://www.independent.co.uk/news/uk/home-news/national-action-british-neo-nazi-group-to-be-classed-as-terror-organisation-and-banned-first-time-a7468136.html
2018-03-19 15:24:24,496 :: INFO :: success from Léa-79 (104.160.13.170) https://www.theguardian.com/australia-news/2016/dec/12/dylan-voller-says-he-felt-defenceless-panicked-restraint-chair-don-dale-northern-territory?CMP=share_btn_tw
2018-03-19 15:24:45,949 :: INFO :: End.
2018-03-19 15:24:45,950 :: INFO :: 10 unique urls were crawled during this session
2018-03-19 15:24:45,950 :: INFO :: urlsFailedNotEnough:
2018-03-19 15:24:45,950 :: INFO :: []
2018-03-19 15:24:45,951 :: INFO :: urlsFailedEnough:
2018-03-19 15:24:45,951 :: INFO :: []
